This is pdfTeX, Version 3.14159265-2.6-1.40.20 (MiKTeX 2.9.7000 64-bit) (preloaded format=pdflatex 2019.10.13)  25 OCT 2019 08:40
entering extended mode
**./main.tex
(main.tex
LaTeX2e <2018-12-01>

("C:\Users\Ahmad Agung Tawakkal\AppData\Local\Programs\MiKTeX 2.9\tex/latex/bas
e\article.cls"
Document Class: article 2018/09/03 v1.4i Standard LaTeX document class

("C:\Users\Ahmad Agung Tawakkal\AppData\Local\Programs\MiKTeX 2.9\tex/latex/bas
e\size10.clo"
File: size10.clo 2018/09/03 v1.4i Standard LaTeX file (size option)
)
\c@part=\count80
\c@section=\count81
\c@subsection=\count82
\c@subsubsection=\count83
\c@paragraph=\count84
\c@subparagraph=\count85
\c@figure=\count86
\c@table=\count87
\abovecaptionskip=\skip41
\belowcaptionskip=\skip42
\bibindent=\dimen102
)
("C:\Users\Ahmad Agung Tawakkal\AppData\Local\Programs\MiKTeX 2.9\tex/latex/bas
e\inputenc.sty"
Package: inputenc 2018/08/11 v1.3c Input encoding file
\inpenc@prehook=\toks14
\inpenc@posthook=\toks15
)
("C:\Users\Ahmad Agung Tawakkal\AppData\Local\Programs\MiKTeX 2.9\tex/latex/flo
at\float.sty"
Package: float 2001/11/08 v1.3d Float enhancements (AL)
\c@float@type=\count88
\float@exts=\toks16
\float@box=\box27
\@float@everytoks=\toks17
\@floatcapt=\box28
)
("C:\Users\Ahmad Agung Tawakkal\AppData\Local\Programs\MiKTeX 2.9\tex/latex/gra
phics\graphicx.sty"
Package: graphicx 2017/06/01 v1.1a Enhanced LaTeX Graphics (DPC,SPQR)

("C:\Users\Ahmad Agung Tawakkal\AppData\Local\Programs\MiKTeX 2.9\tex/latex/gra
phics\keyval.sty"
Package: keyval 2014/10/28 v1.15 key=value parser (DPC)
\KV@toks@=\toks18
)
("C:\Users\Ahmad Agung Tawakkal\AppData\Local\Programs\MiKTeX 2.9\tex/latex/gra
phics\graphics.sty"
Package: graphics 2017/06/25 v1.2c Standard LaTeX Graphics (DPC,SPQR)

("C:\Users\Ahmad Agung Tawakkal\AppData\Local\Programs\MiKTeX 2.9\tex/latex/gra
phics\trig.sty"
Package: trig 2016/01/03 v1.10 sin cos tan (DPC)
)
("C:\Users\Ahmad Agung Tawakkal\AppData\Local\Programs\MiKTeX 2.9\tex/latex/gra
phics-cfg\graphics.cfg"
File: graphics.cfg 2016/06/04 v1.11 sample graphics configuration
)
Package graphics Info: Driver file: pdftex.def on input line 99.

("C:\Users\Ahmad Agung Tawakkal\AppData\Local\Programs\MiKTeX 2.9\tex/latex/gra
phics-def\pdftex.def"
File: pdftex.def 2018/01/08 v1.0l Graphics/color driver for pdftex
))
\Gin@req@height=\dimen103
\Gin@req@width=\dimen104
)
No file main.aux.
\openout1 = `main.aux'.

LaTeX Font Info:    Checking defaults for OML/cmm/m/it on input line 12.
LaTeX Font Info:    ... okay on input line 12.
LaTeX Font Info:    Checking defaults for T1/cmr/m/n on input line 12.
LaTeX Font Info:    ... okay on input line 12.
LaTeX Font Info:    Checking defaults for OT1/cmr/m/n on input line 12.
LaTeX Font Info:    ... okay on input line 12.
LaTeX Font Info:    Checking defaults for OMS/cmsy/m/n on input line 12.
LaTeX Font Info:    ... okay on input line 12.
LaTeX Font Info:    Checking defaults for OMX/cmex/m/n on input line 12.
LaTeX Font Info:    ... okay on input line 12.
LaTeX Font Info:    Checking defaults for U/cmr/m/n on input line 12.
LaTeX Font Info:    ... okay on input line 12.

("C:\Users\Ahmad Agung Tawakkal\AppData\Local\Programs\MiKTeX 2.9\tex/context/b
ase/mkii\supp-pdf.mkii"
[Loading MPS to PDF converter (version 2006.09.02).]
\scratchcounter=\count89
\scratchdimen=\dimen105
\scratchbox=\box29
\nofMPsegments=\count90
\nofMParguments=\count91
\everyMPshowfont=\toks19
\MPscratchCnt=\count92
\MPscratchDim=\dimen106
\MPnumerator=\count93
\makeMPintoPDFobject=\count94
\everyMPtoPDFconversion=\toks20
)
("C:\Users\Ahmad Agung Tawakkal\AppData\Local\Programs\MiKTeX 2.9\tex/latex/obe
rdiek\epstopdf-base.sty"
Package: epstopdf-base 2016/05/15 v2.6 Base part for package epstopdf

("C:\Users\Ahmad Agung Tawakkal\AppData\Local\Programs\MiKTeX 2.9\tex/generic/o
berdiek\infwarerr.sty"
Package: infwarerr 2016/05/16 v1.4 Providing info/warning/error messages (HO)
)
("C:\Users\Ahmad Agung Tawakkal\AppData\Local\Programs\MiKTeX 2.9\tex/latex/obe
rdiek\grfext.sty"
Package: grfext 2016/05/16 v1.2 Manage graphics extensions (HO)

("C:\Users\Ahmad Agung Tawakkal\AppData\Local\Programs\MiKTeX 2.9\tex/generic/o
berdiek\kvdefinekeys.sty"
Package: kvdefinekeys 2016/05/16 v1.4 Define keys (HO)

("C:\Users\Ahmad Agung Tawakkal\AppData\Local\Programs\MiKTeX 2.9\tex/generic/o
berdiek\ltxcmds.sty"
Package: ltxcmds 2016/05/16 v1.23 LaTeX kernel commands for general use (HO)
)))
("C:\Users\Ahmad Agung Tawakkal\AppData\Local\Programs\MiKTeX 2.9\tex/latex/obe
rdiek\kvoptions.sty"
Package: kvoptions 2016/05/16 v3.12 Key value format for package options (HO)

("C:\Users\Ahmad Agung Tawakkal\AppData\Local\Programs\MiKTeX 2.9\tex/generic/o
berdiek\kvsetkeys.sty"
Package: kvsetkeys 2016/05/16 v1.17 Key value parser (HO)

("C:\Users\Ahmad Agung Tawakkal\AppData\Local\Programs\MiKTeX 2.9\tex/generic/o
berdiek\etexcmds.sty"
Package: etexcmds 2016/05/16 v1.6 Avoid name clashes with e-TeX commands (HO)

("C:\Users\Ahmad Agung Tawakkal\AppData\Local\Programs\MiKTeX 2.9\tex/generic/o
berdiek\ifluatex.sty"
Package: ifluatex 2016/05/16 v1.4 Provides the ifluatex switch (HO)
Package ifluatex Info: LuaTeX not detected.
))))
("C:\Users\Ahmad Agung Tawakkal\AppData\Local\Programs\MiKTeX 2.9\tex/generic/o
berdiek\pdftexcmds.sty"
Package: pdftexcmds 2018/09/10 v0.29 Utility functions of pdfTeX for LuaTeX (HO
)

("C:\Users\Ahmad Agung Tawakkal\AppData\Local\Programs\MiKTeX 2.9\tex/generic/o
berdiek\ifpdf.sty"
Package: ifpdf 2018/09/07 v3.3 Provides the ifpdf switch
)
Package pdftexcmds Info: LuaTeX not detected.
Package pdftexcmds Info: \pdf@primitive is available.
Package pdftexcmds Info: \pdf@ifprimitive is available.
Package pdftexcmds Info: \pdfdraftmode found.
)
Package epstopdf-base Info: Redefining graphics rule for `.eps' on input line 4
38.
Package grfext Info: Graphics extension search list:
(grfext)             [.pdf,.png,.jpg,.mps,.jpeg,.jbig2,.jb2,.PDF,.PNG,.JPG,.JPE
G,.JBIG2,.JB2,.eps]
(grfext)             \AppendGraphicsExtensions on input line 456.
)
LaTeX Font Info:    External font `cmex10' loaded for size
(Font)              <12> on input line 14.
LaTeX Font Info:    External font `cmex10' loaded for size
(Font)              <8> on input line 14.
LaTeX Font Info:    External font `cmex10' loaded for size
(Font)              <6> on input line 14.
 [1

{C:/Users/Ahmad Agung Tawakkal/AppData/Local/MiKTeX/2.9/pdftex/config/pdftex.ma
p}]
LaTeX Font Info:    Try loading font information for OMS+cmr on input line 20.

("C:\Users\Ahmad Agung Tawakkal\AppData\Local\Programs\MiKTeX 2.9\tex/latex/bas
e\omscmr.fd"
File: omscmr.fd 2014/09/29 v2.5h Standard LaTeX font definitions
)
LaTeX Font Info:    Font shape `OMS/cmr/m/n' in size <10> not available
(Font)              Font shape `OMS/cmsy/m/n' tried instead on input line 20.

Overfull \hbox (68.61214pt too wide) in paragraph at lines 31--32
[]\OT1/cmr/m/n/10 Buka link https://apex.oracle.com/pls/apex/f?p=4700:2:1130579
05128983::NO:RP:: 
 []


Overfull \hbox (16.94514pt too wide) in paragraph at lines 32--33
[]\OT1/cmr/m/n/10 Mengisi data yang yang dibu-tuhkan un-tuk re-quest pem-bu-ata
n workspace, 
 []

<images/1.PNG, id=8, 1019.30812pt x 578.16pt>
File: images/1.PNG Graphic file (type png)
<use images/1.PNG>
Package pdftex.def Info: images/1.PNG  used on input line 47.
(pdftex.def)             Requested size: 426.79134pt x 242.08449pt.

Overfull \hbox (81.79134pt too wide) in paragraph at lines 47--48
[][] 
 []

[2] [3 <./images/1.PNG>] (main.aux) ) 
Here is how much of TeX's memory you used:
 1523 strings out of 492945
 23675 string characters out of 3119589
 87615 words of memory out of 3000000
 5423 multiletter control sequences out of 15000+200000
 6983 words of font info for 25 fonts, out of 3000000 for 9000
 1141 hyphenation exceptions out of 8191
 41i,6n,25p,317b,351s stack positions out of 5000i,500n,10000p,200000b,50000s
<C:/Users/Ahmad Agung Tawakkal/AppData/Loc
al/Programs/MiKTeX 2.9/fonts/type1/public/amsfonts/cm/cmr10.pfb><C:/Users/Ahmad
 Agung Tawakkal/AppData/Local/Programs/MiKTeX 2.9/fonts/type1/public/amsfonts/c
m/cmr12.pfb><C:/Users/Ahmad Agung Tawakkal/AppData/Local/Programs/MiKTeX 2.9/fo
nts/type1/public/amsfonts/cm/cmr17.pfb><C:/Users/Ahmad Agung Tawakkal/AppData/L
ocal/Programs/MiKTeX 2.9/fonts/type1/public/amsfonts/cm/cmsy10.pfb>
Output written on main.pdf (3 pages, 152017 bytes).
PDF statistics:
 31 PDF objects out of 1000 (max. 8388607)
 0 named destinations out of 1000 (max. 500000)
 6 words of extra memory for PDF output out of 10000 (max. 10000000)

