This is pdfTeX, Version 3.14159265-2.6-1.40.20 (MiKTeX 2.9.7000 64-bit) (preloaded format=pdflatex 2019.10.12)  2 NOV 2019 22:56
entering extended mode
**./main.tex
(main.tex
LaTeX2e <2018-12-01>
("C:\Users\ANIF\AppData\Local\Programs\MiKTeX 2.9\tex/latex/base\article.cls"
Document Class: article 2018/09/03 v1.4i Standard LaTeX document class
("C:\Users\ANIF\AppData\Local\Programs\MiKTeX 2.9\tex/latex/base\size12.clo"
File: size12.clo 2018/09/03 v1.4i Standard LaTeX file (size option)
)
\c@part=\count80
\c@section=\count81
\c@subsection=\count82
\c@subsubsection=\count83
\c@paragraph=\count84
\c@subparagraph=\count85
\c@figure=\count86
\c@table=\count87
\abovecaptionskip=\skip41
\belowcaptionskip=\skip42
\bibindent=\dimen102
)
("C:\Users\ANIF\AppData\Local\Programs\MiKTeX 2.9\tex/generic/babel\babel.sty"
Package: babel 2019/04/01 3.28 The Babel package

("C:\Users\ANIF\AppData\Local\Programs\MiKTeX 2.9\tex/generic/babel\switch.def"
File: switch.def 2019/04/01 3.28 Babel switching mechanism
)
*************************************
* Local config file bblopts.cfg used
*
("C:\Users\ANIF\AppData\Local\Programs\MiKTeX 2.9\tex/latex/arabi\bblopts.cfg"
File: bblopts.cfg 2005/09/08 v0.1 add Arabic and Farsi to "declared" options of
 babel
)
Package babel Info: You haven't specified a language. I'll use 'nil'
(babel)             as the main language. Reported on input line 499.
("C:\Users\ANIF\AppData\Local\Programs\MiKTeX 2.9\tex/generic/babel\nil.ldf"
Language: nil 2019/04/01 3.28 Nil language

("C:\Users\ANIF\AppData\Local\Programs\MiKTeX 2.9\tex/generic/babel\babel.def"
File: babel.def 2019/04/01 3.28 Babel common definitions
\babel@savecnt=\count88
\U@D=\dimen103

("C:\Users\ANIF\AppData\Local\Programs\MiKTeX 2.9\tex/generic/babel\txtbabel.de
f")
\bbl@dirlevel=\count89
)))
("C:\Users\ANIF\AppData\Local\Programs\MiKTeX 2.9\tex/latex/enumitem\enumitem.s
ty"
Package: enumitem 2019/06/20 v3.9 Customized lists
\enitkv@toks@=\toks14
\labelindent=\skip43
\enit@outerparindent=\dimen104
\enit@toks=\toks15
\enit@inbox=\box27
\enit@count@id=\count90
\enitdp@description=\count91
)
("C:\Users\ANIF\AppData\Local\Programs\MiKTeX 2.9\tex/latex/psnfss\times.sty"
Package: times 2005/04/12 PSNFSS-v9.2a (SPQR) 
)
("C:\Users\ANIF\AppData\Local\Programs\MiKTeX 2.9\tex/latex/graphics\graphicx.s
ty"
Package: graphicx 2017/06/01 v1.1a Enhanced LaTeX Graphics (DPC,SPQR)

("C:\Users\ANIF\AppData\Local\Programs\MiKTeX 2.9\tex/latex/graphics\keyval.sty
"
Package: keyval 2014/10/28 v1.15 key=value parser (DPC)
\KV@toks@=\toks16
)
("C:\Users\ANIF\AppData\Local\Programs\MiKTeX 2.9\tex/latex/graphics\graphics.s
ty"
Package: graphics 2017/06/25 v1.2c Standard LaTeX Graphics (DPC,SPQR)

("C:\Users\ANIF\AppData\Local\Programs\MiKTeX 2.9\tex/latex/graphics\trig.sty"
Package: trig 2016/01/03 v1.10 sin cos tan (DPC)
)
("C:\Users\ANIF\AppData\Local\Programs\MiKTeX 2.9\tex/latex/graphics-cfg\graphi
cs.cfg"
File: graphics.cfg 2016/06/04 v1.11 sample graphics configuration
)
Package graphics Info: Driver file: pdftex.def on input line 99.

("C:\Users\ANIF\AppData\Local\Programs\MiKTeX 2.9\tex/latex/graphics-def\pdftex
.def"
File: pdftex.def 2018/01/08 v1.0l Graphics/color driver for pdftex
))
\Gin@req@height=\dimen105
\Gin@req@width=\dimen106
)
("C:\Users\ANIF\AppData\Local\Programs\MiKTeX 2.9\tex/latex/geometry\geometry.s
ty"
Package: geometry 2018/04/16 v5.8 Page Geometry

("C:\Users\ANIF\AppData\Local\Programs\MiKTeX 2.9\tex/generic/oberdiek\ifpdf.st
y"
Package: ifpdf 2018/09/07 v3.3 Provides the ifpdf switch
)
("C:\Users\ANIF\AppData\Local\Programs\MiKTeX 2.9\tex/generic/oberdiek\ifvtex.s
ty"
Package: ifvtex 2016/05/16 v1.6 Detect VTeX and its facilities (HO)
Package ifvtex Info: VTeX not detected.
)
("C:\Users\ANIF\AppData\Local\Programs\MiKTeX 2.9\tex/generic/ifxetex\ifxetex.s
ty"
Package: ifxetex 2010/09/12 v0.6 Provides ifxetex conditional
)
\Gm@cnth=\count92
\Gm@cntv=\count93
\c@Gm@tempcnt=\count94
\Gm@bindingoffset=\dimen107
\Gm@wd@mp=\dimen108
\Gm@odd@mp=\dimen109
\Gm@even@mp=\dimen110
\Gm@layoutwidth=\dimen111
\Gm@layoutheight=\dimen112
\Gm@layouthoffset=\dimen113
\Gm@layoutvoffset=\dimen114
\Gm@dimlist=\toks17

("C:\Users\ANIF\AppData\Local\Programs\MiKTeX 2.9\tex/latex/geometry\geometry.c
fg"))
("C:\Users\ANIF\AppData\Local\Programs\MiKTeX 2.9\tex/latex/float\float.sty"
Package: float 2001/11/08 v1.3d Float enhancements (AL)
\c@float@type=\count95
\float@exts=\toks18
\float@box=\box28
\@float@everytoks=\toks19
\@floatcapt=\box29
)
("C:\Users\ANIF\AppData\Local\Programs\MiKTeX 2.9\tex/latex/setspace\setspace.s
ty"
Package: setspace 2011/12/19 v6.7a set line spacing
)
("C:\Users\ANIF\AppData\Local\Programs\MiKTeX 2.9\tex/latex/listings\listings.s
ty"
\lst@mode=\count96
\lst@gtempboxa=\box30
\lst@token=\toks20
\lst@length=\count97
\lst@currlwidth=\dimen115
\lst@column=\count98
\lst@pos=\count99
\lst@lostspace=\dimen116
\lst@width=\dimen117
\lst@newlines=\count100
\lst@lineno=\count101
\lst@maxwidth=\dimen118

("C:\Users\ANIF\AppData\Local\Programs\MiKTeX 2.9\tex/latex/listings\lstmisc.st
y"
File: lstmisc.sty 2019/09/10 1.8c (Carsten Heinz)
\c@lstnumber=\count102
\lst@skipnumbers=\count103
\lst@framebox=\box31
)
("C:\Users\ANIF\AppData\Local\Programs\MiKTeX 2.9\tex/latex/listings\listings.c
fg"
File: listings.cfg 2019/09/10 1.8c listings configuration
))
Package: listings 2019/09/10 1.8c (Carsten Heinz)

("C:\Users\ANIF\AppData\Local\Programs\MiKTeX 2.9\tex/latex/hyperref\hyperref.s
ty"
Package: hyperref 2018/11/30 v6.88e Hypertext links for LaTeX

("C:\Users\ANIF\AppData\Local\Programs\MiKTeX 2.9\tex/generic/oberdiek\hobsub-h
yperref.sty"
Package: hobsub-hyperref 2016/05/16 v1.14 Bundle oberdiek, subset hyperref (HO)


("C:\Users\ANIF\AppData\Local\Programs\MiKTeX 2.9\tex/generic/oberdiek\hobsub-g
eneric.sty"
Package: hobsub-generic 2016/05/16 v1.14 Bundle oberdiek, subset generic (HO)
Package: hobsub 2016/05/16 v1.14 Construct package bundles (HO)
Package: infwarerr 2016/05/16 v1.4 Providing info/warning/error messages (HO)
Package: ltxcmds 2016/05/16 v1.23 LaTeX kernel commands for general use (HO)
Package: ifluatex 2016/05/16 v1.4 Provides the ifluatex switch (HO)
Package ifluatex Info: LuaTeX not detected.
Package hobsub Info: Skipping package `ifvtex' (already loaded).
Package: intcalc 2016/05/16 v1.2 Expandable calculations with integers (HO)
Package hobsub Info: Skipping package `ifpdf' (already loaded).
Package: etexcmds 2016/05/16 v1.6 Avoid name clashes with e-TeX commands (HO)
Package: kvsetkeys 2016/05/16 v1.17 Key value parser (HO)
Package: kvdefinekeys 2016/05/16 v1.4 Define keys (HO)
Package: pdftexcmds 2018/09/10 v0.29 Utility functions of pdfTeX for LuaTeX (HO
)
Package pdftexcmds Info: LuaTeX not detected.
Package pdftexcmds Info: \pdf@primitive is available.
Package pdftexcmds Info: \pdf@ifprimitive is available.
Package pdftexcmds Info: \pdfdraftmode found.
Package: pdfescape 2016/05/16 v1.14 Implements pdfTeX's escape features (HO)
Package: bigintcalc 2016/05/16 v1.4 Expandable calculations on big integers (HO
)
Package: bitset 2016/05/16 v1.2 Handle bit-vector datatype (HO)
Package: uniquecounter 2016/05/16 v1.3 Provide unlimited unique counter (HO)
)
Package hobsub Info: Skipping package `hobsub' (already loaded).
Package: letltxmacro 2016/05/16 v1.5 Let assignment for LaTeX macros (HO)
Package: hopatch 2016/05/16 v1.3 Wrapper for package hooks (HO)
Package: xcolor-patch 2016/05/16 xcolor patch
Package: atveryend 2016/05/16 v1.9 Hooks at the very end of document (HO)
Package atveryend Info: \enddocument detected (standard20110627).
Package: atbegshi 2016/06/09 v1.18 At begin shipout hook (HO)
Package: refcount 2016/05/16 v3.5 Data extraction from label references (HO)
Package: hycolor 2016/05/16 v1.8 Color options for hyperref/bookmark (HO)
)
("C:\Users\ANIF\AppData\Local\Programs\MiKTeX 2.9\tex/latex/oberdiek\auxhook.st
y"
Package: auxhook 2016/05/16 v1.4 Hooks for auxiliary files (HO)
)
("C:\Users\ANIF\AppData\Local\Programs\MiKTeX 2.9\tex/latex/oberdiek\kvoptions.
sty"
Package: kvoptions 2016/05/16 v3.12 Key value format for package options (HO)
)
\@linkdim=\dimen119
\Hy@linkcounter=\count104
\Hy@pagecounter=\count105

("C:\Users\ANIF\AppData\Local\Programs\MiKTeX 2.9\tex/latex/hyperref\pd1enc.def
"
File: pd1enc.def 2018/11/30 v6.88e Hyperref: PDFDocEncoding definition (HO)
Now handling font encoding PD1 ...
... no UTF-8 mapping file for font encoding PD1
)
\Hy@SavedSpaceFactor=\count106

("C:\Users\ANIF\AppData\Local\Programs\MiKTeX 2.9\tex/latex/00miktex\hyperref.c
fg"
File: hyperref.cfg 2002/06/06 v1.2 hyperref configuration of TeXLive
)
Package hyperref Info: Hyper figures OFF on input line 4519.
Package hyperref Info: Link nesting OFF on input line 4524.
Package hyperref Info: Hyper index ON on input line 4527.
Package hyperref Info: Plain pages OFF on input line 4534.
Package hyperref Info: Backreferencing OFF on input line 4539.
Package hyperref Info: Implicit mode ON; LaTeX internals redefined.
Package hyperref Info: Bookmarks ON on input line 4772.
\c@Hy@tempcnt=\count107
 ("C:\Users\ANIF\AppData\Local\Programs\MiKTeX 2.9\tex/latex/url\url.sty"
\Urlmuskip=\muskip10
Package: url 2013/09/16  ver 3.4  Verb mode for urls, etc.
)
LaTeX Info: Redefining \url on input line 5125.
\XeTeXLinkMargin=\dimen120
\Fld@menulength=\count108
\Field@Width=\dimen121
\Fld@charsize=\dimen122
Package hyperref Info: Hyper figures OFF on input line 6380.
Package hyperref Info: Link nesting OFF on input line 6385.
Package hyperref Info: Hyper index ON on input line 6388.
Package hyperref Info: backreferencing OFF on input line 6395.
Package hyperref Info: Link coloring OFF on input line 6400.
Package hyperref Info: Link coloring with OCG OFF on input line 6405.
Package hyperref Info: PDF/A mode OFF on input line 6410.
LaTeX Info: Redefining \ref on input line 6450.
LaTeX Info: Redefining \pageref on input line 6454.
\Hy@abspage=\count109
\c@Item=\count110
\c@Hfootnote=\count111
)
Package hyperref Info: Driver (autodetected): hpdftex.

("C:\Users\ANIF\AppData\Local\Programs\MiKTeX 2.9\tex/latex/hyperref\hpdftex.de
f"
File: hpdftex.def 2018/11/30 v6.88e Hyperref driver for pdfTeX
\Fld@listcount=\count112
\c@bookmark@seq@number=\count113

("C:\Users\ANIF\AppData\Local\Programs\MiKTeX 2.9\tex/latex/oberdiek\rerunfilec
heck.sty"
Package: rerunfilecheck 2016/05/16 v1.8 Rerun checks for auxiliary files (HO)
Package uniquecounter Info: New unique counter `rerunfilecheck' on input line 2
82.
)
\Hy@SectionHShift=\skip44
) (main.aux (section/part1.aux))
\openout1 = `main.aux'.

LaTeX Font Info:    Checking defaults for OML/cmm/m/it on input line 16.
LaTeX Font Info:    ... okay on input line 16.
LaTeX Font Info:    Checking defaults for T1/cmr/m/n on input line 16.
LaTeX Font Info:    ... okay on input line 16.
LaTeX Font Info:    Checking defaults for OT1/cmr/m/n on input line 16.
LaTeX Font Info:    ... okay on input line 16.
LaTeX Font Info:    Checking defaults for OMS/cmsy/m/n on input line 16.
LaTeX Font Info:    ... okay on input line 16.
LaTeX Font Info:    Checking defaults for OMX/cmex/m/n on input line 16.
LaTeX Font Info:    ... okay on input line 16.
LaTeX Font Info:    Checking defaults for U/cmr/m/n on input line 16.
LaTeX Font Info:    ... okay on input line 16.
LaTeX Font Info:    Checking defaults for PD1/pdf/m/n on input line 16.
LaTeX Font Info:    ... okay on input line 16.
LaTeX Font Info:    Try loading font information for OT1+ptm on input line 16.

("C:\Users\ANIF\AppData\Local\Programs\MiKTeX 2.9\tex/latex/psnfss\ot1ptm.fd"
File: ot1ptm.fd 2001/06/04 font definitions for OT1/ptm.
)
("C:\Users\ANIF\AppData\Local\Programs\MiKTeX 2.9\tex/context/base/mkii\supp-pd
f.mkii"
[Loading MPS to PDF converter (version 2006.09.02).]
\scratchcounter=\count114
\scratchdimen=\dimen123
\scratchbox=\box32
\nofMPsegments=\count115
\nofMParguments=\count116
\everyMPshowfont=\toks21
\MPscratchCnt=\count117
\MPscratchDim=\dimen124
\MPnumerator=\count118
\makeMPintoPDFobject=\count119
\everyMPtoPDFconversion=\toks22
)
("C:\Users\ANIF\AppData\Local\Programs\MiKTeX 2.9\tex/latex/oberdiek\epstopdf-b
ase.sty"
Package: epstopdf-base 2016/05/15 v2.6 Base part for package epstopdf

("C:\Users\ANIF\AppData\Local\Programs\MiKTeX 2.9\tex/latex/oberdiek\grfext.sty
"
Package: grfext 2016/05/16 v1.2 Manage graphics extensions (HO)
)
Package epstopdf-base Info: Redefining graphics rule for `.eps' on input line 4
38.
Package grfext Info: Graphics extension search list:
(grfext)             [.pdf,.png,.jpg,.mps,.jpeg,.jbig2,.jb2,.PDF,.PNG,.JPG,.JPE
G,.JBIG2,.JB2,.eps]
(grfext)             \AppendGraphicsExtensions on input line 456.
)
*geometry* driver: auto-detecting
*geometry* detected driver: pdftex
*geometry* verbose mode - [ preamble ] result:
* driver: pdftex
* paper: a4paper
* layout: <same size as paper>
* layoutoffset:(h,v)=(0.0pt,0.0pt)
* modes: 
* h-part:(L,W,R)=(113.81102pt, 398.3386pt, 85.35826pt)
* v-part:(T,H,B)=(113.81102pt, 645.87756pt, 85.35826pt)
* \paperwidth=597.50787pt
* \paperheight=845.04684pt
* \textwidth=398.3386pt
* \textheight=645.87756pt
* \oddsidemargin=41.54103pt
* \evensidemargin=41.54103pt
* \topmargin=4.54103pt
* \headheight=12.0pt
* \headsep=25.0pt
* \topskip=12.0pt
* \footskip=30.0pt
* \marginparwidth=35.0pt
* \marginparsep=10.0pt
* \columnsep=10.0pt
* \skip\footins=10.8pt plus 4.0pt minus 2.0pt
* \hoffset=0.0pt
* \voffset=0.0pt
* \mag=1000
* \@twocolumnfalse
* \@twosidefalse
* \@mparswitchfalse
* \@reversemarginfalse
* (1in=72.27pt=25.4mm, 1cm=28.453pt)

\c@lstlisting=\count120
\AtBeginShipoutBox=\box33
Package hyperref Info: Link coloring OFF on input line 16.

("C:\Users\ANIF\AppData\Local\Programs\MiKTeX 2.9\tex/latex/hyperref\nameref.st
y"
Package: nameref 2016/05/21 v2.44 Cross-referencing by name of section

("C:\Users\ANIF\AppData\Local\Programs\MiKTeX 2.9\tex/generic/oberdiek\gettitle
string.sty"
Package: gettitlestring 2016/05/16 v1.5 Cleanup title references (HO)
)
\c@section@level=\count121
)
LaTeX Info: Redefining \ref on input line 16.
LaTeX Info: Redefining \pageref on input line 16.
LaTeX Info: Redefining \nameref on input line 16.
 (main.out) (main.out)
\@outlinefile=\write3
\openout3 = `main.out'.

LaTeX Font Info:    Font shape `OT1/ptm/bx/n' in size <24.88> not available
(Font)              Font shape `OT1/ptm/b/n' tried instead on input line 21.
LaTeX Font Info:    External font `cmex10' loaded for size
(Font)              <14.4> on input line 21.
LaTeX Font Info:    External font `cmex10' loaded for size
(Font)              <7> on input line 21.


LaTeX Warning: No \author given.

<gambar/logo.png, id=7, 291.2481pt x 272.217pt>
File: gambar/logo.png Graphic file (type png)
<use gambar/logo.png>
Package pdftex.def Info: gambar/logo.png  used on input line 25.
(pdftex.def)             Requested size: 142.2684pt x 128.04167pt.
LaTeX Font Info:    Font shape `OT1/ptm/bx/n' in size <12> not available
(Font)              Font shape `OT1/ptm/b/n' tried instead on input line 36.
[1

{C:/Users/ANIF/AppData/Local/MiKTeX/2.9/pdftex/config/pdftex.map} <./gambar/log
o.png>]
\openout2 = `section/part1.aux'.

 (section/part1.tex
LaTeX Font Info:    Font shape `OT1/ptm/bx/n' in size <17.28> not available
(Font)              Font shape `OT1/ptm/b/n' tried instead on input line 4.
<gambar/1.png, id=17, 1371.1225pt x 770.88pt>
File: gambar/1.png Graphic file (type png)
<use gambar/1.png>
Package pdftex.def Info: gambar/1.png  used on input line 8.
(pdftex.def)             Requested size: 411.33992pt x 231.26578pt.

Overfull \hbox (42.37602pt too wide) in paragraph at lines 7--9
[] 
 []


Underfull \hbox (badness 10000) in paragraph at lines 7--9

 []

<gambar/2.png, id=18, 1371.1225pt x 770.88pt>
File: gambar/2.png Graphic file (type png)
<use gambar/2.png>
Package pdftex.def Info: gambar/2.png  used on input line 11.
(pdftex.def)             Requested size: 411.33992pt x 231.26578pt.

Overfull \hbox (42.37602pt too wide) in paragraph at lines 9--12
[] 
 []


Underfull \hbox (badness 10000) in paragraph at lines 9--12

 []

<gambar/3.png, id=19, 1371.1225pt x 770.88pt>
File: gambar/3.png Graphic file (type png)
<use gambar/3.png>
Package pdftex.def Info: gambar/3.png  used on input line 13.
(pdftex.def)             Requested size: 411.33992pt x 231.26578pt.

Overfull \hbox (42.37602pt too wide) in paragraph at lines 12--14
[] 
 []


Underfull \hbox (badness 10000) in paragraph at lines 12--14

 []

pdfTeX warning (ext4): destination with the same identifier (name{page.1}) has 
been already used, duplicate ignored
<to be read again> 
                   \relax 
l.14 \item k
            lik App Builder untuk langkah pertama membuat aplikasi\\ [1


 <./gambar/1.png> <./gambar/2.png>]
<gambar/4.png, id=27, 1371.1225pt x 770.88pt>
File: gambar/4.png Graphic file (type png)
<use gambar/4.png>
Package pdftex.def Info: gambar/4.png  used on input line 15.
(pdftex.def)             Requested size: 411.33992pt x 231.26578pt.

Overfull \hbox (42.37602pt too wide) in paragraph at lines 14--16
[] 
 []


Underfull \hbox (badness 10000) in paragraph at lines 14--16

 []

<gambar/5.png, id=28, 1371.1225pt x 770.88pt>
File: gambar/5.png Graphic file (type png)
<use gambar/5.png>
Package pdftex.def Info: gambar/5.png  used on input line 17.
(pdftex.def)             Requested size: 411.33992pt x 231.26578pt.

Overfull \hbox (42.37602pt too wide) in paragraph at lines 16--18
[] 
 []


Underfull \hbox (badness 10000) in paragraph at lines 16--18

 []

[2 <./gambar/3.png> <./gambar/4.png>]
<gambar/6.png, id=38, 1371.1225pt x 770.88pt>
File: gambar/6.png Graphic file (type png)
<use gambar/6.png>
Package pdftex.def Info: gambar/6.png  used on input line 19.
(pdftex.def)             Requested size: 411.33992pt x 231.26578pt.

Overfull \hbox (42.37602pt too wide) in paragraph at lines 18--20
[] 
 []


Underfull \hbox (badness 10000) in paragraph at lines 18--20

 []

<gambar/7.png, id=39, 1371.1225pt x 770.88pt>
File: gambar/7.png Graphic file (type png)
<use gambar/7.png>
Package pdftex.def Info: gambar/7.png  used on input line 21.
(pdftex.def)             Requested size: 411.33992pt x 231.26578pt.

Overfull \hbox (42.37602pt too wide) in paragraph at lines 20--22
[] 
 []


Underfull \hbox (badness 10000) in paragraph at lines 20--22

 []

[3 <./gambar/5.png> <./gambar/6.png>]
<gambar/8.png, id=48, 1371.1225pt x 770.88pt>
File: gambar/8.png Graphic file (type png)
<use gambar/8.png>
Package pdftex.def Info: gambar/8.png  used on input line 23.
(pdftex.def)             Requested size: 411.33992pt x 231.26578pt.

Overfull \hbox (42.37602pt too wide) in paragraph at lines 22--25
[] 
 []


Underfull \hbox (badness 10000) in paragraph at lines 22--25

 []

<gambar/9.png, id=49, 1371.1225pt x 770.88pt>
File: gambar/9.png Graphic file (type png)
<use gambar/9.png>
Package pdftex.def Info: gambar/9.png  used on input line 26.
(pdftex.def)             Requested size: 411.33992pt x 231.26578pt.

Overfull \hbox (42.37602pt too wide) in paragraph at lines 25--27
[] 
 []


Underfull \hbox (badness 10000) in paragraph at lines 25--27

 []

[4 <./gambar/7.png> <./gambar/8.png>]
<gambar/10.png, id=58, 1371.1225pt x 770.88pt>
File: gambar/10.png Graphic file (type png)
<use gambar/10.png>
Package pdftex.def Info: gambar/10.png  used on input line 28.
(pdftex.def)             Requested size: 411.33992pt x 231.26578pt.

Overfull \hbox (42.37602pt too wide) in paragraph at lines 27--29
[] 
 []


Underfull \hbox (badness 10000) in paragraph at lines 27--29

 []

<gambar/11.png, id=59, 1371.1225pt x 770.88pt>
File: gambar/11.png Graphic file (type png)
<use gambar/11.png>
Package pdftex.def Info: gambar/11.png  used on input line 30.
(pdftex.def)             Requested size: 411.33992pt x 231.26578pt.

Overfull \hbox (42.37602pt too wide) in paragraph at lines 29--31
[] 
 []


Underfull \hbox (badness 10000) in paragraph at lines 29--31

 []

[5 <./gambar/9.png> <./gambar/10.png>]
<gambar/12.png, id=68, 1371.1225pt x 770.88pt>
File: gambar/12.png Graphic file (type png)
<use gambar/12.png>
Package pdftex.def Info: gambar/12.png  used on input line 32.
(pdftex.def)             Requested size: 411.33992pt x 231.26578pt.

Overfull \hbox (42.37602pt too wide) in paragraph at lines 31--33
[] 
 []


Underfull \hbox (badness 10000) in paragraph at lines 31--33

 []

<gambar/13.png, id=69, 1371.1225pt x 770.88pt>
File: gambar/13.png Graphic file (type png)
<use gambar/13.png>
Package pdftex.def Info: gambar/13.png  used on input line 34.
(pdftex.def)             Requested size: 411.33992pt x 231.26578pt.

Overfull \hbox (42.37602pt too wide) in paragraph at lines 33--35
[] 
 []


Underfull \hbox (badness 10000) in paragraph at lines 33--35

 []

[6 <./gambar/11.png> <./gambar/12.png>]
<gambar/14.png, id=79, 1371.1225pt x 770.88pt>
File: gambar/14.png Graphic file (type png)
<use gambar/14.png>
Package pdftex.def Info: gambar/14.png  used on input line 36.
(pdftex.def)             Requested size: 411.33992pt x 231.26578pt.

Overfull \hbox (42.37602pt too wide) in paragraph at lines 35--37
[] 
 []


Underfull \hbox (badness 10000) in paragraph at lines 35--37

 []

) [7 <./gambar/13.png> <./gambar/14.png>]
Package atveryend Info: Empty hook `BeforeClearDocument' on input line 46.
Package atveryend Info: Empty hook `AfterLastShipout' on input line 46.
 (main.aux (section/part1.aux))
Package atveryend Info: Executing hook `AtVeryEndDocument' on input line 46.
Package atveryend Info: Executing hook `AtEndAfterFileList' on input line 46.
Package rerunfilecheck Info: File `main.out' has not changed.
(rerunfilecheck)             Checksum: 2DE01A5261437F462D76CAD9C565E50B;49.
Package atveryend Info: Empty hook `AtVeryVeryEnd' on input line 46.
 ) 
Here is how much of TeX's memory you used:
 7830 strings out of 492945
 117403 string characters out of 3126695
 221635 words of memory out of 3000000
 11614 multiletter control sequences out of 15000+200000
 13342 words of font info for 30 fonts, out of 3000000 for 9000
 1141 hyphenation exceptions out of 8191
 28i,6n,32p,204b,468s stack positions out of 5000i,500n,10000p,200000b,50000s
{C:/Users/ANIF/AppData/Local/Programs/MiKTeX 2.9/fonts/enc/dvips/base/8r.enc}
<C:/Users/ANIF/AppData/Local/Programs/MiKTeX 2.9/fonts/type1/urw/times/utmb8a.p
fb><C:/Users/ANIF/AppData/Local/Programs/MiKTeX 2.9/fonts/type1/urw/times/utmr8
a.pfb>
Output written on main.pdf (8 pages, 1121457 bytes).
PDF statistics:
 104 PDF objects out of 1000 (max. 8388607)
 23 named destinations out of 1000 (max. 500000)
 84 words of extra memory for PDF output out of 10000 (max. 10000000)

