This is pdfTeX, Version 3.14159265-2.6-1.40.20 (MiKTeX 2.9.7200 64-bit) (preloaded format=pdflatex 2019.10.11)  31 OCT 2019 02:14
entering extended mode
**./Hampirselesai.tex
(Hampirselesai.tex
LaTeX2e <2019-10-01>
("C:\Program Files\MiKTeX 2.9\tex/latex\base\article.cls"
Document Class: article 2019/08/27 v1.4j Standard LaTeX document class
("C:\Program Files\MiKTeX 2.9\tex/latex\base\size12.clo"
File: size12.clo 2019/08/27 v1.4j Standard LaTeX file (size option)
)
\c@part=\count80
\c@section=\count81
\c@subsection=\count82
\c@subsubsection=\count83
\c@paragraph=\count84
\c@subparagraph=\count85
\c@figure=\count86
\c@table=\count87
\abovecaptionskip=\skip41
\belowcaptionskip=\skip42
\bibindent=\dimen102
)
("C:\Program Files\MiKTeX 2.9\tex/latex\graphics\graphicx.sty"
Package: graphicx 2017/06/01 v1.1a Enhanced LaTeX Graphics (DPC,SPQR)

("C:\Program Files\MiKTeX 2.9\tex/latex\graphics\keyval.sty"
Package: keyval 2014/10/28 v1.15 key=value parser (DPC)
\KV@toks@=\toks14
)
("C:\Program Files\MiKTeX 2.9\tex/latex\graphics\graphics.sty"
Package: graphics 2019/07/20 v1.3b Standard LaTeX Graphics (DPC,SPQR)

("C:\Program Files\MiKTeX 2.9\tex/latex\graphics\trig.sty"
Package: trig 2016/01/03 v1.10 sin cos tan (DPC)
)
("C:\Program Files\MiKTeX 2.9\tex/latex\graphics-cfg\graphics.cfg"
File: graphics.cfg 2016/06/04 v1.11 sample graphics configuration
)
Package graphics Info: Driver file: pdftex.def on input line 105.

("C:\Program Files\MiKTeX 2.9\tex/latex\graphics-def\pdftex.def"
File: pdftex.def 2018/01/08 v1.0l Graphics/color driver for pdftex
))
\Gin@req@height=\dimen103
\Gin@req@width=\dimen104
)
("D:\APK\\MiKTeX 2.9\tex/latex/caption\caption.sty"
Package: caption 2019/09/01 v3.3d Customizing captions (AR)

("D:\APK\\MiKTeX 2.9\tex/latex/caption\caption3.sty"
Package: caption3 2019/09/01 v1.8d caption3 kernel (AR)
Package caption3 Info: TeX engine: e-TeX on input line 64.
\captionmargin=\dimen105
\captionmargin@=\dimen106
\captionwidth=\dimen107
\caption@tempdima=\dimen108
\caption@indent=\dimen109
\caption@parindent=\dimen110
\caption@hangindent=\dimen111
)
\c@caption@flags=\count88
\c@ContinuedFloat=\count89
)

LaTeX Warning: Unused global option(s):
    [timesnewsroman].

(Hampirselesai.aux)
\openout1 = `Hampirselesai.aux'.

LaTeX Font Info:    Checking defaults for OML/cmm/m/it on input line 5.
LaTeX Font Info:    ... okay on input line 5.
LaTeX Font Info:    Checking defaults for T1/cmr/m/n on input line 5.
LaTeX Font Info:    ... okay on input line 5.
LaTeX Font Info:    Checking defaults for OT1/cmr/m/n on input line 5.
LaTeX Font Info:    ... okay on input line 5.
LaTeX Font Info:    Checking defaults for OMS/cmsy/m/n on input line 5.
LaTeX Font Info:    ... okay on input line 5.
LaTeX Font Info:    Checking defaults for OMX/cmex/m/n on input line 5.
LaTeX Font Info:    ... okay on input line 5.
LaTeX Font Info:    Checking defaults for U/cmr/m/n on input line 5.
LaTeX Font Info:    ... okay on input line 5.
 ("D:\APK\\MiKTeX 2.9\tex/context/base/mkii\supp-pdf.mkii"
[Loading MPS to PDF converter (version 2006.09.02).]
\scratchcounter=\count90
\scratchdimen=\dimen112
\scratchbox=\box27
\nofMPsegments=\count91
\nofMParguments=\count92
\everyMPshowfont=\toks15
\MPscratchCnt=\count93
\MPscratchDim=\dimen113
\MPnumerator=\count94
\makeMPintoPDFobject=\count95
\everyMPtoPDFconversion=\toks16
) ("C:\Program Files\MiKTeX 2.9\tex/latex\oberdiek\epstopdf-base.sty"
Package: epstopdf-base 2016/05/15 v2.6 Base part for package epstopdf

("C:\Program Files\MiKTeX 2.9\tex/generic\oberdiek\infwarerr.sty"
Package: infwarerr 2016/05/16 v1.4 Providing info/warning/error messages (HO)
)
("C:\Program Files\MiKTeX 2.9\tex/latex\oberdiek\grfext.sty"
Package: grfext 2016/05/16 v1.2 Manage graphics extensions (HO)

("C:\Program Files\MiKTeX 2.9\tex/generic\oberdiek\kvdefinekeys.sty"
Package: kvdefinekeys 2016/05/16 v1.4 Define keys (HO)

("C:\Program Files\MiKTeX 2.9\tex/generic\oberdiek\ltxcmds.sty"
Package: ltxcmds 2016/05/16 v1.23 LaTeX kernel commands for general use (HO)
)))
("C:\Program Files\MiKTeX 2.9\tex/latex\oberdiek\kvoptions.sty"
Package: kvoptions 2016/05/16 v3.12 Key value format for package options (HO)

("C:\Program Files\MiKTeX 2.9\tex/generic\oberdiek\kvsetkeys.sty"
Package: kvsetkeys 2016/05/16 v1.17 Key value parser (HO)

("C:\Program Files\MiKTeX 2.9\tex/generic\oberdiek\etexcmds.sty"
Package: etexcmds 2016/05/16 v1.6 Avoid name clashes with e-TeX commands (HO)

("C:\Program Files\MiKTeX 2.9\tex/generic\oberdiek\ifluatex.sty"
Package: ifluatex 2016/05/16 v1.4 Provides the ifluatex switch (HO)
Package ifluatex Info: LuaTeX not detected.
))))
("C:\Program Files\MiKTeX 2.9\tex/generic\oberdiek\pdftexcmds.sty"
Package: pdftexcmds 2019/07/25 v0.30 Utility functions of pdfTeX for LuaTeX (HO
)

("C:\Program Files\MiKTeX 2.9\tex/generic\oberdiek\ifpdf.sty"
Package: ifpdf 2018/09/07 v3.3 Provides the ifpdf switch
)
Package pdftexcmds Info: LuaTeX not detected.
Package pdftexcmds Info: \pdf@primitive is available.
Package pdftexcmds Info: \pdf@ifprimitive is available.
Package pdftexcmds Info: \pdfdraftmode found.
)
Package epstopdf-base Info: Redefining graphics rule for `.eps' on input line 4
38.
Package grfext Info: Graphics extension search list:
(grfext)             [.pdf,.png,.jpg,.mps,.jpeg,.jbig2,.jb2,.PDF,.PNG,.JPG,.JPE
G,.JBIG2,.JB2,.eps]
(grfext)             \AppendGraphicsExtensions on input line 456.
)
Package caption Info: Begin \AtBeginDocument code.
Package caption Info: End \AtBeginDocument code.
<Capture1.jpg, id=1, 1371.1225pt x 770.88pt>
File: Capture1.jpg Graphic file (type jpg)
<use Capture1.jpg>
Package pdftex.def Info: Capture1.jpg  used on input line 43.
(pdftex.def)             Requested size: 341.43306pt x 191.95496pt.
LaTeX Font Info:    External font `cmex10' loaded for size
(Font)              <12> on input line 45.
LaTeX Font Info:    External font `cmex10' loaded for size
(Font)              <8> on input line 45.
LaTeX Font Info:    External font `cmex10' loaded for size
(Font)              <6> on input line 45.
 [1

{C:/Users/ASUS/AppData/Local/MiKTeX/2.9/pdftex/config/pdftex.map}]
<Capture2.jpg, id=8, 1371.1225pt x 770.88pt>
File: Capture2.jpg Graphic file (type jpg)
<use Capture2.jpg>
Package pdftex.def Info: Capture2.jpg  used on input line 49.
(pdftex.def)             Requested size: 341.43306pt x 191.95496pt.

Overfull \hbox (17.62482pt too wide) in paragraph at lines 47--52
[]$[]$ 
 []

<Capture3.jpg, id=9, 1371.1225pt x 739.76375pt>
File: Capture3.jpg Graphic file (type jpg)
<use Capture3.jpg>
Package pdftex.def Info: Capture3.jpg  used on input line 55.
(pdftex.def)             Requested size: 341.43306pt x 184.20676pt.

Overfull \hbox (17.62482pt too wide) in paragraph at lines 53--58
[]$[]$ 
 []

[2 <./Capture1.jpg> <./Capture2.jpg>]
<Capture4.jpg, id=13, 1371.1225pt x 740.7675pt>
File: Capture4.jpg Graphic file (type jpg)
<use Capture4.jpg>
Package pdftex.def Info: Capture4.jpg  used on input line 61.
(pdftex.def)             Requested size: 341.43306pt x 184.45671pt.

Overfull \hbox (17.62482pt too wide) in paragraph at lines 59--64
[]$[]$ 
 []

<Capture5.jpg, id=14, 1371.1225pt x 742.775pt>
File: Capture5.jpg Graphic file (type jpg)
<use Capture5.jpg>
Package pdftex.def Info: Capture5.jpg  used on input line 67.
(pdftex.def)             Requested size: 341.43306pt x 184.95659pt.

Overfull \hbox (17.62482pt too wide) in paragraph at lines 65--70
[]$[]$ 
 []

[3 <./Capture3.jpg> <./Capture4.jpg>]
<Capture6.jpg, id=18, 1371.1225pt x 770.88pt>
File: Capture6.jpg Graphic file (type jpg)
<use Capture6.jpg>
Package pdftex.def Info: Capture6.jpg  used on input line 73.
(pdftex.def)             Requested size: 341.43306pt x 191.95496pt.

Overfull \hbox (17.62482pt too wide) in paragraph at lines 71--76
[]$[]$ 
 []

<Capture7.jpg, id=19, 1371.1225pt x 770.88pt>
File: Capture7.jpg Graphic file (type jpg)
<use Capture7.jpg>
Package pdftex.def Info: Capture7.jpg  used on input line 79.
(pdftex.def)             Requested size: 341.43306pt x 191.95496pt.

Overfull \hbox (17.62482pt too wide) in paragraph at lines 77--82
[]$[]$ 
 []

[4 <./Capture5.jpg> <./Capture6.jpg>]
<Capture9.jpg, id=23, 1371.1225pt x 770.88pt>
File: Capture9.jpg Graphic file (type jpg)
<use Capture9.jpg>
Package pdftex.def Info: Capture9.jpg  used on input line 85.
(pdftex.def)             Requested size: 341.43306pt x 191.95496pt.

Overfull \hbox (17.62482pt too wide) in paragraph at lines 83--88
[]$[]$ 
 []

<Capture10.jpg, id=24, 1371.1225pt x 770.88pt>
File: Capture10.jpg Graphic file (type jpg)
<use Capture10.jpg>
Package pdftex.def Info: Capture10.jpg  used on input line 91.
(pdftex.def)             Requested size: 341.43306pt x 191.95496pt.

Overfull \hbox (17.62482pt too wide) in paragraph at lines 89--94
[]$[]$ 
 []

[5 <./Capture7.jpg> <./Capture9.jpg>]
<Capture11.jpg, id=28, 1371.1225pt x 770.88pt>
File: Capture11.jpg Graphic file (type jpg)
<use Capture11.jpg>
Package pdftex.def Info: Capture11.jpg  used on input line 97.
(pdftex.def)             Requested size: 341.43306pt x 191.95496pt.

Overfull \hbox (17.62482pt too wide) in paragraph at lines 95--100
[]$[]$ 
 []

<Capture12.jpg, id=29, 1371.1225pt x 770.88pt>
File: Capture12.jpg Graphic file (type jpg)
<use Capture12.jpg>
Package pdftex.def Info: Capture12.jpg  used on input line 103.
(pdftex.def)             Requested size: 341.43306pt x 191.95496pt.

Overfull \hbox (17.62482pt too wide) in paragraph at lines 101--106
[]$[]$ 
 []

[6 <./Capture10.jpg> <./Capture11.jpg>]
<Capture13.jpg, id=33, 1371.1225pt x 770.88pt>
File: Capture13.jpg Graphic file (type jpg)
<use Capture13.jpg>
Package pdftex.def Info: Capture13.jpg  used on input line 109.
(pdftex.def)             Requested size: 341.43306pt x 191.95496pt.

Overfull \hbox (17.62482pt too wide) in paragraph at lines 107--112
[]$[]$ 
 []

<Gambar.png, id=34, 1028.34187pt x 557.08125pt>
File: Gambar.png Graphic file (type png)
<use Gambar.png>
Package pdftex.def Info: Gambar.png  used on input line 124.
(pdftex.def)             Requested size: 341.43306pt x 184.96793pt.
[7 <./Capture12.jpg> <./Capture13.jpg>]
<Gambar2.png, id=40, 1028.34187pt x 578.16pt>
File: Gambar2.png Graphic file (type png)
<use Gambar2.png>
Package pdftex.def Info: Gambar2.png  used on input line 130.
(pdftex.def)             Requested size: 341.43306pt x 191.9667pt.
<Gambar3.png, id=41, 1028.34187pt x 578.16pt>
File: Gambar3.png Graphic file (type png)
<use Gambar3.png>
Package pdftex.def Info: Gambar3.png  used on input line 136.
(pdftex.def)             Requested size: 341.43306pt x 191.9667pt.
<Gambar4.png, id=42, 1028.34187pt x 556.32843pt>
File: Gambar4.png Graphic file (type png)
<use Gambar4.png>
Package pdftex.def Info: Gambar4.png  used on input line 142.
(pdftex.def)             Requested size: 341.43306pt x 184.71797pt.
<Gambar5.png, id=43, 1028.34187pt x 556.32843pt>
File: Gambar5.png Graphic file (type png)
<use Gambar5.png>
Package pdftex.def Info: Gambar5.png  used on input line 148.
(pdftex.def)             Requested size: 341.43306pt x 184.71797pt.

Overfull \hbox (17.62482pt too wide) in paragraph at lines 128--151
[]$[]$ 
 []


Underfull \hbox (badness 10000) in paragraph at lines 128--151

 []


Underfull \hbox (badness 10000) in paragraph at lines 128--151

 []


Underfull \hbox (badness 10000) in paragraph at lines 128--151

 []

[8 <./Gambar.png> <./Gambar2.png>] [9 <./Gambar3.png> <./Gambar4.png>] [10 <./G
ambar5.png>] (Hampirselesai.aux) ) 
Here is how much of TeX's memory you used:
 2699 strings out of 492452
 42596 string characters out of 3129810
 106740 words of memory out of 3000000
 7046 multiletter control sequences out of 15000+200000
 7280 words of font info for 26 fonts, out of 3000000 for 9000
 1141 hyphenation exceptions out of 8191
 46i,6n,42p,282b,228s stack positions out of 5000i,500n,10000p,200000b,50000s
<C:/Program Files/MiKTeX 2.9/fonts/type1/publ
ic/amsfonts/cm/cmbx12.pfb><C:/Program Files/MiKTeX 2.9/fonts/type1/public/amsfo
nts/cm/cmr12.pfb>
Output written on Hampirselesai.pdf (10 pages, 1296462 bytes).
PDF statistics:
 66 PDF objects out of 1000 (max. 8388607)
 0 named destinations out of 1000 (max. 500000)
 86 words of extra memory for PDF output out of 10000 (max. 10000000)

