This is pdfTeX, Version 3.14159265-2.6-1.40.20 (MiKTeX 2.9.7200 64-bit) (preloaded format=pdflatex 2019.10.16)  7 NOV 2019 20:01
entering extended mode
**./Tugas3.tex
(Tugas3.tex
LaTeX2e <2019-10-01>

("C:\Users\Aditya Luthfi\AppData\Local\Programs\MiKTeX 2.9\tex/latex/base\artic
le.cls"
Document Class: article 2019/08/27 v1.4j Standard LaTeX document class

("C:\Users\Aditya Luthfi\AppData\Local\Programs\MiKTeX 2.9\tex/latex/base\size1
2.clo"
File: size12.clo 2019/08/27 v1.4j Standard LaTeX file (size option)
)
\c@part=\count80
\c@section=\count81
\c@subsection=\count82
\c@subsubsection=\count83
\c@paragraph=\count84
\c@subparagraph=\count85
\c@figure=\count86
\c@table=\count87
\abovecaptionskip=\skip41
\belowcaptionskip=\skip42
\bibindent=\dimen102
)
("C:\Users\Aditya Luthfi\AppData\Local\Programs\MiKTeX 2.9\tex/latex/base\input
enc.sty"
Package: inputenc 2018/08/11 v1.3c Input encoding file
\inpenc@prehook=\toks14
\inpenc@posthook=\toks15
)
("C:\Users\Aditya Luthfi\AppData\Local\Programs\MiKTeX 2.9\tex/latex/graphics\g
raphicx.sty"
Package: graphicx 2017/06/01 v1.1a Enhanced LaTeX Graphics (DPC,SPQR)

("C:\Users\Aditya Luthfi\AppData\Local\Programs\MiKTeX 2.9\tex/latex/graphics\k
eyval.sty"
Package: keyval 2014/10/28 v1.15 key=value parser (DPC)
\KV@toks@=\toks16
)
("C:\Users\Aditya Luthfi\AppData\Local\Programs\MiKTeX 2.9\tex/latex/graphics\g
raphics.sty"
Package: graphics 2019/07/20 v1.3b Standard LaTeX Graphics (DPC,SPQR)

("C:\Users\Aditya Luthfi\AppData\Local\Programs\MiKTeX 2.9\tex/latex/graphics\t
rig.sty"
Package: trig 2016/01/03 v1.10 sin cos tan (DPC)
)
("C:\Users\Aditya Luthfi\AppData\Local\Programs\MiKTeX 2.9\tex/latex/graphics-c
fg\graphics.cfg"
File: graphics.cfg 2016/06/04 v1.11 sample graphics configuration
)
Package graphics Info: Driver file: pdftex.def on input line 105.

("C:\Users\Aditya Luthfi\AppData\Local\Programs\MiKTeX 2.9\tex/latex/graphics-d
ef\pdftex.def"
File: pdftex.def 2018/01/08 v1.0l Graphics/color driver for pdftex
))
\Gin@req@height=\dimen103
\Gin@req@width=\dimen104
)

LaTeX Warning: Unused global option(s):
    [timesnewroman].

(Tugas3.aux)
\openout1 = `Tugas3.aux'.

LaTeX Font Info:    Checking defaults for OML/cmm/m/it on input line 9.
LaTeX Font Info:    ... okay on input line 9.
LaTeX Font Info:    Checking defaults for T1/cmr/m/n on input line 9.
LaTeX Font Info:    ... okay on input line 9.
LaTeX Font Info:    Checking defaults for OT1/cmr/m/n on input line 9.
LaTeX Font Info:    ... okay on input line 9.
LaTeX Font Info:    Checking defaults for OMS/cmsy/m/n on input line 9.
LaTeX Font Info:    ... okay on input line 9.
LaTeX Font Info:    Checking defaults for OMX/cmex/m/n on input line 9.
LaTeX Font Info:    ... okay on input line 9.
LaTeX Font Info:    Checking defaults for U/cmr/m/n on input line 9.
LaTeX Font Info:    ... okay on input line 9.

("C:\Users\Aditya Luthfi\AppData\Local\Programs\MiKTeX 2.9\tex/context/base/mki
i\supp-pdf.mkii"
[Loading MPS to PDF converter (version 2006.09.02).]
\scratchcounter=\count88
\scratchdimen=\dimen105
\scratchbox=\box27
\nofMPsegments=\count89
\nofMParguments=\count90
\everyMPshowfont=\toks17
\MPscratchCnt=\count91
\MPscratchDim=\dimen106
\MPnumerator=\count92
\makeMPintoPDFobject=\count93
\everyMPtoPDFconversion=\toks18
)
("C:\Users\Aditya Luthfi\AppData\Local\Programs\MiKTeX 2.9\tex/latex/oberdiek\e
pstopdf-base.sty"
Package: epstopdf-base 2016/05/15 v2.6 Base part for package epstopdf

("C:\Users\Aditya Luthfi\AppData\Local\Programs\MiKTeX 2.9\tex/generic/oberdiek
\infwarerr.sty"
Package: infwarerr 2016/05/16 v1.4 Providing info/warning/error messages (HO)
)
("C:\Users\Aditya Luthfi\AppData\Local\Programs\MiKTeX 2.9\tex/latex/oberdiek\g
rfext.sty"
Package: grfext 2016/05/16 v1.2 Manage graphics extensions (HO)

("C:\Users\Aditya Luthfi\AppData\Local\Programs\MiKTeX 2.9\tex/generic/oberdiek
\kvdefinekeys.sty"
Package: kvdefinekeys 2016/05/16 v1.4 Define keys (HO)

("C:\Users\Aditya Luthfi\AppData\Local\Programs\MiKTeX 2.9\tex/generic/oberdiek
\ltxcmds.sty"
Package: ltxcmds 2016/05/16 v1.23 LaTeX kernel commands for general use (HO)
)))
("C:\Users\Aditya Luthfi\AppData\Local\Programs\MiKTeX 2.9\tex/latex/oberdiek\k
voptions.sty"
Package: kvoptions 2016/05/16 v3.12 Key value format for package options (HO)

("C:\Users\Aditya Luthfi\AppData\Local\Programs\MiKTeX 2.9\tex/generic/oberdiek
\kvsetkeys.sty"
Package: kvsetkeys 2016/05/16 v1.17 Key value parser (HO)

("C:\Users\Aditya Luthfi\AppData\Local\Programs\MiKTeX 2.9\tex/generic/oberdiek
\etexcmds.sty"
Package: etexcmds 2016/05/16 v1.6 Avoid name clashes with e-TeX commands (HO)

("C:\Users\Aditya Luthfi\AppData\Local\Programs\MiKTeX 2.9\tex/generic/oberdiek
\ifluatex.sty"
Package: ifluatex 2016/05/16 v1.4 Provides the ifluatex switch (HO)
Package ifluatex Info: LuaTeX not detected.
))))
("C:\Users\Aditya Luthfi\AppData\Local\Programs\MiKTeX 2.9\tex/generic/oberdiek
\pdftexcmds.sty"
Package: pdftexcmds 2019/07/25 v0.30 Utility functions of pdfTeX for LuaTeX (HO
)

("C:\Users\Aditya Luthfi\AppData\Local\Programs\MiKTeX 2.9\tex/generic/oberdiek
\ifpdf.sty"
Package: ifpdf 2018/09/07 v3.3 Provides the ifpdf switch
)
Package pdftexcmds Info: LuaTeX not detected.
Package pdftexcmds Info: \pdf@primitive is available.
Package pdftexcmds Info: \pdf@ifprimitive is available.
Package pdftexcmds Info: \pdfdraftmode found.
)
Package epstopdf-base Info: Redefining graphics rule for `.eps' on input line 4
38.
Package grfext Info: Graphics extension search list:
(grfext)             [.pdf,.png,.jpg,.mps,.jpeg,.jbig2,.jb2,.PDF,.PNG,.JPG,.JPE
G,.JBIG2,.JB2,.eps]
(grfext)             \AppendGraphicsExtensions on input line 456.
)
LaTeX Font Info:    External font `cmex10' loaded for size
(Font)              <14.4> on input line 11.
LaTeX Font Info:    External font `cmex10' loaded for size
(Font)              <7> on input line 11.
<gambar/1.png, id=1, 1027.58907pt x 500.62032pt>
File: gambar/1.png Graphic file (type png)
<use gambar/1.png>
Package pdftex.def Info: gambar/1.png  used on input line 20.
(pdftex.def)             Requested size: 308.2791pt x 150.18726pt.
<gambar/2.png, id=3, 1027.58907pt x 496.10344pt>
File: gambar/2.png Graphic file (type png)
<use gambar/2.png>
Package pdftex.def Info: gambar/2.png  used on input line 26.
(pdftex.def)             Requested size: 308.2791pt x 148.83217pt.

Underfull \hbox (badness 10000) in paragraph at lines 23--31

 []


Underfull \hbox (badness 10000) in paragraph at lines 23--31

 []


Underfull \hbox (badness 10000) in paragraph at lines 23--31

 []

[1

{C:/Users/Aditya Luthfi/AppData/Local/MiKTeX/2.9/pdftex/config/pdftex.map} <./g
ambar/1.png> <./gambar/2.png>]
<gambar/3.png, id=13, 1026.83624pt x 496.85625pt>
File: gambar/3.png Graphic file (type png)
<use gambar/3.png>
Package pdftex.def Info: gambar/3.png  used on input line 34.
(pdftex.def)             Requested size: 410.72722pt x 198.73897pt.

Overfull \hbox (20.72722pt too wide) in paragraph at lines 34--35
 [][] 
 []


Underfull \hbox (badness 10000) in paragraph at lines 31--38

 []


Underfull \hbox (badness 10000) in paragraph at lines 31--38

 []

<gambar/4.png, id=14, 1027.58907pt x 496.85625pt>
File: gambar/4.png Graphic file (type png)
<use gambar/4.png>
Package pdftex.def Info: gambar/4.png  used on input line 41.
(pdftex.def)             Requested size: 411.02835pt x 198.73897pt.

Overfull \hbox (21.02835pt too wide) in paragraph at lines 41--42
 [][] 
 []

<gambar/5.png, id=15, 1027.58907pt x 496.10344pt>
File: gambar/5.png Graphic file (type png)
<use gambar/5.png>
Package pdftex.def Info: gambar/5.png  used on input line 47.
(pdftex.def)             Requested size: 411.02835pt x 198.43785pt.

Overfull \hbox (21.02835pt too wide) in paragraph at lines 47--48
 [][] 
 []

[2 <./gambar/3.png> <./gambar/4.png>]
File: gambar/4.png Graphic file (type png)
<use gambar/4.png>
Package pdftex.def Info: gambar/4.png  used on input line 53.
(pdftex.def)             Requested size: 411.02835pt x 198.73897pt.

Overfull \hbox (21.02835pt too wide) in paragraph at lines 53--54
 [][] 
 []


Underfull \hbox (badness 10000) in paragraph at lines 50--59

 []


Underfull \hbox (badness 10000) in paragraph at lines 50--59

 []


Underfull \hbox (badness 10000) in paragraph at lines 50--59

 []


Underfull \hbox (badness 10000) in paragraph at lines 50--59

 []

<gambar/6.png, id=21, 1027.58907pt x 495.35063pt>
File: gambar/6.png Graphic file (type png)
<use gambar/6.png>
Package pdftex.def Info: gambar/6.png  used on input line 62.
(pdftex.def)             Requested size: 411.02835pt x 198.13673pt.

Overfull \hbox (21.02835pt too wide) in paragraph at lines 62--63
 [][] 
 []


Underfull \hbox (badness 10000) in paragraph at lines 59--67

 []


Underfull \hbox (badness 10000) in paragraph at lines 59--67

 []


Underfull \hbox (badness 10000) in paragraph at lines 59--67

 []

[3 <./gambar/5.png>]
<gambar/7.png, id=26, 1027.58907pt x 495.35063pt>
File: gambar/7.png Graphic file (type png)
<use gambar/7.png>
Package pdftex.def Info: gambar/7.png  used on input line 70.
(pdftex.def)             Requested size: 411.02835pt x 198.13673pt.

Overfull \hbox (21.02835pt too wide) in paragraph at lines 70--71
 [][] 
 []


Underfull \hbox (badness 10000) in paragraph at lines 67--77

 []


Underfull \hbox (badness 10000) in paragraph at lines 67--77

 []


Underfull \hbox (badness 10000) in paragraph at lines 67--77

 []


Underfull \hbox (badness 10000) in paragraph at lines 67--77

 []


Underfull \hbox (badness 10000) in paragraph at lines 67--77

 []

[4 <./gambar/6.png> <./gambar/7.png>]
<gambar/8.png, id=32, 1027.58907pt x 495.35063pt>
File: gambar/8.png Graphic file (type png)
<use gambar/8.png>
Package pdftex.def Info: gambar/8.png  used on input line 80.
(pdftex.def)             Requested size: 308.2791pt x 148.60634pt.
<gambar/9.png, id=33, 1027.58907pt x 497.60907pt>
File: gambar/9.png Graphic file (type png)
<use gambar/9.png>
Package pdftex.def Info: gambar/9.png  used on input line 90.
(pdftex.def)             Requested size: 308.2791pt x 149.28386pt.

Underfull \hbox (badness 10000) in paragraph at lines 87--97

 []


Underfull \hbox (badness 10000) in paragraph at lines 87--97

 []


Underfull \hbox (badness 10000) in paragraph at lines 87--97

 []


Underfull \hbox (badness 10000) in paragraph at lines 87--97

 []


Underfull \hbox (badness 10000) in paragraph at lines 87--97

 []

<gambar/10.png, id=34, 1027.58907pt x 496.85625pt>
File: gambar/10.png Graphic file (type png)
<use gambar/10.png>
Package pdftex.def Info: gambar/10.png  used on input line 100.
(pdftex.def)             Requested size: 411.02835pt x 198.73897pt.

Overfull \hbox (21.02835pt too wide) in paragraph at lines 100--101
 [][] 
 []

[5 <./gambar/8.png> <./gambar/9.png>]
<gambar/11.png, id=40, 1027.58907pt x 496.10344pt>
File: gambar/11.png Graphic file (type png)
<use gambar/11.png>
Package pdftex.def Info: gambar/11.png  used on input line 106.
(pdftex.def)             Requested size: 411.02835pt x 198.43785pt.

Overfull \hbox (21.02835pt too wide) in paragraph at lines 106--107
 [][] 
 []


Underfull \hbox (badness 10000) in paragraph at lines 103--112

 []


Underfull \hbox (badness 10000) in paragraph at lines 103--112

 []


Underfull \hbox (badness 10000) in paragraph at lines 103--112

 []


Underfull \hbox (badness 10000) in paragraph at lines 103--112

 []

<gambar/12.png, id=41, 1027.58907pt x 496.10344pt>
File: gambar/12.png Graphic file (type png)
<use gambar/12.png>
Package pdftex.def Info: gambar/12.png  used on input line 115.
(pdftex.def)             Requested size: 411.02835pt x 198.43785pt.

Overfull \hbox (21.02835pt too wide) in paragraph at lines 115--116
 [][] 
 []

[6 <./gambar/10.png> <./gambar/11.png>]
<gambar/13.png, id=47, 1027.58907pt x 493.845pt>
File: gambar/13.png Graphic file (type png)
<use gambar/13.png>
Package pdftex.def Info: gambar/13.png  used on input line 121.
(pdftex.def)             Requested size: 411.02835pt x 197.53448pt.

Overfull \hbox (21.02835pt too wide) in paragraph at lines 121--122
 [][] 
 []


Underfull \hbox (badness 10000) in paragraph at lines 118--127

 []


Underfull \hbox (badness 10000) in paragraph at lines 118--127

 []


Underfull \hbox (badness 10000) in paragraph at lines 118--127

 []


Underfull \hbox (badness 10000) in paragraph at lines 118--127

 []

<gambar/14.png, id=48, 1027.58907pt x 496.85625pt>
File: gambar/14.png Graphic file (type png)
<use gambar/14.png>
Package pdftex.def Info: gambar/14.png  used on input line 130.
(pdftex.def)             Requested size: 411.02835pt x 198.73897pt.

Overfull \hbox (21.02835pt too wide) in paragraph at lines 130--131
 [][] 
 []

[7 <./gambar/12.png> <./gambar/13.png>]
File: gambar/4.png Graphic file (type png)
<use gambar/4.png>
Package pdftex.def Info: gambar/4.png  used on input line 138.
(pdftex.def)             Requested size: 411.02835pt x 198.73897pt.

Overfull \hbox (21.02835pt too wide) in paragraph at lines 138--139
 [][] 
 []


Underfull \hbox (badness 10000) in paragraph at lines 135--144

 []


Underfull \hbox (badness 10000) in paragraph at lines 135--144

 []


Underfull \hbox (badness 10000) in paragraph at lines 135--144

 []


Underfull \hbox (badness 10000) in paragraph at lines 135--144

 []

[8 <./gambar/14.png>]
<gambar/15.png, id=59, 1027.58907pt x 496.85625pt>
File: gambar/15.png Graphic file (type png)
<use gambar/15.png>
Package pdftex.def Info: gambar/15.png  used on input line 147.
(pdftex.def)             Requested size: 411.02835pt x 198.73897pt.

Overfull \hbox (21.02835pt too wide) in paragraph at lines 147--148
 [][] 
 []

<gambar/16.png, id=60, 1027.58907pt x 496.85625pt>
File: gambar/16.png Graphic file (type png)
<use gambar/16.png>
Package pdftex.def Info: gambar/16.png  used on input line 155.
(pdftex.def)             Requested size: 411.02835pt x 198.73897pt.

Overfull \hbox (21.02835pt too wide) in paragraph at lines 155--156
 [][] 
 []


Underfull \hbox (badness 10000) in paragraph at lines 152--161

 []


Underfull \hbox (badness 10000) in paragraph at lines 152--161

 []


Underfull \hbox (badness 10000) in paragraph at lines 152--161

 []


Underfull \hbox (badness 10000) in paragraph at lines 152--161

 []

[9 <./gambar/15.png> <./gambar/16.png>]
<gambar/17.png, id=66, 1027.58907pt x 496.85625pt>
File: gambar/17.png Graphic file (type png)
<use gambar/17.png>
Package pdftex.def Info: gambar/17.png  used on input line 164.
(pdftex.def)             Requested size: 411.02835pt x 198.73897pt.

Overfull \hbox (21.02835pt too wide) in paragraph at lines 164--165
 [][] 
 []

<gambar/18.png, id=67, 1027.58907pt x 498.36188pt>
File: gambar/18.png Graphic file (type png)
<use gambar/18.png>
Package pdftex.def Info: gambar/18.png  used on input line 172.
(pdftex.def)             Requested size: 411.02835pt x 199.34122pt.

Overfull \hbox (21.02835pt too wide) in paragraph at lines 172--173
 [][] 
 []


Underfull \hbox (badness 10000) in paragraph at lines 169--178

 []


Underfull \hbox (badness 10000) in paragraph at lines 169--178

 []


Underfull \hbox (badness 10000) in paragraph at lines 169--178

 []


Underfull \hbox (badness 10000) in paragraph at lines 169--178

 []

[10 <./gambar/17.png> <./gambar/18.png>]
<gambar/19.png, id=73, 1027.58907pt x 497.60907pt>
File: gambar/19.png Graphic file (type png)
<use gambar/19.png>
Package pdftex.def Info: gambar/19.png  used on input line 181.
(pdftex.def)             Requested size: 411.02835pt x 199.0401pt.

Overfull \hbox (21.02835pt too wide) in paragraph at lines 181--182
 [][] 
 []

<gambar/20.png, id=74, 1027.58907pt x 496.85625pt>
File: gambar/20.png Graphic file (type png)
<use gambar/20.png>
Package pdftex.def Info: gambar/20.png  used on input line 189.
(pdftex.def)             Requested size: 411.02835pt x 198.73897pt.

Overfull \hbox (21.02835pt too wide) in paragraph at lines 189--190
 [][] 
 []


Underfull \hbox (badness 10000) in paragraph at lines 186--195

 []


Underfull \hbox (badness 10000) in paragraph at lines 186--195

 []


Underfull \hbox (badness 10000) in paragraph at lines 186--195

 []


Underfull \hbox (badness 10000) in paragraph at lines 186--195

 []

[11 <./gambar/19.png> <./gambar/20.png>]
<gambar/21.png, id=80, 1027.58907pt x 497.60907pt>
File: gambar/21.png Graphic file (type png)
<use gambar/21.png>
Package pdftex.def Info: gambar/21.png  used on input line 198.
(pdftex.def)             Requested size: 411.02835pt x 199.0401pt.

Overfull \hbox (21.02835pt too wide) in paragraph at lines 198--199
 [][] 
 []

<gambar/22.png, id=81, 1026.08344pt x 497.60907pt>
File: gambar/22.png Graphic file (type png)
<use gambar/22.png>
Package pdftex.def Info: gambar/22.png  used on input line 204.
(pdftex.def)             Requested size: 410.4261pt x 199.0401pt.

Overfull \hbox (20.4261pt too wide) in paragraph at lines 204--205
 [][] 
 []

[12 <./gambar/21.png> <./gambar/22.png>]
Overfull \hbox (80.03001pt too wide) in paragraph at lines 214--216
\OT1/cmr/m/n/12 https://apex.oracle.com/pls/apex/f?p=92872:LOGIN[]DESKTOP:16366
338962381::::: 
 []

[13] (Tugas3.aux) ) 
Here is how much of TeX's memory you used:
 1644 strings out of 492452
 24839 string characters out of 3116325
 85592 words of memory out of 3000000
 5996 multiletter control sequences out of 15000+200000
 5756 words of font info for 21 fonts, out of 3000000 for 9000
 1141 hyphenation exceptions out of 8191
 46i,7n,30p,275b,303s stack positions out of 5000i,500n,10000p,200000b,50000s
<C:/Users/Aditya Luthfi/AppData/Local/Programs/MiKTeX 2.9/fo
nts/type1/public/amsfonts/cm/cmbx12.pfb><C:/Users/Aditya Luthfi/AppData/Local/P
rograms/MiKTeX 2.9/fonts/type1/public/amsfonts/cm/cmr12.pfb><C:/Users/Aditya Lu
thfi/AppData/Local/Programs/MiKTeX 2.9/fonts/type1/public/amsfonts/cm/cmr17.pfb
>
Output written on Tugas3.pdf (13 pages, 723938 bytes).
PDF statistics:
 102 PDF objects out of 1000 (max. 8388607)
 0 named destinations out of 1000 (max. 500000)
 111 words of extra memory for PDF output out of 10000 (max. 10000000)

