This is pdfTeX, Version 3.14159265-2.6-1.40.20 (MiKTeX 2.9.7000 64-bit) (preloaded format=pdflatex 2019.10.12)  14 NOV 2019 19:06
entering extended mode
**./main.tex
(main.tex
LaTeX2e <2018-12-01>
(ociamthesis.cls
Document Class: ociamthesis 2010/11/22 v2.2 OCIAM thesis class
("C:\Users\ANIF\AppData\Local\Programs\MiKTeX 2.9\tex/latex/base\report.cls"
Document Class: report 2018/09/03 v1.4i Standard LaTeX document class
("C:\Users\ANIF\AppData\Local\Programs\MiKTeX 2.9\tex/latex/base\size12.clo"
File: size12.clo 2018/09/03 v1.4i Standard LaTeX file (size option)
)
\c@part=\count80
\c@chapter=\count81
\c@section=\count82
\c@subsection=\count83
\c@subsubsection=\count84
\c@paragraph=\count85
\c@subparagraph=\count86
\c@figure=\count87
\c@table=\count88
\abovecaptionskip=\skip41
\belowcaptionskip=\skip42
\bibindent=\dimen102
)
("C:\Users\ANIF\AppData\Local\Programs\MiKTeX 2.9\tex/latex/graphics\graphicx.s
ty"
Package: graphicx 2017/06/01 v1.1a Enhanced LaTeX Graphics (DPC,SPQR)

("C:\Users\ANIF\AppData\Local\Programs\MiKTeX 2.9\tex/latex/graphics\keyval.sty
"
Package: keyval 2014/10/28 v1.15 key=value parser (DPC)
\KV@toks@=\toks14
)
("C:\Users\ANIF\AppData\Local\Programs\MiKTeX 2.9\tex/latex/graphics\graphics.s
ty"
Package: graphics 2017/06/25 v1.2c Standard LaTeX Graphics (DPC,SPQR)

("C:\Users\ANIF\AppData\Local\Programs\MiKTeX 2.9\tex/latex/graphics\trig.sty"
Package: trig 2016/01/03 v1.10 sin cos tan (DPC)
)
("C:\Users\ANIF\AppData\Local\Programs\MiKTeX 2.9\tex/latex/graphics-cfg\graphi
cs.cfg"
File: graphics.cfg 2016/06/04 v1.11 sample graphics configuration
)
Package graphics Info: Driver file: pdftex.def on input line 99.

("C:\Users\ANIF\AppData\Local\Programs\MiKTeX 2.9\tex/latex/graphics-def\pdftex
.def"
File: pdftex.def 2018/01/08 v1.0l Graphics/color driver for pdftex
))
\Gin@req@height=\dimen103
\Gin@req@width=\dimen104
)
("C:\Users\ANIF\AppData\Local\Programs\MiKTeX 2.9\tex/latex/base\ifthen.sty"
Package: ifthen 2014/09/29 v1.1c Standard LaTeX ifthen package (DPC)
))
("C:\Users\ANIF\AppData\Local\Programs\MiKTeX 2.9\tex/latex/amsfonts\amssymb.st
y"
Package: amssymb 2013/01/14 v3.01 AMS font symbols

("C:\Users\ANIF\AppData\Local\Programs\MiKTeX 2.9\tex/latex/amsfonts\amsfonts.s
ty"
Package: amsfonts 2013/01/14 v3.01 Basic AMSFonts support
\@emptytoks=\toks15
\symAMSa=\mathgroup4
\symAMSb=\mathgroup5
LaTeX Font Info:    Overwriting math alphabet `\mathfrak' in version `bold'
(Font)                  U/euf/m/n --> U/euf/b/n on input line 106.
))
("C:\Users\ANIF\AppData\Local\Programs\MiKTeX 2.9\tex/latex/multirow\multirow.s
ty"
Package: multirow 2019/01/01 v2.4 Span multiple rows of a table
\multirow@colwidth=\skip43
\multirow@cntb=\count89
\multirow@dima=\skip44
\bigstrutjot=\dimen105
)
("C:\Users\ANIF\AppData\Local\Programs\MiKTeX 2.9\tex/latex/hyperref\hyperref.s
ty"
Package: hyperref 2018/11/30 v6.88e Hypertext links for LaTeX

("C:\Users\ANIF\AppData\Local\Programs\MiKTeX 2.9\tex/generic/oberdiek\hobsub-h
yperref.sty"
Package: hobsub-hyperref 2016/05/16 v1.14 Bundle oberdiek, subset hyperref (HO)


("C:\Users\ANIF\AppData\Local\Programs\MiKTeX 2.9\tex/generic/oberdiek\hobsub-g
eneric.sty"
Package: hobsub-generic 2016/05/16 v1.14 Bundle oberdiek, subset generic (HO)
Package: hobsub 2016/05/16 v1.14 Construct package bundles (HO)
Package: infwarerr 2016/05/16 v1.4 Providing info/warning/error messages (HO)
Package: ltxcmds 2016/05/16 v1.23 LaTeX kernel commands for general use (HO)
Package: ifluatex 2016/05/16 v1.4 Provides the ifluatex switch (HO)
Package ifluatex Info: LuaTeX not detected.
Package: ifvtex 2016/05/16 v1.6 Detect VTeX and its facilities (HO)
Package ifvtex Info: VTeX not detected.
Package: intcalc 2016/05/16 v1.2 Expandable calculations with integers (HO)
Package: ifpdf 2018/09/07 v3.3 Provides the ifpdf switch
Package: etexcmds 2016/05/16 v1.6 Avoid name clashes with e-TeX commands (HO)
Package: kvsetkeys 2016/05/16 v1.17 Key value parser (HO)
Package: kvdefinekeys 2016/05/16 v1.4 Define keys (HO)
Package: pdftexcmds 2018/09/10 v0.29 Utility functions of pdfTeX for LuaTeX (HO
)
Package pdftexcmds Info: LuaTeX not detected.
Package pdftexcmds Info: \pdf@primitive is available.
Package pdftexcmds Info: \pdf@ifprimitive is available.
Package pdftexcmds Info: \pdfdraftmode found.
Package: pdfescape 2016/05/16 v1.14 Implements pdfTeX's escape features (HO)
Package: bigintcalc 2016/05/16 v1.4 Expandable calculations on big integers (HO
)
Package: bitset 2016/05/16 v1.2 Handle bit-vector datatype (HO)
Package: uniquecounter 2016/05/16 v1.3 Provide unlimited unique counter (HO)
)
Package hobsub Info: Skipping package `hobsub' (already loaded).
Package: letltxmacro 2016/05/16 v1.5 Let assignment for LaTeX macros (HO)
Package: hopatch 2016/05/16 v1.3 Wrapper for package hooks (HO)
Package: xcolor-patch 2016/05/16 xcolor patch
Package: atveryend 2016/05/16 v1.9 Hooks at the very end of document (HO)
Package atveryend Info: \enddocument detected (standard20110627).
Package: atbegshi 2016/06/09 v1.18 At begin shipout hook (HO)
Package: refcount 2016/05/16 v3.5 Data extraction from label references (HO)
Package: hycolor 2016/05/16 v1.8 Color options for hyperref/bookmark (HO)
)
("C:\Users\ANIF\AppData\Local\Programs\MiKTeX 2.9\tex/generic/ifxetex\ifxetex.s
ty"
Package: ifxetex 2010/09/12 v0.6 Provides ifxetex conditional
)
("C:\Users\ANIF\AppData\Local\Programs\MiKTeX 2.9\tex/latex/oberdiek\auxhook.st
y"
Package: auxhook 2016/05/16 v1.4 Hooks for auxiliary files (HO)
)
("C:\Users\ANIF\AppData\Local\Programs\MiKTeX 2.9\tex/latex/oberdiek\kvoptions.
sty"
Package: kvoptions 2016/05/16 v3.12 Key value format for package options (HO)
)
\@linkdim=\dimen106
\Hy@linkcounter=\count90
\Hy@pagecounter=\count91

("C:\Users\ANIF\AppData\Local\Programs\MiKTeX 2.9\tex/latex/hyperref\pd1enc.def
"
File: pd1enc.def 2018/11/30 v6.88e Hyperref: PDFDocEncoding definition (HO)
Now handling font encoding PD1 ...
... no UTF-8 mapping file for font encoding PD1
)
\Hy@SavedSpaceFactor=\count92

("C:\Users\ANIF\AppData\Local\Programs\MiKTeX 2.9\tex/latex/00miktex\hyperref.c
fg"
File: hyperref.cfg 2002/06/06 v1.2 hyperref configuration of TeXLive
)
Package hyperref Info: Hyper figures OFF on input line 4519.
Package hyperref Info: Link nesting OFF on input line 4524.
Package hyperref Info: Hyper index ON on input line 4527.
Package hyperref Info: Plain pages OFF on input line 4534.
Package hyperref Info: Backreferencing OFF on input line 4539.
Package hyperref Info: Implicit mode ON; LaTeX internals redefined.
Package hyperref Info: Bookmarks ON on input line 4772.
\c@Hy@tempcnt=\count93
 ("C:\Users\ANIF\AppData\Local\Programs\MiKTeX 2.9\tex/latex/url\url.sty"
\Urlmuskip=\muskip10
Package: url 2013/09/16  ver 3.4  Verb mode for urls, etc.
)
LaTeX Info: Redefining \url on input line 5125.
\XeTeXLinkMargin=\dimen107
\Fld@menulength=\count94
\Field@Width=\dimen108
\Fld@charsize=\dimen109
Package hyperref Info: Hyper figures OFF on input line 6380.
Package hyperref Info: Link nesting OFF on input line 6385.
Package hyperref Info: Hyper index ON on input line 6388.
Package hyperref Info: backreferencing OFF on input line 6395.
Package hyperref Info: Link coloring OFF on input line 6400.
Package hyperref Info: Link coloring with OCG OFF on input line 6405.
Package hyperref Info: PDF/A mode OFF on input line 6410.
LaTeX Info: Redefining \ref on input line 6450.
LaTeX Info: Redefining \pageref on input line 6454.
\Hy@abspage=\count95
\c@Item=\count96
\c@Hfootnote=\count97
)
Package hyperref Info: Driver (autodetected): hpdftex.

("C:\Users\ANIF\AppData\Local\Programs\MiKTeX 2.9\tex/latex/hyperref\hpdftex.de
f"
File: hpdftex.def 2018/11/30 v6.88e Hyperref driver for pdfTeX
\Fld@listcount=\count98
\c@bookmark@seq@number=\count99

("C:\Users\ANIF\AppData\Local\Programs\MiKTeX 2.9\tex/latex/oberdiek\rerunfilec
heck.sty"
Package: rerunfilecheck 2016/05/16 v1.8 Rerun checks for auxiliary files (HO)
Package uniquecounter Info: New unique counter `rerunfilecheck' on input line 2
82.
)
\Hy@SectionHShift=\skip45
) (main.aux (section/acknowlegements.aux) (section/chapter1.aux

LaTeX Warning: Label `gambar' multiply defined.


LaTeX Warning: Label `gambar' multiply defined.


LaTeX Warning: Label `gambar' multiply defined.


LaTeX Warning: Label `gambar' multiply defined.


LaTeX Warning: Label `gambar' multiply defined.


LaTeX Warning: Label `gambar' multiply defined.


LaTeX Warning: Label `gambar' multiply defined.


LaTeX Warning: Label `gambar' multiply defined.


LaTeX Warning: Label `gambar' multiply defined.


LaTeX Warning: Label `gambar' multiply defined.


LaTeX Warning: Label `gambar' multiply defined.


LaTeX Warning: Label `gambar' multiply defined.


LaTeX Warning: Label `gambar' multiply defined.


LaTeX Warning: Label `gambar' multiply defined.


LaTeX Warning: Label `gambar' multiply defined.


LaTeX Warning: Label `gambar' multiply defined.


LaTeX Warning: Label `gambar' multiply defined.


LaTeX Warning: Label `gambar' multiply defined.


LaTeX Warning: Label `gambar' multiply defined.


LaTeX Warning: Label `gambar' multiply defined.


LaTeX Warning: Label `gambar' multiply defined.


LaTeX Warning: Label `gambar' multiply defined.


LaTeX Warning: Label `gambar' multiply defined.


LaTeX Warning: Label `gambar' multiply defined.


LaTeX Warning: Label `gambar' multiply defined.


LaTeX Warning: Label `gambar' multiply defined.


LaTeX Warning: Label `gambar' multiply defined.


LaTeX Warning: Label `gambar' multiply defined.


LaTeX Warning: Label `gambar' multiply defined.


LaTeX Warning: Label `gambar' multiply defined.


LaTeX Warning: Label `gambar' multiply defined.


LaTeX Warning: Label `gambar' multiply defined.


LaTeX Warning: Label `gambar' multiply defined.


LaTeX Warning: Label `gambar' multiply defined.


LaTeX Warning: Label `gambar' multiply defined.


LaTeX Warning: Label `gambar' multiply defined.


LaTeX Warning: Label `gambar' multiply defined.

))
\openout1 = `main.aux'.

LaTeX Font Info:    Checking defaults for OML/cmm/m/it on input line 27.
LaTeX Font Info:    ... okay on input line 27.
LaTeX Font Info:    Checking defaults for T1/cmr/m/n on input line 27.
LaTeX Font Info:    ... okay on input line 27.
LaTeX Font Info:    Checking defaults for OT1/cmr/m/n on input line 27.
LaTeX Font Info:    ... okay on input line 27.
LaTeX Font Info:    Checking defaults for OMS/cmsy/m/n on input line 27.
LaTeX Font Info:    ... okay on input line 27.
LaTeX Font Info:    Checking defaults for OMX/cmex/m/n on input line 27.
LaTeX Font Info:    ... okay on input line 27.
LaTeX Font Info:    Checking defaults for U/cmr/m/n on input line 27.
LaTeX Font Info:    ... okay on input line 27.
LaTeX Font Info:    Checking defaults for PD1/pdf/m/n on input line 27.
LaTeX Font Info:    ... okay on input line 27.

("C:\Users\ANIF\AppData\Local\Programs\MiKTeX 2.9\tex/context/base/mkii\supp-pd
f.mkii"
[Loading MPS to PDF converter (version 2006.09.02).]
\scratchcounter=\count100
\scratchdimen=\dimen110
\scratchbox=\box27
\nofMPsegments=\count101
\nofMParguments=\count102
\everyMPshowfont=\toks16
\MPscratchCnt=\count103
\MPscratchDim=\dimen111
\MPnumerator=\count104
\makeMPintoPDFobject=\count105
\everyMPtoPDFconversion=\toks17
)
("C:\Users\ANIF\AppData\Local\Programs\MiKTeX 2.9\tex/latex/oberdiek\epstopdf-b
ase.sty"
Package: epstopdf-base 2016/05/15 v2.6 Base part for package epstopdf

("C:\Users\ANIF\AppData\Local\Programs\MiKTeX 2.9\tex/latex/oberdiek\grfext.sty
"
Package: grfext 2016/05/16 v1.2 Manage graphics extensions (HO)
)
Package epstopdf-base Info: Redefining graphics rule for `.eps' on input line 4
38.
Package grfext Info: Graphics extension search list:
(grfext)             [.pdf,.png,.jpg,.mps,.jpeg,.jbig2,.jb2,.PDF,.PNG,.JPG,.JPE
G,.JBIG2,.JB2,.eps]
(grfext)             \AppendGraphicsExtensions on input line 456.
)
\AtBeginShipoutBox=\box28
Package hyperref Info: Link coloring OFF on input line 27.

("C:\Users\ANIF\AppData\Local\Programs\MiKTeX 2.9\tex/latex/hyperref\nameref.st
y"
Package: nameref 2016/05/21 v2.44 Cross-referencing by name of section

("C:\Users\ANIF\AppData\Local\Programs\MiKTeX 2.9\tex/generic/oberdiek\gettitle
string.sty"
Package: gettitlestring 2016/05/16 v1.5 Cleanup title references (HO)
)
\c@section@level=\count106
)
LaTeX Info: Redefining \ref on input line 27.
LaTeX Info: Redefining \pageref on input line 27.
LaTeX Info: Redefining \nameref on input line 27.
 (main.out) (main.out)
\@outlinefile=\write3
\openout3 = `main.out'.

<logo-poltekpos.png, id=11, 291.2481pt x 272.217pt>
File: logo-poltekpos.png Graphic file (type png)
<use logo-poltekpos.png>
Package pdftex.def Info: logo-poltekpos.png  used on input line 39.
(pdftex.def)             Requested size: 91.04881pt x 85.10081pt.
 [1


{C:/Users/ANIF/AppData/Local/MiKTeX/2.9/pdftex/config/pdftex.map} <./logo-polte
kpos.png>]
\openout2 = `section/acknowlegements.aux'.

 (section/acknowlegements.tex
[2


]) (main.toc
LaTeX Font Info:    Try loading font information for U+msa on input line 2.

("C:\Users\ANIF\AppData\Local\Programs\MiKTeX 2.9\tex/latex/amsfonts\umsa.fd"
File: umsa.fd 2013/01/14 v3.01 AMS symbols A
)
LaTeX Font Info:    Try loading font information for U+msb on input line 2.

("C:\Users\ANIF\AppData\Local\Programs\MiKTeX 2.9\tex/latex/amsfonts\umsb.fd"
File: umsb.fd 2013/01/14 v3.01 AMS symbols B
))
\tf@toc=\write4
\openout4 = `main.toc'.

[1



]
\openout2 = `section/chapter1.aux'.

 (section/chapter1.tex
BAB 1.

Overfull \hbox (21.24892pt too wide) in paragraph at lines 4--5
\OT1/cmr/m/n/12 yang ada pada bab 3 Ba-sis Data Semester 1,yaitu Tabel Ma-ha-si
swa,Dosen,kuliah,Nilai,dan
 []

<figures/mhs.png, id=35, 1371.1225pt x 770.88pt>
File: figures/mhs.png Graphic file (type png)
<use figures/mhs.png>
Package pdftex.def Info: figures/mhs.png  used on input line 10.
(pdftex.def)             Requested size: 411.33992pt x 231.26578pt.
<figures/dosen.png, id=36, 1371.1225pt x 770.88pt>
File: figures/dosen.png Graphic file (type png)
<use figures/dosen.png>
Package pdftex.def Info: figures/dosen.png  used on input line 18.
(pdftex.def)             Requested size: 411.33992pt x 231.26578pt.

Underfull \hbox (badness 10000) in paragraph at lines 25--26
[]\OT1/cmr/m/n/12 Menormalisasi dan Mem-buat Tabel Ku-liah di ECXEL. Den-gan Fi
eld
 []

<figures/kuliah.png, id=37, 1371.1225pt x 770.88pt>
File: figures/kuliah.png Graphic file (type png)
<use figures/kuliah.png>
Package pdftex.def Info: figures/kuliah.png  used on input line 27.
(pdftex.def)             Requested size: 411.33992pt x 231.26578pt.
<figures/nilai.png, id=38, 1371.1225pt x 770.88pt>
File: figures/nilai.png Graphic file (type png)
<use figures/nilai.png>
Package pdftex.def Info: figures/nilai.png  used on input line 36.
(pdftex.def)             Requested size: 411.33992pt x 231.26578pt.

Underfull \hbox (badness 10000) in paragraph at lines 43--44
[]\OT1/cmr/m/n/12 Menormalisasi dan Mem-buat Tabel Jad-wal di EX-CEL. Den-gan F
ield
 []

<figures/jadwal.png, id=39, 1371.1225pt x 770.88pt>
File: figures/jadwal.png Graphic file (type png)
<use figures/jadwal.png>
Package pdftex.def Info: figures/jadwal.png  used on input line 45.
(pdftex.def)             Requested size: 411.33992pt x 231.26578pt.
<figures/1.png, id=40, 1371.1225pt x 770.88pt>
File: figures/1.png Graphic file (type png)
<use figures/1.png>
Package pdftex.def Info: figures/1.png  used on input line 54.
(pdftex.def)             Requested size: 411.33992pt x 231.26578pt.
<figures/2.png, id=41, 1371.1225pt x 770.88pt>
File: figures/2.png Graphic file (type png)
<use figures/2.png>
Package pdftex.def Info: figures/2.png  used on input line 63.
(pdftex.def)             Requested size: 411.33992pt x 231.26578pt.
<figures/3.png, id=42, 1371.1225pt x 770.88pt>
File: figures/3.png Graphic file (type png)
<use figures/3.png>
Package pdftex.def Info: figures/3.png  used on input line 72.
(pdftex.def)             Requested size: 411.33992pt x 231.26578pt.
<figures/4.png, id=43, 1371.1225pt x 770.88pt>
File: figures/4.png Graphic file (type png)
<use figures/4.png>
Package pdftex.def Info: figures/4.png  used on input line 81.
(pdftex.def)             Requested size: 411.33992pt x 231.26578pt.
<figures/5.png, id=44, 1371.1225pt x 770.88pt>
File: figures/5.png Graphic file (type png)
<use figures/5.png>
Package pdftex.def Info: figures/5.png  used on input line 90.
(pdftex.def)             Requested size: 411.33992pt x 231.26578pt.
<figures/6.png, id=45, 1371.1225pt x 770.88pt>
File: figures/6.png Graphic file (type png)
<use figures/6.png>
Package pdftex.def Info: figures/6.png  used on input line 99.
(pdftex.def)             Requested size: 411.33992pt x 231.26578pt.
<figures/7.png, id=46, 1371.1225pt x 770.88pt>
File: figures/7.png Graphic file (type png)
<use figures/7.png>
Package pdftex.def Info: figures/7.png  used on input line 108.
(pdftex.def)             Requested size: 411.33992pt x 231.26578pt.
<figures/10.png, id=47, 1371.1225pt x 770.88pt>
File: figures/10.png Graphic file (type png)
<use figures/10.png>
Package pdftex.def Info: figures/10.png  used on input line 117.
(pdftex.def)             Requested size: 411.33992pt x 231.26578pt.
<figures/13.png, id=48, 1371.1225pt x 770.88pt>
File: figures/13.png Graphic file (type png)
<use figures/13.png>
Package pdftex.def Info: figures/13.png  used on input line 126.
(pdftex.def)             Requested size: 411.33992pt x 231.26578pt.
<figures/16.png, id=49, 1371.1225pt x 770.88pt>
File: figures/16.png Graphic file (type png)
<use figures/16.png>
Package pdftex.def Info: figures/16.png  used on input line 135.
(pdftex.def)             Requested size: 411.33992pt x 231.26578pt.
<figures/19.png, id=50, 1371.1225pt x 770.88pt>
File: figures/19.png Graphic file (type png)
<use figures/19.png>
Package pdftex.def Info: figures/19.png  used on input line 145.
(pdftex.def)             Requested size: 411.33992pt x 231.26578pt.
<figures/23.png, id=51, 1371.1225pt x 770.88pt>
File: figures/23.png Graphic file (type png)
<use figures/23.png>
Package pdftex.def Info: figures/23.png  used on input line 154.
(pdftex.def)             Requested size: 411.33992pt x 231.26578pt.
<figures/25.png, id=52, 1371.1225pt x 770.88pt>
File: figures/25.png Graphic file (type png)
<use figures/25.png>
Package pdftex.def Info: figures/25.png  used on input line 163.
(pdftex.def)             Requested size: 411.33992pt x 231.26578pt.
<figures/28.png, id=53, 1371.1225pt x 770.88pt>
File: figures/28.png Graphic file (type png)
<use figures/28.png>
Package pdftex.def Info: figures/28.png  used on input line 172.
(pdftex.def)             Requested size: 411.33992pt x 231.26578pt.
<figures/31.png, id=54, 1371.1225pt x 770.88pt>
File: figures/31.png Graphic file (type png)
<use figures/31.png>
Package pdftex.def Info: figures/31.png  used on input line 181.
(pdftex.def)             Requested size: 411.33992pt x 231.26578pt.
<figures/34.png, id=55, 1371.1225pt x 770.88pt>
File: figures/34.png Graphic file (type png)
<use figures/34.png>
Package pdftex.def Info: figures/34.png  used on input line 190.
(pdftex.def)             Requested size: 411.33992pt x 231.26578pt.
<figures/37.png, id=56, 1371.1225pt x 770.88pt>
File: figures/37.png Graphic file (type png)
<use figures/37.png>
Package pdftex.def Info: figures/37.png  used on input line 199.
(pdftex.def)             Requested size: 411.33992pt x 231.26578pt.
<figures/45.png, id=57, 1371.1225pt x 770.88pt>
File: figures/45.png Graphic file (type png)
<use figures/45.png>
Package pdftex.def Info: figures/45.png  used on input line 208.
(pdftex.def)             Requested size: 411.33992pt x 231.26578pt.
<figures/40.png, id=58, 1371.1225pt x 770.88pt>
File: figures/40.png Graphic file (type png)
<use figures/40.png>
Package pdftex.def Info: figures/40.png  used on input line 217.
(pdftex.def)             Requested size: 411.33992pt x 231.26578pt.
<figures/43.png, id=59, 1371.1225pt x 770.88pt>
File: figures/43.png Graphic file (type png)
<use figures/43.png>
Package pdftex.def Info: figures/43.png  used on input line 226.
(pdftex.def)             Requested size: 411.33992pt x 231.26578pt.
<figures/48.png, id=60, 1371.1225pt x 770.88pt>
File: figures/48.png Graphic file (type png)
<use figures/48.png>
Package pdftex.def Info: figures/48.png  used on input line 235.
(pdftex.def)             Requested size: 411.33992pt x 231.26578pt.
<figures/49.png, id=61, 1371.1225pt x 770.88pt>
File: figures/49.png Graphic file (type png)
<use figures/49.png>
Package pdftex.def Info: figures/49.png  used on input line 244.
(pdftex.def)             Requested size: 411.33992pt x 231.26578pt.
<figures/51.png, id=62, 1371.1225pt x 770.88pt>
File: figures/51.png Graphic file (type png)
<use figures/51.png>
Package pdftex.def Info: figures/51.png  used on input line 253.
(pdftex.def)             Requested size: 411.33992pt x 231.26578pt.
<figures/52.png, id=63, 1371.1225pt x 770.88pt>
File: figures/52.png Graphic file (type png)
<use figures/52.png>
Package pdftex.def Info: figures/52.png  used on input line 262.
(pdftex.def)             Requested size: 411.33992pt x 231.26578pt.
<figures/56.png, id=64, 1371.1225pt x 770.88pt>
File: figures/56.png Graphic file (type png)
<use figures/56.png>
Package pdftex.def Info: figures/56.png  used on input line 271.
(pdftex.def)             Requested size: 411.33992pt x 231.26578pt.
<figures/55.png, id=65, 1371.1225pt x 770.88pt>
File: figures/55.png Graphic file (type png)
<use figures/55.png>
Package pdftex.def Info: figures/55.png  used on input line 280.
(pdftex.def)             Requested size: 411.33992pt x 231.26578pt.
<figures/60.png, id=66, 1371.1225pt x 770.88pt>
File: figures/60.png Graphic file (type png)
<use figures/60.png>
Package pdftex.def Info: figures/60.png  used on input line 289.
(pdftex.def)             Requested size: 411.33992pt x 231.26578pt.
<figures/61.png, id=67, 1371.1225pt x 770.88pt>
File: figures/61.png Graphic file (type png)
<use figures/61.png>
Package pdftex.def Info: figures/61.png  used on input line 298.
(pdftex.def)             Requested size: 411.33992pt x 231.26578pt.
<figures/62.png, id=68, 1371.1225pt x 770.88pt>
File: figures/62.png Graphic file (type png)
<use figures/62.png>
Package pdftex.def Info: figures/62.png  used on input line 307.
(pdftex.def)             Requested size: 411.33992pt x 231.26578pt.
<figures/63.png, id=69, 1371.1225pt x 770.88pt>
File: figures/63.png Graphic file (type png)
<use figures/63.png>
Package pdftex.def Info: figures/63.png  used on input line 316.
(pdftex.def)             Requested size: 411.33992pt x 231.26578pt.
<figures/64.png, id=70, 1371.1225pt x 770.88pt>
File: figures/64.png Graphic file (type png)
<use figures/64.png>
Package pdftex.def Info: figures/64.png  used on input line 325.
(pdftex.def)             Requested size: 411.33992pt x 231.26578pt.
<figures/65.png, id=71, 1371.1225pt x 770.88pt>
File: figures/65.png Graphic file (type png)
<use figures/65.png>
Package pdftex.def Info: figures/65.png  used on input line 334.
(pdftex.def)             Requested size: 411.33992pt x 231.26578pt.
<figures/59.png, id=72, 1371.1225pt x 770.88pt>
File: figures/59.png Graphic file (type png)
<use figures/59.png>
Package pdftex.def Info: figures/59.png  used on input line 343.
(pdftex.def)             Requested size: 411.33992pt x 231.26578pt.
<figures/66.png, id=74, 1371.1225pt x 770.88pt>
File: figures/66.png Graphic file (type png)
<use figures/66.png>
Package pdftex.def Info: figures/66.png  used on input line 355.
(pdftex.def)             Requested size: 411.33992pt x 231.26578pt.
)pdfTeX warning (ext4): destination with the same identifier (name{page.1}) has
 been already used, duplicate ignored
<to be read again> 
                   \relax 
l.47 \include{section/chapter1}
                                [1



]pdfTeX warning (ext4): destination with the same identifier (name{page.2}) has
 been already used, duplicate ignored
<to be read again> 
                   \relax 
l.47 \include{section/chapter1}
                                [2 <./figures/mhs.png> <./figures/dosen.png>]
[3 <./figures/kuliah.png> <./figures/nilai.png>] [4 <./figures/jadwal.png> <./f
igures/1.png>] [5 <./figures/2.png> <./figures/3.png>] [6 <./figures/4.png> <./
figures/5.png>] [7 <./figures/6.png> <./figures/7.png>] [8 <./figures/10.png> <
./figures/13.png>] [9 <./figures/16.png> <./figures/19.png>] [10 <./figures/23.
png> <./figures/25.png>] [11 <./figures/28.png> <./figures/31.png>] [12 <./figu
res/34.png> <./figures/37.png>] [13 <./figures/45.png> <./figures/40.png>]
[14 <./figures/43.png> <./figures/48.png>] [15 <./figures/49.png> <./figures/51
.png>] [16 <./figures/52.png> <./figures/56.png>] [17 <./figures/55.png> <./fig
ures/60.png>] [18 <./figures/61.png> <./figures/62.png>] [19 <./figures/63.png>
 <./figures/64.png>] [20 <./figures/65.png> <./figures/59.png>] [21 <./figures/
66.png>]
No file main.bbl.
Package atveryend Info: Empty hook `BeforeClearDocument' on input line 61.
Package atveryend Info: Empty hook `AfterLastShipout' on input line 61.
(main.aux (section/acknowlegements.aux) (section/chapter1.aux))
Package atveryend Info: Executing hook `AtVeryEndDocument' on input line 61.
Package atveryend Info: Executing hook `AtEndAfterFileList' on input line 61.
Package rerunfilecheck Info: File `main.out' has not changed.
(rerunfilecheck)             Checksum: CAC4EC13EFBD78D861D99BC94F261CDC;163.


LaTeX Warning: There were multiply-defined labels.

Package atveryend Info: Empty hook `AtVeryVeryEnd' on input line 61.
 ) 
Here is how much of TeX's memory you used:
 5720 strings out of 492945
 86424 string characters out of 3126695
 190692 words of memory out of 3000000
 9454 multiletter control sequences out of 15000+200000
 11462 words of font info for 42 fonts, out of 3000000 for 9000
 1141 hyphenation exceptions out of 8191
 32i,6n,30p,694b,352s stack positions out of 5000i,500n,10000p,200000b,50000s
<C:/Users/ANIF/AppData/Local/Programs/MiKTeX 2.9/fonts/type1/public/amsfonts/
cm/cmbx12.pfb><C:/Users/ANIF/AppData/Local/Programs/MiKTeX 2.9/fonts/type1/publ
ic/amsfonts/cm/cmbxti10.pfb><C:/Users/ANIF/AppData/Local/Programs/MiKTeX 2.9/fo
nts/type1/public/amsfonts/cm/cmr12.pfb><C:/Users/ANIF/AppData/Local/Programs/Mi
KTeX 2.9/fonts/type1/public/amsfonts/cm/cmr17.pfb><C:/Users/ANIF/AppData/Local/
Programs/MiKTeX 2.9/fonts/type1/public/amsfonts/cm/cmti12.pfb>
Output written on main.pdf (24 pages, 2605038 bytes).
PDF statistics:
 271 PDF objects out of 1000 (max. 8388607)
 65 named destinations out of 1000 (max. 500000)
 217 words of extra memory for PDF output out of 10000 (max. 10000000)

