This is pdfTeX, Version 3.14159265-2.6-1.40.20 (MiKTeX 2.9.7200 64-bit) (preloaded format=pdflatex 2019.10.12)  25 OCT 2019 08:13
entering extended mode
**./tugas.tex
(tugas.tex
LaTeX2e <2019-10-01>
("C:\Program Files\MiKTeX 2.9\tex/latex/base\report.cls"
Document Class: report 2019/08/27 v1.4j Standard LaTeX document class
("C:\Program Files\MiKTeX 2.9\tex/latex/base\size12.clo"
File: size12.clo 2019/08/27 v1.4j Standard LaTeX file (size option)
)
\c@part=\count80
\c@chapter=\count81
\c@section=\count82
\c@subsection=\count83
\c@subsubsection=\count84
\c@paragraph=\count85
\c@subparagraph=\count86
\c@figure=\count87
\c@table=\count88
\abovecaptionskip=\skip41
\belowcaptionskip=\skip42
\bibindent=\dimen102
)
("C:\Program Files\MiKTeX 2.9\tex/latex/graphics\graphicx.sty"
Package: graphicx 2017/06/01 v1.1a Enhanced LaTeX Graphics (DPC,SPQR)

("C:\Program Files\MiKTeX 2.9\tex/latex/graphics\keyval.sty"
Package: keyval 2014/10/28 v1.15 key=value parser (DPC)
\KV@toks@=\toks14
)
("C:\Program Files\MiKTeX 2.9\tex/latex/graphics\graphics.sty"
Package: graphics 2019/07/20 v1.3b Standard LaTeX Graphics (DPC,SPQR)

("C:\Program Files\MiKTeX 2.9\tex/latex/graphics\trig.sty"
Package: trig 2016/01/03 v1.10 sin cos tan (DPC)
)
("C:\Program Files\MiKTeX 2.9\tex/latex/graphics-cfg\graphics.cfg"
File: graphics.cfg 2016/06/04 v1.11 sample graphics configuration
)
Package graphics Info: Driver file: pdftex.def on input line 105.

("C:\Program Files\MiKTeX 2.9\tex/latex/graphics-def\pdftex.def"
File: pdftex.def 2018/01/08 v1.0l Graphics/color driver for pdftex
))
\Gin@req@height=\dimen103
\Gin@req@width=\dimen104
) (tugas.aux)
\openout1 = `tugas.aux'.

LaTeX Font Info:    Checking defaults for OML/cmm/m/it on input line 5.
LaTeX Font Info:    ... okay on input line 5.
LaTeX Font Info:    Checking defaults for T1/cmr/m/n on input line 5.
LaTeX Font Info:    ... okay on input line 5.
LaTeX Font Info:    Checking defaults for OT1/cmr/m/n on input line 5.
LaTeX Font Info:    ... okay on input line 5.
LaTeX Font Info:    Checking defaults for OMS/cmsy/m/n on input line 5.
LaTeX Font Info:    ... okay on input line 5.
LaTeX Font Info:    Checking defaults for OMX/cmex/m/n on input line 5.
LaTeX Font Info:    ... okay on input line 5.
LaTeX Font Info:    Checking defaults for U/cmr/m/n on input line 5.
LaTeX Font Info:    ... okay on input line 5.
("C:\Program Files\MiKTeX 2.9\tex/context/base/mkii\supp-pdf.mkii"
[Loading MPS to PDF converter (version 2006.09.02).]
\scratchcounter=\count89
\scratchdimen=\dimen105
\scratchbox=\box27
\nofMPsegments=\count90
\nofMParguments=\count91
\everyMPshowfont=\toks15
\MPscratchCnt=\count92
\MPscratchDim=\dimen106
\MPnumerator=\count93
\makeMPintoPDFobject=\count94
\everyMPtoPDFconversion=\toks16
) ("C:\Program Files\MiKTeX 2.9\tex/latex/oberdiek\epstopdf-base.sty"
Package: epstopdf-base 2016/05/15 v2.6 Base part for package epstopdf

("C:\Program Files\MiKTeX 2.9\tex/generic/oberdiek\infwarerr.sty"
Package: infwarerr 2016/05/16 v1.4 Providing info/warning/error messages (HO)
)
("C:\Program Files\MiKTeX 2.9\tex/latex/oberdiek\grfext.sty"
Package: grfext 2016/05/16 v1.2 Manage graphics extensions (HO)

("C:\Program Files\MiKTeX 2.9\tex/generic/oberdiek\kvdefinekeys.sty"
Package: kvdefinekeys 2016/05/16 v1.4 Define keys (HO)

("C:\Program Files\MiKTeX 2.9\tex/generic/oberdiek\ltxcmds.sty"
Package: ltxcmds 2016/05/16 v1.23 LaTeX kernel commands for general use (HO)
)))
("C:\Program Files\MiKTeX 2.9\tex/latex/oberdiek\kvoptions.sty"
Package: kvoptions 2016/05/16 v3.12 Key value format for package options (HO)

("C:\Program Files\MiKTeX 2.9\tex/generic/oberdiek\kvsetkeys.sty"
Package: kvsetkeys 2016/05/16 v1.17 Key value parser (HO)

("C:\Program Files\MiKTeX 2.9\tex/generic/oberdiek\etexcmds.sty"
Package: etexcmds 2016/05/16 v1.6 Avoid name clashes with e-TeX commands (HO)

("C:\Program Files\MiKTeX 2.9\tex/generic/oberdiek\ifluatex.sty"
Package: ifluatex 2016/05/16 v1.4 Provides the ifluatex switch (HO)
Package ifluatex Info: LuaTeX not detected.
))))
("C:\Program Files\MiKTeX 2.9\tex/generic/oberdiek\pdftexcmds.sty"
Package: pdftexcmds 2019/07/25 v0.30 Utility functions of pdfTeX for LuaTeX (HO
)

("C:\Program Files\MiKTeX 2.9\tex/generic/oberdiek\ifpdf.sty"
Package: ifpdf 2018/09/07 v3.3 Provides the ifpdf switch
)
Package pdftexcmds Info: LuaTeX not detected.
Package pdftexcmds Info: \pdf@primitive is available.
Package pdftexcmds Info: \pdf@ifprimitive is available.
Package pdftexcmds Info: \pdfdraftmode found.
)
Package epstopdf-base Info: Redefining graphics rule for `.eps' on input line 4
38.
Package grfext Info: Graphics extension search list:
(grfext)             [.pdf,.png,.jpg,.mps,.jpeg,.jbig2,.jb2,.PDF,.PNG,.JPG,.JPE
G,.JBIG2,.JB2,.eps]
(grfext)             \AppendGraphicsExtensions on input line 456.
)
LaTeX Font Info:    External font `cmex10' loaded for size
(Font)              <14.4> on input line 7.
LaTeX Font Info:    External font `cmex10' loaded for size
(Font)              <7> on input line 7.
 [1

{C:/Users/gravis/AppData/Local/MiKTeX/2.9/pdftex/config/pdftex.map}]
Chapter 1.

Overfull \hbox (7.19737pt too wide) in paragraph at lines 11--12
 [] \OT1/cmr/m/n/12 Or-a-cle APEX adalah plat-form pengem-ban-gan low-code yang
 memu-ngkinkan
 []

LaTeX Font Info:    Trying to load font information for OMS+cmr on input line 1
6.
("C:\Program Files\MiKTeX 2.9\tex/latex/base\omscmr.fd"
File: omscmr.fd 2014/09/29 v2.5h Standard LaTeX font definitions
)
LaTeX Font Info:    Font shape `OMS/cmr/m/n' in size <12> not available
(Font)              Font shape `OMS/cmsy/m/n' tried instead on input line 16.

Overfull \hbox (10.10379pt too wide) in paragraph at lines 22--22
[]\OT1/cmr/bx/n/17.28 sulitnya men-gelola data dalam spread-sheet 
 []

[1

]
<gambar/Screenshot (106).png, id=12, 1927.2pt x 1084.05pt>
File: gambar/Screenshot (106).png Graphic file (type png)
<use gambar/Screenshot (106).png>
Package pdftex.def Info: gambar/Screenshot (106).png  used on input line 47.
(pdftex.def)             Requested size: 341.43306pt x 192.0439pt.
 [2]
<gambar/Screenshot (108).png, id=17, 1927.2pt x 1084.05pt>
File: gambar/Screenshot (108).png Graphic file (type png)
<use gambar/Screenshot (108).png>
Package pdftex.def Info: gambar/Screenshot (108).png  used on input line 48.
(pdftex.def)             Requested size: 341.43306pt x 192.0439pt.
<gambar/Screenshot (109).png, id=18, 1927.2pt x 1084.05pt>
File: gambar/Screenshot (109).png Graphic file (type png)
<use gambar/Screenshot (109).png>
Package pdftex.def Info: gambar/Screenshot (109).png  used on input line 49.
(pdftex.def)             Requested size: 341.43306pt x 192.0439pt.
 [3 <./gambar/Screenshot (106).png> <./gambar/Screenshot (108).png>]
<gambar/Screenshot (110).png, id=24, 1927.2pt x 1084.05pt>
File: gambar/Screenshot (110).png Graphic file (type png)
<use gambar/Screenshot (110).png>
Package pdftex.def Info: gambar/Screenshot (110).png  used on input line 50.
(pdftex.def)             Requested size: 341.43306pt x 192.0439pt.
<gambar/Screenshot (111).png, id=25, 1927.2pt x 1084.05pt>
File: gambar/Screenshot (111).png Graphic file (type png)
<use gambar/Screenshot (111).png>
Package pdftex.def Info: gambar/Screenshot (111).png  used on input line 51.
(pdftex.def)             Requested size: 341.43306pt x 192.0439pt.

[4 <./gambar/Screenshot (109).png> <./gambar/Screenshot (110).png>]
<gambar/Screenshot (112).png, id=31, 1927.2pt x 1084.05pt>
File: gambar/Screenshot (112).png Graphic file (type png)
<use gambar/Screenshot (112).png>
Package pdftex.def Info: gambar/Screenshot (112).png  used on input line 52.
(pdftex.def)             Requested size: 341.43306pt x 192.0439pt.
<gambar/Screenshot (113).png, id=32, 1927.2pt x 1084.05pt>
File: gambar/Screenshot (113).png Graphic file (type png)
<use gambar/Screenshot (113).png>
Package pdftex.def Info: gambar/Screenshot (113).png  used on input line 52.
(pdftex.def)             Requested size: 341.43306pt x 192.0439pt.
 [5 <./gambar/Screenshot (111).png> <./gambar/Screenshot (112).png>]
<gambar/Screenshot (119).png, id=38, 1927.2pt x 1084.05pt>
File: gambar/Screenshot (119).png Graphic file (type png)
<use gambar/Screenshot (119).png>
Package pdftex.def Info: gambar/Screenshot (119).png  used on input line 53.
(pdftex.def)             Requested size: 341.43306pt x 192.0439pt.
<gambar/Screenshot (114).png, id=39, 1927.2pt x 1084.05pt>
File: gambar/Screenshot (114).png Graphic file (type png)
<use gambar/Screenshot (114).png>
Package pdftex.def Info: gambar/Screenshot (114).png  used on input line 55.
(pdftex.def)             Requested size: 341.43306pt x 192.0439pt.
 [6 <./gambar/Screenshot (113).png> <./gambar/Screenshot (119).png>]
<gambar/Screenshot (115).png, id=46, 1927.2pt x 1084.05pt>
File: gambar/Screenshot (115).png Graphic file (type png)
<use gambar/Screenshot (115).png>
Package pdftex.def Info: gambar/Screenshot (115).png  used on input line 57.
(pdftex.def)             Requested size: 341.43306pt x 192.0439pt.
 [7 <./gambar/Screenshot (114).png> <./gambar/Screenshot (115).png>] (tugas.aux
) ) 
Here is how much of TeX's memory you used:
 1558 strings out of 492452
 23273 string characters out of 3129804
 86387 words of memory out of 3000000
 5921 multiletter control sequences out of 15000+200000
 7233 words of font info for 26 fonts, out of 3000000 for 9000
 1141 hyphenation exceptions out of 8191
 46i,6n,30p,274b,190s stack positions out of 5000i,500n,10000p,200000b,50000s
<C:/Program Files/MiKTeX 2.9/fonts/type1/public/amsfonts/cm/cmbx12.pfb><C:/P
rogram Files/MiKTeX 2.9/fonts/type1/public/amsfonts/cm/cmr12.pfb><C:/Program Fi
les/MiKTeX 2.9/fonts/type1/public/amsfonts/cm/cmr17.pfb><C:/Program Files/MiKTe
X 2.9/fonts/type1/public/amsfonts/cm/cmsy10.pfb>
Output written on tugas.pdf (8 pages, 1519502 bytes).
PDF statistics:
 66 PDF objects out of 1000 (max. 8388607)
 0 named destinations out of 1000 (max. 500000)
 51 words of extra memory for PDF output out of 10000 (max. 10000000)

