This is pdfTeX, Version 3.14159265-2.6-1.40.19 (MiKTeX 2.9.6930 64-bit) (preloaded format=pdflatex 2019.7.17)  25 OCT 2019 08:37
entering extended mode
**./tugas.tex
(tugas.tex
LaTeX2e <2018-12-01>
("C:\Users\Wahyu\AppData\Local\Programs\MiKTeX 2.9\tex/latex/base\report.cls"
Document Class: report 2018/09/03 v1.4i Standard LaTeX document class
("C:\Users\Wahyu\AppData\Local\Programs\MiKTeX 2.9\tex/latex/base\size12.clo"
File: size12.clo 2018/09/03 v1.4i Standard LaTeX file (size option)
)
\c@part=\count80
\c@chapter=\count81
\c@section=\count82
\c@subsection=\count83
\c@subsubsection=\count84
\c@paragraph=\count85
\c@subparagraph=\count86
\c@figure=\count87
\c@table=\count88
\abovecaptionskip=\skip41
\belowcaptionskip=\skip42
\bibindent=\dimen102
) (tugas.aux)
\openout1 = `tugas.aux'.

LaTeX Font Info:    Checking defaults for OML/cmm/m/it on input line 2.
LaTeX Font Info:    ... okay on input line 2.
LaTeX Font Info:    Checking defaults for T1/cmr/m/n on input line 2.
LaTeX Font Info:    ... okay on input line 2.
LaTeX Font Info:    Checking defaults for OT1/cmr/m/n on input line 2.
LaTeX Font Info:    ... okay on input line 2.
LaTeX Font Info:    Checking defaults for OMS/cmsy/m/n on input line 2.
LaTeX Font Info:    ... okay on input line 2.
LaTeX Font Info:    Checking defaults for OMX/cmex/m/n on input line 2.
LaTeX Font Info:    ... okay on input line 2.
LaTeX Font Info:    Checking defaults for U/cmr/m/n on input line 2.
LaTeX Font Info:    ... okay on input line 2.

Chapter 1.

Overfull \hbox (6.2931pt too wide) in paragraph at lines 9--11
 [] \OT1/cmr/m/n/12 Or-a-cle Apex adalah su-atu plat-form pengem-ban-gan kode r
en-dah yang memu-
 []


Overfull \hbox (2.90286pt too wide) in paragraph at lines 9--11
\OT1/cmr/m/n/12 ngkinkan anda mem-ban-gun se-buah ap-likasi pe-rusa-haan yang d
a-pat diskalakan
 []


Overfull \hbox (5.89265pt too wide) in paragraph at lines 14--17
\OT1/cmr/m/n/12 Spreadsheet di-gu-nakan un-tuk meny-im-pan su-atu in-for-masi. 
Pada se-tiap kolom-
 []


Overfull \hbox (0.90567pt too wide) in paragraph at lines 19--21
[]\OT1/cmr/m/n/12 Integritas Data - tidak da-pat men-jamin keaku-ratan data dal
am lingkun-
 []


Overfull \hbox (8.60378pt too wide) in paragraph at lines 25--25
[]\OT1/cmr/bx/n/17.28 Jenis-jenis ap-likasi yang co-cok un-tuk Apex
 []

[1


{C:/Users/Wahyu/AppData/Local/MiKTeX/2.9/pdftex/config/pdftex.map}] [2]
[3] (tugas.aux) ) 
Here is how much of TeX's memory you used:
 232 strings out of 492946
 2565 string characters out of 3126266
 62736 words of memory out of 3000000
 4212 multiletter control sequences out of 15000+200000
 6062 words of font info for 22 fonts, out of 3000000 for 9000
 1141 hyphenation exceptions out of 8191
 22i,4n,19p,311b,184s stack positions out of 5000i,500n,10000p,200000b,50000s
<C:/Users/Wahyu/AppData/Local/Programs/MiKTeX 2.9/fonts/type1/
public/amsfonts/cm/cmbx12.pfb><C:/Users/Wahyu/AppData/Local/Programs/MiKTeX 2.9
/fonts/type1/public/amsfonts/cm/cmr12.pfb>
Output written on tugas.pdf (3 pages, 38706 bytes).
PDF statistics:
 20 PDF objects out of 1000 (max. 8388607)
 0 named destinations out of 1000 (max. 500000)
 1 words of extra memory for PDF output out of 10000 (max. 10000000)

