This is pdfTeX, Version 3.14159265-2.6-1.40.20 (MiKTeX 2.9.7200 64-bit) (preloaded format=pdflatex 2019.10.18)  31 OCT 2019 00:02
entering extended mode
**./main.tex
(main.tex
LaTeX2e <2019-10-01> patch level 1
("C:\Program Files\MiKTeX 2.9\tex/latex/base\article.cls"
Document Class: article 2019/08/27 v1.4j Standard LaTeX document class
("C:\Program Files\MiKTeX 2.9\tex/latex/base\size12.clo"
File: size12.clo 2019/08/27 v1.4j Standard LaTeX file (size option)
)
\c@part=\count80
\c@section=\count81
\c@subsection=\count82
\c@subsubsection=\count83
\c@paragraph=\count84
\c@subparagraph=\count85
\c@figure=\count86
\c@table=\count87
\abovecaptionskip=\skip41
\belowcaptionskip=\skip42
\bibindent=\dimen102
)
("C:\Program Files\MiKTeX 2.9\tex/latex/base\inputenc.sty"
Package: inputenc 2018/08/11 v1.3c Input encoding file
\inpenc@prehook=\toks14
\inpenc@posthook=\toks15
)
("C:\Program Files\MiKTeX 2.9\tex/latex/graphics\graphicx.sty"
Package: graphicx 2017/06/01 v1.1a Enhanced LaTeX Graphics (DPC,SPQR)

("C:\Program Files\MiKTeX 2.9\tex/latex/graphics\keyval.sty"
Package: keyval 2014/10/28 v1.15 key=value parser (DPC)
\KV@toks@=\toks16
)
("C:\Program Files\MiKTeX 2.9\tex/latex/graphics\graphics.sty"
Package: graphics 2019/10/08 v1.3c Standard LaTeX Graphics (DPC,SPQR)

("C:\Program Files\MiKTeX 2.9\tex/latex/graphics\trig.sty"
Package: trig 2016/01/03 v1.10 sin cos tan (DPC)
)
("C:\Program Files\MiKTeX 2.9\tex/latex/graphics-cfg\graphics.cfg"
File: graphics.cfg 2016/06/04 v1.11 sample graphics configuration
)
Package graphics Info: Driver file: pdftex.def on input line 105.

("C:\Program Files\MiKTeX 2.9\tex/latex/graphics-def\pdftex.def"
File: pdftex.def 2018/01/08 v1.0l Graphics/color driver for pdftex
))
\Gin@req@height=\dimen103
\Gin@req@width=\dimen104
)

LaTeX Warning: Unused global option(s):
    [timesnewroman].

(main.aux)
\openout1 = `main.aux'.

LaTeX Font Info:    Checking defaults for OML/cmm/m/it on input line 9.
LaTeX Font Info:    ... okay on input line 9.
LaTeX Font Info:    Checking defaults for T1/cmr/m/n on input line 9.
LaTeX Font Info:    ... okay on input line 9.
LaTeX Font Info:    Checking defaults for OT1/cmr/m/n on input line 9.
LaTeX Font Info:    ... okay on input line 9.
LaTeX Font Info:    Checking defaults for OMS/cmsy/m/n on input line 9.
LaTeX Font Info:    ... okay on input line 9.
LaTeX Font Info:    Checking defaults for OMX/cmex/m/n on input line 9.
LaTeX Font Info:    ... okay on input line 9.
LaTeX Font Info:    Checking defaults for U/cmr/m/n on input line 9.
LaTeX Font Info:    ... okay on input line 9.
 ("C:\Program Files\MiKTeX 2.9\tex/context/base/mkii\supp-pdf.mkii"
[Loading MPS to PDF converter (version 2006.09.02).]
\scratchcounter=\count88
\scratchdimen=\dimen105
\scratchbox=\box27
\nofMPsegments=\count89
\nofMParguments=\count90
\everyMPshowfont=\toks17
\MPscratchCnt=\count91
\MPscratchDim=\dimen106
\MPnumerator=\count92
\makeMPintoPDFobject=\count93
\everyMPtoPDFconversion=\toks18
) ("C:\Program Files\MiKTeX 2.9\tex/latex/oberdiek\epstopdf-base.sty"
Package: epstopdf-base 2016/05/15 v2.6 Base part for package epstopdf

("C:\Program Files\MiKTeX 2.9\tex/generic/oberdiek\infwarerr.sty"
Package: infwarerr 2016/05/16 v1.4 Providing info/warning/error messages (HO)
)
("C:\Program Files\MiKTeX 2.9\tex/latex/oberdiek\grfext.sty"
Package: grfext 2016/05/16 v1.2 Manage graphics extensions (HO)

("C:\Program Files\MiKTeX 2.9\tex/generic/oberdiek\kvdefinekeys.sty"
Package: kvdefinekeys 2016/05/16 v1.4 Define keys (HO)

("C:\Program Files\MiKTeX 2.9\tex/generic/oberdiek\ltxcmds.sty"
Package: ltxcmds 2016/05/16 v1.23 LaTeX kernel commands for general use (HO)
)))
("C:\Program Files\MiKTeX 2.9\tex/latex/oberdiek\kvoptions.sty"
Package: kvoptions 2016/05/16 v3.12 Key value format for package options (HO)

("C:\Program Files\MiKTeX 2.9\tex/generic/oberdiek\kvsetkeys.sty"
Package: kvsetkeys 2016/05/16 v1.17 Key value parser (HO)

("C:\Program Files\MiKTeX 2.9\tex/generic/oberdiek\etexcmds.sty"
Package: etexcmds 2016/05/16 v1.6 Avoid name clashes with e-TeX commands (HO)

("C:\Program Files\MiKTeX 2.9\tex/generic/oberdiek\ifluatex.sty"
Package: ifluatex 2016/05/16 v1.4 Provides the ifluatex switch (HO)
Package ifluatex Info: LuaTeX not detected.
))))
("C:\Program Files\MiKTeX 2.9\tex/generic/oberdiek\pdftexcmds.sty"
Package: pdftexcmds 2019/07/25 v0.30 Utility functions of pdfTeX for LuaTeX (HO
)

("C:\Program Files\MiKTeX 2.9\tex/generic/oberdiek\ifpdf.sty"
Package: ifpdf 2018/09/07 v3.3 Provides the ifpdf switch
)
Package pdftexcmds Info: LuaTeX not detected.
Package pdftexcmds Info: \pdf@primitive is available.
Package pdftexcmds Info: \pdf@ifprimitive is available.
Package pdftexcmds Info: \pdfdraftmode found.
)
Package epstopdf-base Info: Redefining graphics rule for `.eps' on input line 4
38.
Package grfext Info: Graphics extension search list:
(grfext)             [.pdf,.png,.jpg,.mps,.jpeg,.jbig2,.jb2,.PDF,.PNG,.JPG,.JPE
G,.JBIG2,.JB2,.eps]
(grfext)             \AppendGraphicsExtensions on input line 456.
)
LaTeX Font Info:    External font `cmex10' loaded for size
(Font)              <14.4> on input line 11.
LaTeX Font Info:    External font `cmex10' loaded for size
(Font)              <7> on input line 11.
LaTeX Font Info:    Trying to load font information for OMS+cmr on input line 1
5.

("C:\Program Files\MiKTeX 2.9\tex/latex/base\omscmr.fd"
File: omscmr.fd 2014/09/29 v2.5h Standard LaTeX font definitions
)
LaTeX Font Info:    Font shape `OMS/cmr/m/n' in size <12> not available
(Font)              Font shape `OMS/cmsy/m/n' tried instead on input line 15.
<figures/Screenshot_1.png, id=1, 963.6pt x 542.025pt>
File: figures/Screenshot_1.png Graphic file (type png)
<use figures/Screenshot_1.png>
Package pdftex.def Info: figures/Screenshot_1.png  used on input line 18.
(pdftex.def)             Requested size: 284.52756pt x 160.04485pt.
<figures/Screenshot_2.png, id=3, 963.6pt x 542.025pt>
File: figures/Screenshot_2.png Graphic file (type png)
<use figures/Screenshot_2.png>
Package pdftex.def Info: figures/Screenshot_2.png  used on input line 24.
(pdftex.def)             Requested size: 341.43306pt x 192.05217pt.
 [1

{C:/Users/user/AppData/Local/MiKTeX/2.9/pdftex/config/pdftex.map} <./figures/Sc
reenshot_1.png>]
<figures/Screenshot_3.png, id=13, 963.6pt x 542.025pt>
File: figures/Screenshot_3.png Graphic file (type png)
<use figures/Screenshot_3.png>
Package pdftex.def Info: figures/Screenshot_3.png  used on input line 30.
(pdftex.def)             Requested size: 341.43306pt x 192.05217pt.
<figures/Screenshot_4.png, id=14, 963.6pt x 542.025pt>
File: figures/Screenshot_4.png Graphic file (type png)
<use figures/Screenshot_4.png>
Package pdftex.def Info: figures/Screenshot_4.png  used on input line 36.
(pdftex.def)             Requested size: 341.43306pt x 192.05217pt.

[2 <./figures/Screenshot_2.png> <./figures/Screenshot_3.png>]
<figures/Screenshot_5.png, id=20, 963.6pt x 542.025pt>
File: figures/Screenshot_5.png Graphic file (type png)
<use figures/Screenshot_5.png>
Package pdftex.def Info: figures/Screenshot_5.png  used on input line 42.
(pdftex.def)             Requested size: 341.43306pt x 192.05217pt.
<figures/Screenshot_6.png, id=21, 963.6pt x 542.025pt>
File: figures/Screenshot_6.png Graphic file (type png)
<use figures/Screenshot_6.png>
Package pdftex.def Info: figures/Screenshot_6.png  used on input line 48.
(pdftex.def)             Requested size: 341.43306pt x 192.05217pt.
 [3 <./figures/Screenshot_4.png> <./figures/Screenshot_5.png>]
<figures/Screenshot_7.png, id=27, 963.6pt x 542.025pt>
File: figures/Screenshot_7.png Graphic file (type png)
<use figures/Screenshot_7.png>
Package pdftex.def Info: figures/Screenshot_7.png  used on input line 54.
(pdftex.def)             Requested size: 341.43306pt x 192.05217pt.
<figures/Screenshot_8.png, id=28, 963.6pt x 542.025pt>
File: figures/Screenshot_8.png Graphic file (type png)
<use figures/Screenshot_8.png>
Package pdftex.def Info: figures/Screenshot_8.png  used on input line 60.
(pdftex.def)             Requested size: 341.43306pt x 192.05217pt.
 [4 <./figures/Screenshot_6.png> <./figures/Screenshot_7.png>]
<figures/Screenshot_9.png, id=34, 963.6pt x 542.025pt>
File: figures/Screenshot_9.png Graphic file (type png)
<use figures/Screenshot_9.png>
Package pdftex.def Info: figures/Screenshot_9.png  used on input line 66.
(pdftex.def)             Requested size: 341.43306pt x 192.05217pt.
<figures/Screenshot_10.png, id=35, 963.6pt x 542.025pt>
File: figures/Screenshot_10.png Graphic file (type png)
<use figures/Screenshot_10.png>
Package pdftex.def Info: figures/Screenshot_10.png  used on input line 72.
(pdftex.def)             Requested size: 341.43306pt x 192.05217pt.
 [5 <./figures/Screenshot_8.png> <./figures/Screenshot_9.png>]
<figures/Screenshot_11.png, id=41, 963.6pt x 542.025pt>
File: figures/Screenshot_11.png Graphic file (type png)
<use figures/Screenshot_11.png>
Package pdftex.def Info: figures/Screenshot_11.png  used on input line 89.
(pdftex.def)             Requested size: 284.52756pt x 160.04485pt.
 [6 <./figures/Screenshot_10.png>]
<figures/Screenshot_12.png, id=46, 963.6pt x 542.025pt>
File: figures/Screenshot_12.png Graphic file (type png)
<use figures/Screenshot_12.png>
Package pdftex.def Info: figures/Screenshot_12.png  used on input line 95.
(pdftex.def)             Requested size: 312.9803pt x 176.04851pt.
<figures/Screenshot_13.png, id=47, 963.6pt x 542.025pt>
File: figures/Screenshot_13.png Graphic file (type png)
<use figures/Screenshot_13.png>
Package pdftex.def Info: figures/Screenshot_13.png  used on input line 101.
(pdftex.def)             Requested size: 355.65944pt x 200.05814pt.
 [7 <./figures/Screenshot_11.png> <./figures/Screenshot_12.png>]
<figures/Screenshot_14.png, id=54, 963.6pt x 542.025pt>
File: figures/Screenshot_14.png Graphic file (type png)
<use figures/Screenshot_14.png>
Package pdftex.def Info: figures/Screenshot_14.png  used on input line 107.
(pdftex.def)             Requested size: 355.65944pt x 200.05814pt.
<figures/Screenshot_15.png, id=55, 963.6pt x 542.025pt>
File: figures/Screenshot_15.png Graphic file (type png)
<use figures/Screenshot_15.png>
Package pdftex.def Info: figures/Screenshot_15.png  used on input line 113.
(pdftex.def)             Requested size: 355.65944pt x 200.05814pt.
 [8 <./figures/Screenshot_13.png> <./figures/Screenshot_14.png>]
<figures/Screenshot_16.png, id=61, 963.6pt x 542.025pt>
File: figures/Screenshot_16.png Graphic file (type png)
<use figures/Screenshot_16.png>
Package pdftex.def Info: figures/Screenshot_16.png  used on input line 119.
(pdftex.def)             Requested size: 355.65944pt x 200.05814pt.
<figures/Screenshot_17.png, id=62, 963.6pt x 542.025pt>
File: figures/Screenshot_17.png Graphic file (type png)
<use figures/Screenshot_17.png>
Package pdftex.def Info: figures/Screenshot_17.png  used on input line 125.
(pdftex.def)             Requested size: 355.65944pt x 200.05814pt.
 [9 <./figures/Screenshot_15.png> <./figures/Screenshot_16.png>]
<figures/Screenshot_18.png, id=68, 963.6pt x 542.025pt>
File: figures/Screenshot_18.png Graphic file (type png)
<use figures/Screenshot_18.png>
Package pdftex.def Info: figures/Screenshot_18.png  used on input line 131.
(pdftex.def)             Requested size: 355.65944pt x 200.05814pt.
<figures/Screenshot_19.png, id=69, 963.6pt x 542.025pt>
File: figures/Screenshot_19.png Graphic file (type png)
<use figures/Screenshot_19.png>
Package pdftex.def Info: figures/Screenshot_19.png  used on input line 137.
(pdftex.def)             Requested size: 341.43306pt x 192.05217pt.

[10 <./figures/Screenshot_17.png> <./figures/Screenshot_18.png>]
<figures/Screenshot_20.png, id=75, 963.6pt x 542.025pt>
File: figures/Screenshot_20.png Graphic file (type png)
<use figures/Screenshot_20.png>
Package pdftex.def Info: figures/Screenshot_20.png  used on input line 143.
(pdftex.def)             Requested size: 341.43306pt x 192.05217pt.
<figures/Screenshot_21.png, id=76, 963.6pt x 542.025pt>
File: figures/Screenshot_21.png Graphic file (type png)
<use figures/Screenshot_21.png>
Package pdftex.def Info: figures/Screenshot_21.png  used on input line 149.
(pdftex.def)             Requested size: 341.43306pt x 192.05217pt.
 [11 <./figures/Screenshot_19.png> <./figures/Screenshot_20.png>]
<figures/Screenshot_22.png, id=82, 963.6pt x 542.025pt>
File: figures/Screenshot_22.png Graphic file (type png)
<use figures/Screenshot_22.png>
Package pdftex.def Info: figures/Screenshot_22.png  used on input line 155.
(pdftex.def)             Requested size: 341.43306pt x 192.05217pt.
<figures/Screenshot_23.png, id=83, 963.6pt x 542.025pt>
File: figures/Screenshot_23.png Graphic file (type png)
<use figures/Screenshot_23.png>
Package pdftex.def Info: figures/Screenshot_23.png  used on input line 161.
(pdftex.def)             Requested size: 341.43306pt x 192.05217pt.
 [12 <./figures/Screenshot_21.png> <./figures/Screenshot_22.png>]
Underfull \hbox (badness 10000) in paragraph at lines 166--177

 []


Underfull \hbox (badness 10000) in paragraph at lines 166--177

 []


Underfull \hbox (badness 10000) in paragraph at lines 166--177

 []


Underfull \hbox (badness 10000) in paragraph at lines 166--177

 []


Underfull \hbox (badness 10000) in paragraph at lines 166--177

 []


Underfull \hbox (badness 10000) in paragraph at lines 166--177

 []


Underfull \hbox (badness 10000) in paragraph at lines 166--177

 []


Underfull \hbox (badness 10000) in paragraph at lines 166--177

 []


Underfull \hbox (badness 10000) in paragraph at lines 166--177

 []


Underfull \hbox (badness 10000) in paragraph at lines 166--177

 []

<figures/Screenshot_24.png, id=89, 963.6pt x 542.025pt>
File: figures/Screenshot_24.png Graphic file (type png)
<use figures/Screenshot_24.png>
Package pdftex.def Info: figures/Screenshot_24.png  used on input line 181.
(pdftex.def)             Requested size: 341.43306pt x 192.05217pt.

Overfull \hbox (9.31114pt too wide) in paragraph at lines 178--184
[]\OT1/cmr/m/n/12 Seperti pada bi-asanya lo-gin ke apex.oracle, jika su-dah kli
k "App Gallery".
 []

[13 <./figures/Screenshot_23.png>]
<figures/Screenshot_25.png, id=95, 963.6pt x 542.025pt>
File: figures/Screenshot_25.png Graphic file (type png)
<use figures/Screenshot_25.png>
Package pdftex.def Info: figures/Screenshot_25.png  used on input line 187.
(pdftex.def)             Requested size: 341.43306pt x 192.05217pt.
<figures/Screenshot_26.png, id=96, 963.6pt x 542.025pt>
File: figures/Screenshot_26.png Graphic file (type png)
<use figures/Screenshot_26.png>
Package pdftex.def Info: figures/Screenshot_26.png  used on input line 193.
(pdftex.def)             Requested size: 355.65944pt x 200.05814pt.
 [14 <./figures/Screenshot_24.png> <./figures/Screenshot_25.png>]
<figures/Screenshot_27.png, id=102, 963.6pt x 542.025pt>
File: figures/Screenshot_27.png Graphic file (type png)
<use figures/Screenshot_27.png>
Package pdftex.def Info: figures/Screenshot_27.png  used on input line 199.
(pdftex.def)             Requested size: 355.65944pt x 200.05814pt.
<figures/Screenshot_28.png, id=103, 963.6pt x 542.025pt>
File: figures/Screenshot_28.png Graphic file (type png)
<use figures/Screenshot_28.png>
Package pdftex.def Info: figures/Screenshot_28.png  used on input line 205.
(pdftex.def)             Requested size: 355.65944pt x 200.05814pt.
 [15 <./figures/Screenshot_26.png> <./figures/Screenshot_27.png>]
<figures/Screenshot_29.png, id=109, 963.6pt x 542.025pt>
File: figures/Screenshot_29.png Graphic file (type png)
<use figures/Screenshot_29.png>
Package pdftex.def Info: figures/Screenshot_29.png  used on input line 211.
(pdftex.def)             Requested size: 355.65944pt x 200.05814pt.
<figures/Screenshot_30.png, id=110, 963.6pt x 542.025pt>
File: figures/Screenshot_30.png Graphic file (type png)
<use figures/Screenshot_30.png>
Package pdftex.def Info: figures/Screenshot_30.png  used on input line 217.
(pdftex.def)             Requested size: 355.65944pt x 200.05814pt.
 [16 <./figures/Screenshot_28.png> <./figures/Screenshot_29.png>]
<figures/Screenshot_31.png, id=116, 963.6pt x 542.025pt>
File: figures/Screenshot_31.png Graphic file (type png)
<use figures/Screenshot_31.png>
Package pdftex.def Info: figures/Screenshot_31.png  used on input line 223.
(pdftex.def)             Requested size: 355.65944pt x 200.05814pt.

[17 <./figures/Screenshot_30.png> <./figures/Screenshot_31.png>] (main.aux) ) 
Here is how much of TeX's memory you used:
 1705 strings out of 492453
 27084 string characters out of 3129822
 86587 words of memory out of 3000000
 6043 multiletter control sequences out of 15000+200000
 6320 words of font info for 23 fonts, out of 3000000 for 9000
 1141 hyphenation exceptions out of 8191
 46i,6n,30p,562b,292s stack positions out of 5000i,500n,10000p,200000b,50000s
<C
:/Program Files/MiKTeX 2.9/fonts/type1/public/amsfonts/cm/cmbx12.pfb><C:/Progra
m Files/MiKTeX 2.9/fonts/type1/public/amsfonts/cm/cmr12.pfb><C:/Program Files/M
iKTeX 2.9/fonts/type1/public/amsfonts/cm/cmr17.pfb><C:/Program Files/MiKTeX 2.9
/fonts/type1/public/amsfonts/cm/cmsy10.pfb>
Output written on main.pdf (17 pages, 3532972 bytes).
PDF statistics:
 136 PDF objects out of 1000 (max. 8388607)
 0 named destinations out of 1000 (max. 500000)
 156 words of extra memory for PDF output out of 10000 (max. 10000000)

