This is pdfTeX, Version 3.14159265-2.6-1.40.20 (MiKTeX 2.9.7200 64-bit) (preloaded format=pdflatex 2019.10.18)  1 NOV 2019 11:43
entering extended mode
**./main.tex
(main.tex
LaTeX2e <2019-10-01> patch level 1
("C:\Program Files\MiKTeX 2.9\tex/latex/base\article.cls"
Document Class: article 2019/08/27 v1.4j Standard LaTeX document class
("C:\Program Files\MiKTeX 2.9\tex/latex/base\size12.clo"
File: size12.clo 2019/08/27 v1.4j Standard LaTeX file (size option)
)
\c@part=\count80
\c@section=\count81
\c@subsection=\count82
\c@subsubsection=\count83
\c@paragraph=\count84
\c@subparagraph=\count85
\c@figure=\count86
\c@table=\count87
\abovecaptionskip=\skip41
\belowcaptionskip=\skip42
\bibindent=\dimen102
)
("C:\Program Files\MiKTeX 2.9\tex/latex/base\inputenc.sty"
Package: inputenc 2018/08/11 v1.3c Input encoding file
\inpenc@prehook=\toks14
\inpenc@posthook=\toks15
)
("C:\Program Files\MiKTeX 2.9\tex/latex/graphics\graphicx.sty"
Package: graphicx 2017/06/01 v1.1a Enhanced LaTeX Graphics (DPC,SPQR)

("C:\Program Files\MiKTeX 2.9\tex/latex/graphics\keyval.sty"
Package: keyval 2014/10/28 v1.15 key=value parser (DPC)
\KV@toks@=\toks16
)
("C:\Program Files\MiKTeX 2.9\tex/latex/graphics\graphics.sty"
Package: graphics 2019/10/08 v1.3c Standard LaTeX Graphics (DPC,SPQR)

("C:\Program Files\MiKTeX 2.9\tex/latex/graphics\trig.sty"
Package: trig 2016/01/03 v1.10 sin cos tan (DPC)
)
("C:\Program Files\MiKTeX 2.9\tex/latex/graphics-cfg\graphics.cfg"
File: graphics.cfg 2016/06/04 v1.11 sample graphics configuration
)
Package graphics Info: Driver file: pdftex.def on input line 105.

("C:\Program Files\MiKTeX 2.9\tex/latex/graphics-def\pdftex.def"
File: pdftex.def 2018/01/08 v1.0l Graphics/color driver for pdftex
))
\Gin@req@height=\dimen103
\Gin@req@width=\dimen104
)

LaTeX Warning: Unused global option(s):
    [timesnewroman].

(main.aux)
\openout1 = `main.aux'.

LaTeX Font Info:    Checking defaults for OML/cmm/m/it on input line 9.
LaTeX Font Info:    ... okay on input line 9.
LaTeX Font Info:    Checking defaults for T1/cmr/m/n on input line 9.
LaTeX Font Info:    ... okay on input line 9.
LaTeX Font Info:    Checking defaults for OT1/cmr/m/n on input line 9.
LaTeX Font Info:    ... okay on input line 9.
LaTeX Font Info:    Checking defaults for OMS/cmsy/m/n on input line 9.
LaTeX Font Info:    ... okay on input line 9.
LaTeX Font Info:    Checking defaults for OMX/cmex/m/n on input line 9.
LaTeX Font Info:    ... okay on input line 9.
LaTeX Font Info:    Checking defaults for U/cmr/m/n on input line 9.
LaTeX Font Info:    ... okay on input line 9.
 ("C:\Program Files\MiKTeX 2.9\tex/context/base/mkii\supp-pdf.mkii"
[Loading MPS to PDF converter (version 2006.09.02).]
\scratchcounter=\count88
\scratchdimen=\dimen105
\scratchbox=\box27
\nofMPsegments=\count89
\nofMParguments=\count90
\everyMPshowfont=\toks17
\MPscratchCnt=\count91
\MPscratchDim=\dimen106
\MPnumerator=\count92
\makeMPintoPDFobject=\count93
\everyMPtoPDFconversion=\toks18
) ("C:\Program Files\MiKTeX 2.9\tex/latex/oberdiek\epstopdf-base.sty"
Package: epstopdf-base 2016/05/15 v2.6 Base part for package epstopdf

("C:\Program Files\MiKTeX 2.9\tex/generic/oberdiek\infwarerr.sty"
Package: infwarerr 2016/05/16 v1.4 Providing info/warning/error messages (HO)
)
("C:\Program Files\MiKTeX 2.9\tex/latex/oberdiek\grfext.sty"
Package: grfext 2016/05/16 v1.2 Manage graphics extensions (HO)

("C:\Program Files\MiKTeX 2.9\tex/generic/oberdiek\kvdefinekeys.sty"
Package: kvdefinekeys 2016/05/16 v1.4 Define keys (HO)

("C:\Program Files\MiKTeX 2.9\tex/generic/oberdiek\ltxcmds.sty"
Package: ltxcmds 2016/05/16 v1.23 LaTeX kernel commands for general use (HO)
)))
("C:\Program Files\MiKTeX 2.9\tex/latex/oberdiek\kvoptions.sty"
Package: kvoptions 2016/05/16 v3.12 Key value format for package options (HO)

("C:\Program Files\MiKTeX 2.9\tex/generic/oberdiek\kvsetkeys.sty"
Package: kvsetkeys 2016/05/16 v1.17 Key value parser (HO)

("C:\Program Files\MiKTeX 2.9\tex/generic/oberdiek\etexcmds.sty"
Package: etexcmds 2016/05/16 v1.6 Avoid name clashes with e-TeX commands (HO)

("C:\Program Files\MiKTeX 2.9\tex/generic/oberdiek\ifluatex.sty"
Package: ifluatex 2016/05/16 v1.4 Provides the ifluatex switch (HO)
Package ifluatex Info: LuaTeX not detected.
))))
("C:\Program Files\MiKTeX 2.9\tex/generic/oberdiek\pdftexcmds.sty"
Package: pdftexcmds 2019/07/25 v0.30 Utility functions of pdfTeX for LuaTeX (HO
)

("C:\Program Files\MiKTeX 2.9\tex/generic/oberdiek\ifpdf.sty"
Package: ifpdf 2018/09/07 v3.3 Provides the ifpdf switch
)
Package pdftexcmds Info: LuaTeX not detected.
Package pdftexcmds Info: \pdf@primitive is available.
Package pdftexcmds Info: \pdf@ifprimitive is available.
Package pdftexcmds Info: \pdfdraftmode found.
)
Package epstopdf-base Info: Redefining graphics rule for `.eps' on input line 4
38.
Package grfext Info: Graphics extension search list:
(grfext)             [.pdf,.png,.jpg,.mps,.jpeg,.jbig2,.jb2,.PDF,.PNG,.JPG,.JPE
G,.JBIG2,.JB2,.eps]
(grfext)             \AppendGraphicsExtensions on input line 456.
)
LaTeX Font Info:    External font `cmex10' loaded for size
(Font)              <14.4> on input line 11.
LaTeX Font Info:    External font `cmex10' loaded for size
(Font)              <7> on input line 11.
LaTeX Font Info:    Trying to load font information for OMS+cmr on input line 1
6.

("C:\Program Files\MiKTeX 2.9\tex/latex/base\omscmr.fd"
File: omscmr.fd 2014/09/29 v2.5h Standard LaTeX font definitions
)
LaTeX Font Info:    Font shape `OMS/cmr/m/n' in size <12> not available
(Font)              Font shape `OMS/cmsy/m/n' tried instead on input line 16.
<figures/1.png, id=1, 963.6pt x 542.025pt>
File: figures/1.png Graphic file (type png)
<use figures/1.png>
Package pdftex.def Info: figures/1.png  used on input line 19.
(pdftex.def)             Requested size: 284.52756pt x 160.04485pt.
<figures/2.png, id=3, 963.6pt x 542.025pt>
File: figures/2.png Graphic file (type png)
<use figures/2.png>
Package pdftex.def Info: figures/2.png  used on input line 25.
(pdftex.def)             Requested size: 298.75394pt x 168.04254pt.
 [1

{C:/Users/user/AppData/Local/MiKTeX/2.9/pdftex/config/pdftex.map} <./figures/1.
png>]
<figures/3.png, id=13, 963.6pt x 542.025pt>
File: figures/3.png Graphic file (type png)
<use figures/3.png>
Package pdftex.def Info: figures/3.png  used on input line 31.
(pdftex.def)             Requested size: 298.75394pt x 168.04254pt.

Underfull \hbox (badness 10000) in paragraph at lines 28--35

 []


Underfull \hbox (badness 10000) in paragraph at lines 28--35

 []

<figures/4.png, id=14, 963.6pt x 542.025pt>
File: figures/4.png Graphic file (type png)
<use figures/4.png>
Package pdftex.def Info: figures/4.png  used on input line 38.
(pdftex.def)             Requested size: 298.75394pt x 168.04254pt.
[2 <./figures/2.png> <./figures/3.png>]
<figures/5.png, id=20, 963.6pt x 542.025pt>
File: figures/5.png Graphic file (type png)
<use figures/5.png>
Package pdftex.def Info: figures/5.png  used on input line 44.
(pdftex.def)             Requested size: 298.75394pt x 168.04254pt.

Underfull \hbox (badness 10000) in paragraph at lines 41--48

 []


Underfull \hbox (badness 10000) in paragraph at lines 41--48

 []

<figures/6.png, id=21, 963.6pt x 542.025pt>
File: figures/6.png Graphic file (type png)
<use figures/6.png>
Package pdftex.def Info: figures/6.png  used on input line 51.
(pdftex.def)             Requested size: 298.75394pt x 168.04254pt.
[3 <./figures/4.png> <./figures/5.png>]
<figures/7.png, id=27, 963.6pt x 542.025pt>
File: figures/7.png Graphic file (type png)
<use figures/7.png>
Package pdftex.def Info: figures/7.png  used on input line 57.
(pdftex.def)             Requested size: 298.75394pt x 168.04254pt.

Underfull \hbox (badness 10000) in paragraph at lines 54--61

 []


Underfull \hbox (badness 10000) in paragraph at lines 54--61

 []

<figures/8.png, id=28, 963.6pt x 542.025pt>
File: figures/8.png Graphic file (type png)
<use figures/8.png>
Package pdftex.def Info: figures/8.png  used on input line 64.
(pdftex.def)             Requested size: 298.75394pt x 168.04254pt.
[4 <./figures/6.png> <./figures/7.png>]
<figures/9.png, id=34, 963.6pt x 542.025pt>
File: figures/9.png Graphic file (type png)
<use figures/9.png>
Package pdftex.def Info: figures/9.png  used on input line 70.
(pdftex.def)             Requested size: 298.75394pt x 168.04254pt.

Underfull \hbox (badness 10000) in paragraph at lines 67--74

 []


Underfull \hbox (badness 10000) in paragraph at lines 67--74

 []

<figures/10.png, id=35, 963.6pt x 542.025pt>
File: figures/10.png Graphic file (type png)
<use figures/10.png>
Package pdftex.def Info: figures/10.png  used on input line 77.
(pdftex.def)             Requested size: 284.52756pt x 160.04485pt.
[5 <./figures/8.png> <./figures/9.png>]
<figures/11.png, id=41, 963.6pt x 542.025pt>
File: figures/11.png Graphic file (type png)
<use figures/11.png>
Package pdftex.def Info: figures/11.png  used on input line 83.
(pdftex.def)             Requested size: 284.52756pt x 160.04485pt.
<figures/12.png, id=42, 963.6pt x 542.025pt>
File: figures/12.png Graphic file (type png)
<use figures/12.png>
Package pdftex.def Info: figures/12.png  used on input line 89.
(pdftex.def)             Requested size: 284.52756pt x 160.04485pt.
 [6 <./figures/10.png> <./figures/11.png>]
<figures/13.png, id=48, 963.6pt x 542.025pt>
File: figures/13.png Graphic file (type png)
<use figures/13.png>
Package pdftex.def Info: figures/13.png  used on input line 95.
(pdftex.def)             Requested size: 284.52756pt x 160.04485pt.
<figures/14.png, id=49, 963.6pt x 542.025pt>
File: figures/14.png Graphic file (type png)
<use figures/14.png>
Package pdftex.def Info: figures/14.png  used on input line 101.
(pdftex.def)             Requested size: 284.52756pt x 160.04485pt.
 [7 <./figures/12.png> <./figures/13.png>]
<figures/15.png, id=56, 963.6pt x 542.025pt>
File: figures/15.png Graphic file (type png)
<use figures/15.png>
Package pdftex.def Info: figures/15.png  used on input line 107.
(pdftex.def)             Requested size: 298.75394pt x 168.04254pt.
<figures/16.png, id=57, 963.6pt x 542.025pt>
File: figures/16.png Graphic file (type png)
<use figures/16.png>
Package pdftex.def Info: figures/16.png  used on input line 113.
(pdftex.def)             Requested size: 298.75394pt x 168.04254pt.
 [8 <./figures/14.png> <./figures/15.png>]
<figures/18.png, id=63, 963.6pt x 542.025pt>
File: figures/18.png Graphic file (type png)
<use figures/18.png>
Package pdftex.def Info: figures/18.png  used on input line 119.
(pdftex.def)             Requested size: 298.75394pt x 168.04254pt.

Underfull \hbox (badness 10000) in paragraph at lines 116--123

 []


Underfull \hbox (badness 10000) in paragraph at lines 116--123

 []

<figures/19.png, id=64, 963.6pt x 542.025pt>
File: figures/19.png Graphic file (type png)
<use figures/19.png>
Package pdftex.def Info: figures/19.png  used on input line 126.
(pdftex.def)             Requested size: 298.75394pt x 168.04254pt.
[9 <./figures/16.png> <./figures/18.png>]
<figures/20.png, id=70, 963.6pt x 542.025pt>
File: figures/20.png Graphic file (type png)
<use figures/20.png>
Package pdftex.def Info: figures/20.png  used on input line 132.
(pdftex.def)             Requested size: 284.52756pt x 160.04485pt.

Underfull \hbox (badness 10000) in paragraph at lines 129--135

 []

<figures/21.png, id=71, 963.6pt x 542.025pt>
File: figures/21.png Graphic file (type png)
<use figures/21.png>
Package pdftex.def Info: figures/21.png  used on input line 138.
(pdftex.def)             Requested size: 298.75394pt x 168.04254pt.
[10 <./figures/19.png> <./figures/20.png>]
<figures/22.png, id=77, 963.6pt x 542.025pt>
File: figures/22.png Graphic file (type png)
<use figures/22.png>
Package pdftex.def Info: figures/22.png  used on input line 144.
(pdftex.def)             Requested size: 298.75394pt x 168.04254pt.

Underfull \hbox (badness 10000) in paragraph at lines 141--149

 []


Underfull \hbox (badness 10000) in paragraph at lines 141--149

 []


Underfull \hbox (badness 10000) in paragraph at lines 141--149

 []

<figures/23.png, id=78, 963.6pt x 542.025pt>
File: figures/23.png Graphic file (type png)
<use figures/23.png>
Package pdftex.def Info: figures/23.png  used on input line 152.
(pdftex.def)             Requested size: 298.75394pt x 168.04254pt.

Overfull \hbox (3.55147pt too wide) in paragraph at lines 149--155
[]\OT1/cmr/m/n/12 Selanjutnya akan di-al-ihkan pada ha-la-man Cre-ate Ap-pli-ca
-tion, klik "Cre-
 []

[11 <./figures/21.png> <./figures/22.png>]
<figures/24.png, id=84, 963.6pt x 542.025pt>
File: figures/24.png Graphic file (type png)
<use figures/24.png>
Package pdftex.def Info: figures/24.png  used on input line 158.
(pdftex.def)             Requested size: 298.75394pt x 168.04254pt.

Underfull \hbox (badness 10000) in paragraph at lines 155--162

 []


Underfull \hbox (badness 10000) in paragraph at lines 155--162

 []

<figures/25.png, id=85, 963.6pt x 542.025pt>
File: figures/25.png Graphic file (type png)
<use figures/25.png>
Package pdftex.def Info: figures/25.png  used on input line 165.
(pdftex.def)             Requested size: 298.75394pt x 168.04254pt.
[12 <./figures/23.png> <./figures/24.png>]
<figures/26.png, id=91, 963.6pt x 542.025pt>
File: figures/26.png Graphic file (type png)
<use figures/26.png>
Package pdftex.def Info: figures/26.png  used on input line 171.
(pdftex.def)             Requested size: 298.75394pt x 168.04254pt.
<figures/27.png, id=92, 963.6pt x 542.025pt>
File: figures/27.png Graphic file (type png)
<use figures/27.png>
Package pdftex.def Info: figures/27.png  used on input line 177.
(pdftex.def)             Requested size: 298.75394pt x 168.04254pt.
 [13 <./figures/25.png> <./figures/26.png>]
<figures/28.png, id=99, 963.6pt x 542.025pt>
File: figures/28.png Graphic file (type png)
<use figures/28.png>
Package pdftex.def Info: figures/28.png  used on input line 183.
(pdftex.def)             Requested size: 298.75394pt x 168.04254pt.

Underfull \hbox (badness 10000) in paragraph at lines 180--189

 []


Underfull \hbox (badness 10000) in paragraph at lines 180--189

 []


Underfull \hbox (badness 10000) in paragraph at lines 180--189

 []

<figures/29.png, id=100, 963.6pt x 542.025pt>
File: figures/29.png Graphic file (type png)
<use figures/29.png>
Package pdftex.def Info: figures/29.png  used on input line 192.
(pdftex.def)             Requested size: 298.75394pt x 168.04254pt.
[14 <./figures/27.png> <./figures/28.png>]
<figures/30.png, id=106, 963.6pt x 542.025pt>
File: figures/30.png Graphic file (type png)
<use figures/30.png>
Package pdftex.def Info: figures/30.png  used on input line 198.
(pdftex.def)             Requested size: 298.75394pt x 168.04254pt.

Underfull \hbox (badness 10000) in paragraph at lines 195--201

 []

<figures/31.png, id=107, 963.6pt x 542.025pt>
File: figures/31.png Graphic file (type png)
<use figures/31.png>
Package pdftex.def Info: figures/31.png  used on input line 204.
(pdftex.def)             Requested size: 341.43306pt x 192.05217pt.

Overfull \hbox (2.1677pt too wide) in paragraph at lines 201--207
[]\OT1/cmr/m/n/12 Tampilan ha-la-man Ad-min-is-tra-tion. Di ha-la-man ini kita 
da-pat mengkos-
 []

[15 <./figures/29.png> <./figures/30.png>] [16 <./figures/31.png>] (main.aux) )
 
Here is how much of TeX's memory you used:
 1696 strings out of 492453
 24589 string characters out of 3129822
 85574 words of memory out of 3000000
 6036 multiletter control sequences out of 15000+200000
 6013 words of font info for 22 fonts, out of 3000000 for 9000
 1141 hyphenation exceptions out of 8191
 46i,6n,30p,275b,296s stack positions out of 5000i,500n,10000p,200000b,50000s
<C:/Program Files/MiKTeX 2.9/fonts/type1/public/amsfonts/cm/cmbx12.pfb><C:/Prog
ram Files/MiKTeX 2.9/fonts/type1/public/amsfonts/cm/cmr12.pfb><C:/Program Files
/MiKTeX 2.9/fonts/type1/public/amsfonts/cm/cmr17.pfb><C:/Program Files/MiKTeX 2
.9/fonts/type1/public/amsfonts/cm/cmsy10.pfb>
Output written on main.pdf (16 pages, 3309072 bytes).
PDF statistics:
 131 PDF objects out of 1000 (max. 8388607)
 0 named destinations out of 1000 (max. 500000)
 151 words of extra memory for PDF output out of 10000 (max. 10000000)

