This is pdfTeX, Version 3.14159265-2.6-1.40.20 (MiKTeX 2.9.7200 64-bit) (preloaded format=pdflatex 2019.10.16)  1 NOV 2019 19:09
entering extended mode
**./tugas.tex
(tugas.tex
LaTeX2e <2019-10-01>

("C:\Users\Aditya Luthfi\AppData\Local\Programs\MiKTeX 2.9\tex/latex/base\artic
le.cls"
Document Class: article 2019/08/27 v1.4j Standard LaTeX document class

("C:\Users\Aditya Luthfi\AppData\Local\Programs\MiKTeX 2.9\tex/latex/base\size1
2.clo"
File: size12.clo 2019/08/27 v1.4j Standard LaTeX file (size option)
)
\c@part=\count80
\c@section=\count81
\c@subsection=\count82
\c@subsubsection=\count83
\c@paragraph=\count84
\c@subparagraph=\count85
\c@figure=\count86
\c@table=\count87
\abovecaptionskip=\skip41
\belowcaptionskip=\skip42
\bibindent=\dimen102
)
("C:\Users\Aditya Luthfi\AppData\Local\Programs\MiKTeX 2.9\tex/latex/base\input
enc.sty"
Package: inputenc 2018/08/11 v1.3c Input encoding file
\inpenc@prehook=\toks14
\inpenc@posthook=\toks15
)
("C:\Users\Aditya Luthfi\AppData\Local\Programs\MiKTeX 2.9\tex/latex/graphics\g
raphicx.sty"
Package: graphicx 2017/06/01 v1.1a Enhanced LaTeX Graphics (DPC,SPQR)

("C:\Users\Aditya Luthfi\AppData\Local\Programs\MiKTeX 2.9\tex/latex/graphics\k
eyval.sty"
Package: keyval 2014/10/28 v1.15 key=value parser (DPC)
\KV@toks@=\toks16
)
("C:\Users\Aditya Luthfi\AppData\Local\Programs\MiKTeX 2.9\tex/latex/graphics\g
raphics.sty"
Package: graphics 2019/07/20 v1.3b Standard LaTeX Graphics (DPC,SPQR)

("C:\Users\Aditya Luthfi\AppData\Local\Programs\MiKTeX 2.9\tex/latex/graphics\t
rig.sty"
Package: trig 2016/01/03 v1.10 sin cos tan (DPC)
)
("C:\Users\Aditya Luthfi\AppData\Local\Programs\MiKTeX 2.9\tex/latex/graphics-c
fg\graphics.cfg"
File: graphics.cfg 2016/06/04 v1.11 sample graphics configuration
)
Package graphics Info: Driver file: pdftex.def on input line 105.

("C:\Users\Aditya Luthfi\AppData\Local\Programs\MiKTeX 2.9\tex/latex/graphics-d
ef\pdftex.def"
File: pdftex.def 2018/01/08 v1.0l Graphics/color driver for pdftex
))
\Gin@req@height=\dimen103
\Gin@req@width=\dimen104
)

LaTeX Warning: Unused global option(s):
    [timesnewroman].

(tugas.aux)
\openout1 = `tugas.aux'.

LaTeX Font Info:    Checking defaults for OML/cmm/m/it on input line 7.
LaTeX Font Info:    ... okay on input line 7.
LaTeX Font Info:    Checking defaults for T1/cmr/m/n on input line 7.
LaTeX Font Info:    ... okay on input line 7.
LaTeX Font Info:    Checking defaults for OT1/cmr/m/n on input line 7.
LaTeX Font Info:    ... okay on input line 7.
LaTeX Font Info:    Checking defaults for OMS/cmsy/m/n on input line 7.
LaTeX Font Info:    ... okay on input line 7.
LaTeX Font Info:    Checking defaults for OMX/cmex/m/n on input line 7.
LaTeX Font Info:    ... okay on input line 7.
LaTeX Font Info:    Checking defaults for U/cmr/m/n on input line 7.
LaTeX Font Info:    ... okay on input line 7.

("C:\Users\Aditya Luthfi\AppData\Local\Programs\MiKTeX 2.9\tex/context/base/mki
i\supp-pdf.mkii"
[Loading MPS to PDF converter (version 2006.09.02).]
\scratchcounter=\count88
\scratchdimen=\dimen105
\scratchbox=\box27
\nofMPsegments=\count89
\nofMParguments=\count90
\everyMPshowfont=\toks17
\MPscratchCnt=\count91
\MPscratchDim=\dimen106
\MPnumerator=\count92
\makeMPintoPDFobject=\count93
\everyMPtoPDFconversion=\toks18
)
("C:\Users\Aditya Luthfi\AppData\Local\Programs\MiKTeX 2.9\tex/latex/oberdiek\e
pstopdf-base.sty"
Package: epstopdf-base 2016/05/15 v2.6 Base part for package epstopdf

("C:\Users\Aditya Luthfi\AppData\Local\Programs\MiKTeX 2.9\tex/generic/oberdiek
\infwarerr.sty"
Package: infwarerr 2016/05/16 v1.4 Providing info/warning/error messages (HO)
)
("C:\Users\Aditya Luthfi\AppData\Local\Programs\MiKTeX 2.9\tex/latex/oberdiek\g
rfext.sty"
Package: grfext 2016/05/16 v1.2 Manage graphics extensions (HO)

("C:\Users\Aditya Luthfi\AppData\Local\Programs\MiKTeX 2.9\tex/generic/oberdiek
\kvdefinekeys.sty"
Package: kvdefinekeys 2016/05/16 v1.4 Define keys (HO)

("C:\Users\Aditya Luthfi\AppData\Local\Programs\MiKTeX 2.9\tex/generic/oberdiek
\ltxcmds.sty"
Package: ltxcmds 2016/05/16 v1.23 LaTeX kernel commands for general use (HO)
)))
("C:\Users\Aditya Luthfi\AppData\Local\Programs\MiKTeX 2.9\tex/latex/oberdiek\k
voptions.sty"
Package: kvoptions 2016/05/16 v3.12 Key value format for package options (HO)

("C:\Users\Aditya Luthfi\AppData\Local\Programs\MiKTeX 2.9\tex/generic/oberdiek
\kvsetkeys.sty"
Package: kvsetkeys 2016/05/16 v1.17 Key value parser (HO)

("C:\Users\Aditya Luthfi\AppData\Local\Programs\MiKTeX 2.9\tex/generic/oberdiek
\etexcmds.sty"
Package: etexcmds 2016/05/16 v1.6 Avoid name clashes with e-TeX commands (HO)

("C:\Users\Aditya Luthfi\AppData\Local\Programs\MiKTeX 2.9\tex/generic/oberdiek
\ifluatex.sty"
Package: ifluatex 2016/05/16 v1.4 Provides the ifluatex switch (HO)
Package ifluatex Info: LuaTeX not detected.
))))
("C:\Users\Aditya Luthfi\AppData\Local\Programs\MiKTeX 2.9\tex/generic/oberdiek
\pdftexcmds.sty"
Package: pdftexcmds 2019/07/25 v0.30 Utility functions of pdfTeX for LuaTeX (HO
)

("C:\Users\Aditya Luthfi\AppData\Local\Programs\MiKTeX 2.9\tex/generic/oberdiek
\ifpdf.sty"
Package: ifpdf 2018/09/07 v3.3 Provides the ifpdf switch
)
Package pdftexcmds Info: LuaTeX not detected.
Package pdftexcmds Info: \pdf@primitive is available.
Package pdftexcmds Info: \pdf@ifprimitive is available.
Package pdftexcmds Info: \pdfdraftmode found.
)
Package epstopdf-base Info: Redefining graphics rule for `.eps' on input line 4
38.
Package grfext Info: Graphics extension search list:
(grfext)             [.pdf,.png,.jpg,.mps,.jpeg,.jbig2,.jb2,.PDF,.PNG,.JPG,.JPE
G,.JBIG2,.JB2,.eps]
(grfext)             \AppendGraphicsExtensions on input line 456.
)
Underfull \hbox (badness 10000) in paragraph at lines 11--13

 []

<Gambar/2.jpeg, id=1, 972.63374pt x 393.47pt>
File: Gambar/2.jpeg Graphic file (type jpg)
<use Gambar/2.jpeg>
Package pdftex.def Info: Gambar/2.jpeg  used on input line 16.
(pdftex.def)             Requested size: 291.79237pt x 118.0419pt.

Overfull \hbox (3.82787pt too wide) in paragraph at lines 20--20
[]\OT1/cmr/bx/n/17.28 Oracle APEX: Pengem-ban-gan Ap-likasi Per-
 []

<Gambar/1.jpeg, id=2, 1041.8925pt x 486.81876pt>
File: Gambar/1.jpeg Graphic file (type jpg)
<use Gambar/1.jpeg>
Package pdftex.def Info: Gambar/1.jpeg  used on input line 24.
(pdftex.def)             Requested size: 312.57016pt x 146.04675pt.

Overfull \hbox (3.03786pt too wide) in paragraph at lines 28--28
[]\OT1/cmr/bx/n/17.28 Mengelola Data dalam Spread-sheet Menan-
 []


Underfull \hbox (badness 10000) in paragraph at lines 30--34

 []

[1

{C:/Users/Aditya Luthfi/AppData/Local/MiKTeX/2.9/pdftex/config/pdftex.map} <./G
ambar/2.jpeg> <./Gambar/1.jpeg>]
Underfull \hbox (badness 10000) in paragraph at lines 37--46

 []


Underfull \hbox (badness 10000) in paragraph at lines 49--82

 []

[2] [3]
Underfull \hbox (badness 10000) in paragraph at lines 84--85

 []


Underfull \hbox (badness 10000) in paragraph at lines 87--99

 []

[4]
Underfull \hbox (badness 10000) in paragraph at lines 101--114

 []


Overfull \hbox (5.46626pt too wide) in paragraph at lines 116--121
\OT1/cmr/m/n/12 5. Mis-al-nya, layanan hanya-internal Or-a-cle http://apex.orac
lecorp.com memi-
 []


Underfull \hbox (badness 10000) in paragraph at lines 116--121

 []

[5]
Underfull \hbox (badness 10000) in paragraph at lines 123--127

 []


Underfull \hbox (badness 10000) in paragraph at lines 129--134

 []

[6]
Underfull \hbox (badness 10000) in paragraph at lines 136--154

 []


Overfull \hbox (7.97319pt too wide) in paragraph at lines 156--257
\OT1/cmr/m/n/12 1. Periksa email Anda, Anda harus men-da-p-atkan email dari ora
cle-application-
 []


Underfull \hbox (badness 10000) in paragraph at lines 156--257

 []

[7] [8] [9] [10] [11]
Underfull \hbox (badness 10000) in paragraph at lines 265--266

 []

[12]
Overfull \hbox (12.88765pt too wide) in paragraph at lines 307--307
[]\OT1/cmr/bx/n/17.28 Oracle SQL De-vel-oper Data Mod-eler Work-
 []

[13] [14] [15] (tugas.aux) ) 
Here is how much of TeX's memory you used:
 1493 strings out of 492452
 22692 string characters out of 3116325
 93573 words of memory out of 3000000
 5860 multiletter control sequences out of 15000+200000
 5916 words of font info for 21 fonts, out of 3000000 for 9000
 1141 hyphenation exceptions out of 8191
 46i,6n,30p,289b,242s stack positions out of 5000i,500n,10000p,200000b,50000s
<C:/Users/Aditya Luthfi/AppData/Local/Programs/MiKT
eX 2.9/fonts/type1/public/amsfonts/cm/cmbx12.pfb><C:/Users/Aditya Luthfi/AppDat
a/Local/Programs/MiKTeX 2.9/fonts/type1/public/amsfonts/cm/cmbxti10.pfb><C:/Use
rs/Aditya Luthfi/AppData/Local/Programs/MiKTeX 2.9/fonts/type1/public/amsfonts/
cm/cmr12.pfb><C:/Users/Aditya Luthfi/AppData/Local/Programs/MiKTeX 2.9/fonts/ty
pe1/public/amsfonts/cm/cmti12.pfb>
Output written on tugas.pdf (15 pages, 204392 bytes).
PDF statistics:
 69 PDF objects out of 1000 (max. 8388607)
 0 named destinations out of 1000 (max. 500000)
 11 words of extra memory for PDF output out of 10000 (max. 10000000)

