This is pdfTeX, Version 3.14159265-2.6-1.40.20 (MiKTeX 2.9.7200 64-bit) (preloaded format=pdflatex 2019.10.16)  1 NOV 2019 21:02
entering extended mode
**"./Excel to Apex.tex"
("Excel to Apex.tex"
LaTeX2e <2019-10-01>

("C:\Users\Aditya Luthfi\AppData\Local\Programs\MiKTeX 2.9\tex/latex/base\artic
le.cls"
Document Class: article 2019/08/27 v1.4j Standard LaTeX document class

("C:\Users\Aditya Luthfi\AppData\Local\Programs\MiKTeX 2.9\tex/latex/base\size1
2.clo"
File: size12.clo 2019/08/27 v1.4j Standard LaTeX file (size option)
)
\c@part=\count80
\c@section=\count81
\c@subsection=\count82
\c@subsubsection=\count83
\c@paragraph=\count84
\c@subparagraph=\count85
\c@figure=\count86
\c@table=\count87
\abovecaptionskip=\skip41
\belowcaptionskip=\skip42
\bibindent=\dimen102
)
("C:\Users\Aditya Luthfi\AppData\Local\Programs\MiKTeX 2.9\tex/latex/base\input
enc.sty"
Package: inputenc 2018/08/11 v1.3c Input encoding file
\inpenc@prehook=\toks14
\inpenc@posthook=\toks15
)
("C:\Users\Aditya Luthfi\AppData\Local\Programs\MiKTeX 2.9\tex/latex/graphics\g
raphicx.sty"
Package: graphicx 2017/06/01 v1.1a Enhanced LaTeX Graphics (DPC,SPQR)

("C:\Users\Aditya Luthfi\AppData\Local\Programs\MiKTeX 2.9\tex/latex/graphics\k
eyval.sty"
Package: keyval 2014/10/28 v1.15 key=value parser (DPC)
\KV@toks@=\toks16
)
("C:\Users\Aditya Luthfi\AppData\Local\Programs\MiKTeX 2.9\tex/latex/graphics\g
raphics.sty"
Package: graphics 2019/07/20 v1.3b Standard LaTeX Graphics (DPC,SPQR)

("C:\Users\Aditya Luthfi\AppData\Local\Programs\MiKTeX 2.9\tex/latex/graphics\t
rig.sty"
Package: trig 2016/01/03 v1.10 sin cos tan (DPC)
)
("C:\Users\Aditya Luthfi\AppData\Local\Programs\MiKTeX 2.9\tex/latex/graphics-c
fg\graphics.cfg"
File: graphics.cfg 2016/06/04 v1.11 sample graphics configuration
)
Package graphics Info: Driver file: pdftex.def on input line 105.

("C:\Users\Aditya Luthfi\AppData\Local\Programs\MiKTeX 2.9\tex/latex/graphics-d
ef\pdftex.def"
File: pdftex.def 2018/01/08 v1.0l Graphics/color driver for pdftex
))
\Gin@req@height=\dimen103
\Gin@req@width=\dimen104
)

LaTeX Warning: Unused global option(s):
    [timesnewroman].

("Excel to Apex.aux")
\openout1 = `"Excel to Apex.aux"'.

LaTeX Font Info:    Checking defaults for OML/cmm/m/it on input line 7.
LaTeX Font Info:    ... okay on input line 7.
LaTeX Font Info:    Checking defaults for T1/cmr/m/n on input line 7.
LaTeX Font Info:    ... okay on input line 7.
LaTeX Font Info:    Checking defaults for OT1/cmr/m/n on input line 7.
LaTeX Font Info:    ... okay on input line 7.
LaTeX Font Info:    Checking defaults for OMS/cmsy/m/n on input line 7.
LaTeX Font Info:    ... okay on input line 7.
LaTeX Font Info:    Checking defaults for OMX/cmex/m/n on input line 7.
LaTeX Font Info:    ... okay on input line 7.
LaTeX Font Info:    Checking defaults for U/cmr/m/n on input line 7.
LaTeX Font Info:    ... okay on input line 7.

("C:\Users\Aditya Luthfi\AppData\Local\Programs\MiKTeX 2.9\tex/context/base/mki
i\supp-pdf.mkii"
[Loading MPS to PDF converter (version 2006.09.02).]
\scratchcounter=\count88
\scratchdimen=\dimen105
\scratchbox=\box27
\nofMPsegments=\count89
\nofMParguments=\count90
\everyMPshowfont=\toks17
\MPscratchCnt=\count91
\MPscratchDim=\dimen106
\MPnumerator=\count92
\makeMPintoPDFobject=\count93
\everyMPtoPDFconversion=\toks18
)
("C:\Users\Aditya Luthfi\AppData\Local\Programs\MiKTeX 2.9\tex/latex/oberdiek\e
pstopdf-base.sty"
Package: epstopdf-base 2016/05/15 v2.6 Base part for package epstopdf

("C:\Users\Aditya Luthfi\AppData\Local\Programs\MiKTeX 2.9\tex/generic/oberdiek
\infwarerr.sty"
Package: infwarerr 2016/05/16 v1.4 Providing info/warning/error messages (HO)
)
("C:\Users\Aditya Luthfi\AppData\Local\Programs\MiKTeX 2.9\tex/latex/oberdiek\g
rfext.sty"
Package: grfext 2016/05/16 v1.2 Manage graphics extensions (HO)

("C:\Users\Aditya Luthfi\AppData\Local\Programs\MiKTeX 2.9\tex/generic/oberdiek
\kvdefinekeys.sty"
Package: kvdefinekeys 2016/05/16 v1.4 Define keys (HO)

("C:\Users\Aditya Luthfi\AppData\Local\Programs\MiKTeX 2.9\tex/generic/oberdiek
\ltxcmds.sty"
Package: ltxcmds 2016/05/16 v1.23 LaTeX kernel commands for general use (HO)
)))
("C:\Users\Aditya Luthfi\AppData\Local\Programs\MiKTeX 2.9\tex/latex/oberdiek\k
voptions.sty"
Package: kvoptions 2016/05/16 v3.12 Key value format for package options (HO)

("C:\Users\Aditya Luthfi\AppData\Local\Programs\MiKTeX 2.9\tex/generic/oberdiek
\kvsetkeys.sty"
Package: kvsetkeys 2016/05/16 v1.17 Key value parser (HO)

("C:\Users\Aditya Luthfi\AppData\Local\Programs\MiKTeX 2.9\tex/generic/oberdiek
\etexcmds.sty"
Package: etexcmds 2016/05/16 v1.6 Avoid name clashes with e-TeX commands (HO)

("C:\Users\Aditya Luthfi\AppData\Local\Programs\MiKTeX 2.9\tex/generic/oberdiek
\ifluatex.sty"
Package: ifluatex 2016/05/16 v1.4 Provides the ifluatex switch (HO)
Package ifluatex Info: LuaTeX not detected.
))))
("C:\Users\Aditya Luthfi\AppData\Local\Programs\MiKTeX 2.9\tex/generic/oberdiek
\pdftexcmds.sty"
Package: pdftexcmds 2019/07/25 v0.30 Utility functions of pdfTeX for LuaTeX (HO
)

("C:\Users\Aditya Luthfi\AppData\Local\Programs\MiKTeX 2.9\tex/generic/oberdiek
\ifpdf.sty"
Package: ifpdf 2018/09/07 v3.3 Provides the ifpdf switch
)
Package pdftexcmds Info: LuaTeX not detected.
Package pdftexcmds Info: \pdf@primitive is available.
Package pdftexcmds Info: \pdf@ifprimitive is available.
Package pdftexcmds Info: \pdfdraftmode found.
)
Package epstopdf-base Info: Redefining graphics rule for `.eps' on input line 4
38.
Package grfext Info: Graphics extension search list:
(grfext)             [.pdf,.png,.jpg,.mps,.jpeg,.jbig2,.jb2,.PDF,.PNG,.JPG,.JPE
G,.JBIG2,.JB2,.eps]
(grfext)             \AppendGraphicsExtensions on input line 456.
)
<gambar/1.png, id=1, 1027.58907pt x 495.35063pt>
File: gambar/1.png Graphic file (type png)
<use gambar/1.png>
Package pdftex.def Info: gambar/1.png  used on input line 15.
(pdftex.def)             Requested size: 308.2791pt x 148.60634pt.
<gambar/2.png, id=3, 1027.58907pt x 496.85625pt>
File: gambar/2.png Graphic file (type png)
<use gambar/2.png>
Package pdftex.def Info: gambar/2.png  used on input line 22.
(pdftex.def)             Requested size: 308.2791pt x 149.05801pt.
<gambar/3.png, id=4, 1027.58907pt x 493.845pt>
File: gambar/3.png Graphic file (type png)
<use gambar/3.png>
Package pdftex.def Info: gambar/3.png  used on input line 29.
(pdftex.def)             Requested size: 308.2791pt x 148.15463pt.
 [1

{C:/Users/Aditya Luthfi/AppData/Local/MiKTeX/2.9/pdftex/config/pdftex.map} <./g
ambar/1.png> <./gambar/2.png>]
<gambar/4.png, id=13, 1027.58907pt x 520.19344pt>
File: gambar/4.png Graphic file (type png)
<use gambar/4.png>
Package pdftex.def Info: gambar/4.png  used on input line 36.
(pdftex.def)             Requested size: 308.2791pt x 156.05922pt.
<gambar/5.png, id=14, 1027.58907pt x 519.44063pt>
File: gambar/5.png Graphic file (type png)
<use gambar/5.png>
Package pdftex.def Info: gambar/5.png  used on input line 43.
(pdftex.def)             Requested size: 205.51418pt x 103.88628pt.


LaTeX Warning: `h' float specifier changed to `ht'.

<gambar/6.png, id=15, 1027.58907pt x 523.9575pt>
File: gambar/6.png Graphic file (type png)
<use gambar/6.png>
Package pdftex.def Info: gambar/6.png  used on input line 50.
(pdftex.def)             Requested size: 205.51418pt x 104.78964pt.

LaTeX Warning: `h' float specifier changed to `ht'.

<gambar/7.png, id=16, 1027.58907pt x 522.45187pt>
File: gambar/7.png Graphic file (type png)
<use gambar/7.png>
Package pdftex.def Info: gambar/7.png  used on input line 57.
(pdftex.def)             Requested size: 205.51418pt x 104.48851pt.
[2 <./gambar/3.png> <./gambar/4.png>]
<gambar/8.png, id=22, 1027.58907pt x 524.71031pt>
File: gambar/8.png Graphic file (type png)
<use gambar/8.png>
Package pdftex.def Info: gambar/8.png  used on input line 64.
(pdftex.def)             Requested size: 308.2791pt x 157.41429pt.
 [3 <./gambar/5.png> <./gambar/6.png> <./gambar/7.png>]
<gambar/9.png, id=29, 1027.58907pt x 523.20468pt>
File: gambar/9.png Graphic file (type png)
<use gambar/9.png>
Package pdftex.def Info: gambar/9.png  used on input line 71.
(pdftex.def)             Requested size: 308.2791pt x 156.96262pt.
<gambar/10.png, id=30, 1027.58907pt x 523.9575pt>
File: gambar/10.png Graphic file (type png)
<use gambar/10.png>
Package pdftex.def Info: gambar/10.png  used on input line 78.
(pdftex.def)             Requested size: 411.02835pt x 209.57928pt.

Overfull \hbox (21.02835pt too wide) in paragraph at lines 78--79
 [][] 
 []


LaTeX Warning: `h' float specifier changed to `ht'.

<gambar/11.png, id=31, 1027.58907pt x 523.9575pt>
File: gambar/11.png Graphic file (type png)
<use gambar/11.png>
Package pdftex.def Info: gambar/11.png  used on input line 85.
(pdftex.def)             Requested size: 308.2791pt x 157.18846pt.
[4 <./gambar/8.png> <./gambar/9.png>]
<gambar/12.png, id=37, 1027.58907pt x 496.85625pt>
File: gambar/12.png Graphic file (type png)
<use gambar/12.png>
Package pdftex.def Info: gambar/12.png  used on input line 92.
(pdftex.def)             Requested size: 308.2791pt x 149.05801pt.


LaTeX Warning: `h' float specifier changed to `ht'.

[5 <./gambar/10.png> <./gambar/11.png>] [6 <./gambar/12.png>]
("Excel to Apex.aux") ) 
Here is how much of TeX's memory you used:
 1559 strings out of 492452
 23635 string characters out of 3116325
 85573 words of memory out of 3000000
 5921 multiletter control sequences out of 15000+200000
 5149 words of font info for 19 fonts, out of 3000000 for 9000
 1141 hyphenation exceptions out of 8191
 46i,6n,30p,284b,222s stack positions out of 5000i,500n,10000p,200000b,50000s
<C:/Users/Aditya Luthfi/AppData/Local/Programs/MiKTeX 2.
9/fonts/type1/public/amsfonts/cm/cmbx12.pfb><C:/Users/Aditya Luthfi/AppData/Loc
al/Programs/MiKTeX 2.9/fonts/type1/public/amsfonts/cm/cmr12.pfb>
Output written on "Excel to Apex.pdf" (6 pages, 489240 bytes).
PDF statistics:
 54 PDF objects out of 1000 (max. 8388607)
 0 named destinations out of 1000 (max. 500000)
 61 words of extra memory for PDF output out of 10000 (max. 10000000)

