This is pdfTeX, Version 3.14159265-2.6-1.40.18 (MiKTeX 2.9.6350 64-bit) (preloaded format=pdflatex 2019.10.15)  20 NOV 2019 19:54
entering extended mode
**./main.tex
(main.tex
LaTeX2e <2017-04-15>
Babel <3.10> and hyphenation patterns for 75 language(s) loaded.
(ociamthesis.cls
Document Class: ociamthesis 2010/11/22 v2.2 OCIAM thesis class
("C:\Users\lenovo\AppData\Local\Programs\MiKTeX 2.9\tex\latex\base\report.cls"
Document Class: report 2014/09/29 v1.4h Standard LaTeX document class
("C:\Users\lenovo\AppData\Local\Programs\MiKTeX 2.9\tex\latex\base\size12.clo"
File: size12.clo 2014/09/29 v1.4h Standard LaTeX file (size option)
)
\c@part=\count79
\c@chapter=\count80
\c@section=\count81
\c@subsection=\count82
\c@subsubsection=\count83
\c@paragraph=\count84
\c@subparagraph=\count85
\c@figure=\count86
\c@table=\count87
\abovecaptionskip=\skip41
\belowcaptionskip=\skip42
\bibindent=\dimen102
)
("C:\Users\lenovo\AppData\Local\Programs\MiKTeX 2.9\tex\latex\graphics\graphicx
.sty"
Package: graphicx 2014/10/28 v1.0g Enhanced LaTeX Graphics (DPC,SPQR)

("C:\Users\lenovo\AppData\Local\Programs\MiKTeX 2.9\tex\latex\graphics\keyval.s
ty"
Package: keyval 2014/10/28 v1.15 key=value parser (DPC)
\KV@toks@=\toks14
)
("C:\Users\lenovo\AppData\Local\Programs\MiKTeX 2.9\tex\latex\graphics\graphics
.sty"
Package: graphics 2017/04/14 v1.1b Standard LaTeX Graphics (DPC,SPQR)

("C:\Users\lenovo\AppData\Local\Programs\MiKTeX 2.9\tex\latex\graphics\trig.sty
"
Package: trig 2016/01/03 v1.10 sin cos tan (DPC)
)
("C:\Users\lenovo\AppData\Local\Programs\MiKTeX 2.9\tex\latex\graphics-cfg\grap
hics.cfg"
File: graphics.cfg 2016/06/04 v1.11 sample graphics configuration
)
Package graphics Info: Driver file: pdftex.def on input line 99.

("C:\Users\lenovo\AppData\Local\Programs\MiKTeX 2.9\tex\latex\graphics-def\pdft
ex.def"
File: pdftex.def 2017/01/12 v0.06k Graphics/color for pdfTeX

("C:\Users\lenovo\AppData\Local\Programs\MiKTeX 2.9\tex\generic\oberdiek\infwar
err.sty"
Package: infwarerr 2016/05/16 v1.4 Providing info/warning/error messages (HO)
)
("C:\Users\lenovo\AppData\Local\Programs\MiKTeX 2.9\tex\generic\oberdiek\ltxcmd
s.sty"
Package: ltxcmds 2016/05/16 v1.23 LaTeX kernel commands for general use (HO)
)
\Gread@gobject=\count88
))
\Gin@req@height=\dimen103
\Gin@req@width=\dimen104
)
("C:\Users\lenovo\AppData\Local\Programs\MiKTeX 2.9\tex\latex\base\ifthen.sty"
Package: ifthen 2014/09/29 v1.1c Standard LaTeX ifthen package (DPC)
))
("C:\Users\lenovo\AppData\Local\Programs\MiKTeX 2.9\tex\latex\amsfonts\amssymb.
sty"
Package: amssymb 2013/01/14 v3.01 AMS font symbols

("C:\Users\lenovo\AppData\Local\Programs\MiKTeX 2.9\tex\latex\amsfonts\amsfonts
.sty"
Package: amsfonts 2013/01/14 v3.01 Basic AMSFonts support
\@emptytoks=\toks15
\symAMSa=\mathgroup4
\symAMSb=\mathgroup5
LaTeX Font Info:    Overwriting math alphabet `\mathfrak' in version `bold'
(Font)                  U/euf/m/n --> U/euf/b/n on input line 106.
))
("C:\Users\lenovo\AppData\Local\Programs\MiKTeX 2.9\tex\latex\multirow\multirow
.sty"
Package: multirow 2016/11/25 v2.2 Span multiple rows of a table
\multirow@colwidth=\skip43
\multirow@cntb=\count89
\multirow@dima=\skip44
\bigstrutjot=\dimen105
) ("D:\Kuliah\Database\Aditya Rahman (1184021)\build\main.aux"
("D:\Kuliah\Database\Aditya Rahman (1184021)\build\section/acknowlegements.aux"
) ("D:\Kuliah\Database\Aditya Rahman (1184021)\build\section/chapter1.aux"))
\openout1 = `main.aux'.

LaTeX Font Info:    Checking defaults for OML/cmm/m/it on input line 26.
LaTeX Font Info:    ... okay on input line 26.
LaTeX Font Info:    Checking defaults for T1/cmr/m/n on input line 26.
LaTeX Font Info:    ... okay on input line 26.
LaTeX Font Info:    Checking defaults for OT1/cmr/m/n on input line 26.
LaTeX Font Info:    ... okay on input line 26.
LaTeX Font Info:    Checking defaults for OMS/cmsy/m/n on input line 26.
LaTeX Font Info:    ... okay on input line 26.
LaTeX Font Info:    Checking defaults for OMX/cmex/m/n on input line 26.
LaTeX Font Info:    ... okay on input line 26.
LaTeX Font Info:    Checking defaults for U/cmr/m/n on input line 26.
LaTeX Font Info:    ... okay on input line 26.

("C:\Users\lenovo\AppData\Local\Programs\MiKTeX 2.9\tex\context\base\mkii\supp-
pdf.mkii"
[Loading MPS to PDF converter (version 2006.09.02).]
\scratchcounter=\count90
\scratchdimen=\dimen106
\scratchbox=\box26
\nofMPsegments=\count91
\nofMParguments=\count92
\everyMPshowfont=\toks16
\MPscratchCnt=\count93
\MPscratchDim=\dimen107
\MPnumerator=\count94
\makeMPintoPDFobject=\count95
\everyMPtoPDFconversion=\toks17
)
("C:\Users\lenovo\AppData\Local\Programs\MiKTeX 2.9\tex\generic\oberdiek\pdftex
cmds.sty"
Package: pdftexcmds 2017/03/19 v0.25 Utility functions of pdfTeX for LuaTeX (HO
)

("C:\Users\lenovo\AppData\Local\Programs\MiKTeX 2.9\tex\generic\oberdiek\ifluat
ex.sty"
Package: ifluatex 2016/05/16 v1.4 Provides the ifluatex switch (HO)
Package ifluatex Info: LuaTeX not detected.
)
("C:\Users\lenovo\AppData\Local\Programs\MiKTeX 2.9\tex\generic\oberdiek\ifpdf.
sty"
Package: ifpdf 2017/03/15 v3.2 Provides the ifpdf switch
)
Package pdftexcmds Info: LuaTeX not detected.
Package pdftexcmds Info: \pdf@primitive is available.
Package pdftexcmds Info: \pdf@ifprimitive is available.
Package pdftexcmds Info: \pdfdraftmode found.
)
("C:\Users\lenovo\AppData\Local\Programs\MiKTeX 2.9\tex\latex\oberdiek\epstopdf
-base.sty"
Package: epstopdf-base 2016/05/15 v2.6 Base part for package epstopdf

("C:\Users\lenovo\AppData\Local\Programs\MiKTeX 2.9\tex\latex\oberdiek\grfext.s
ty"
Package: grfext 2016/05/16 v1.2 Manage graphics extensions (HO)

("C:\Users\lenovo\AppData\Local\Programs\MiKTeX 2.9\tex\generic\oberdiek\kvdefi
nekeys.sty"
Package: kvdefinekeys 2016/05/16 v1.4 Define keys (HO)
))
("C:\Users\lenovo\AppData\Local\Programs\MiKTeX 2.9\tex\latex\oberdiek\kvoption
s.sty"
Package: kvoptions 2016/05/16 v3.12 Key value format for package options (HO)

("C:\Users\lenovo\AppData\Local\Programs\MiKTeX 2.9\tex\generic\oberdiek\kvsetk
eys.sty"
Package: kvsetkeys 2016/05/16 v1.17 Key value parser (HO)

("C:\Users\lenovo\AppData\Local\Programs\MiKTeX 2.9\tex\generic\oberdiek\etexcm
ds.sty"
Package: etexcmds 2016/05/16 v1.6 Avoid name clashes with e-TeX commands (HO)
Package etexcmds Info: Could not find \expanded.
(etexcmds)             That can mean that you are not using pdfTeX 1.50 or
(etexcmds)             that some package has redefined \expanded.
(etexcmds)             In the latter case, load this package earlier.
)))
Package epstopdf-base Info: Redefining graphics rule for `.eps' on input line 4
38.
Package grfext Info: Graphics extension search list:
(grfext)             [.png,.pdf,.jpg,.mps,.jpeg,.jbig2,.jb2,.PNG,.PDF,.JPG,.JPE
G,.JBIG2,.JB2,.eps]
(grfext)             \AppendGraphicsExtensions on input line 456.
) <logo-poltekpos.png, id=1, 291.2481pt x 272.217pt>
File: logo-poltekpos.png Graphic file (type png)

<use logo-poltekpos.png>
Package pdftex.def Info: logo-poltekpos.png used on input line 37.
(pdftex.def)             Requested size: 91.04881pt x 85.10081pt.
 [1


{C:/Users/lenovo/AppData/Local/MiKTeX/2.9/pdftex/config/pdftex.map} <./logo-pol
tekpos.png>]
\openout2 = `section/acknowlegements.aux'.

 (section/acknowlegements.tex [2


])
("D:\Kuliah\Database\Aditya Rahman (1184021)\build\main.toc"
LaTeX Font Info:    Try loading font information for U+msa on input line 2.

("C:\Users\lenovo\AppData\Local\Programs\MiKTeX 2.9\tex\latex\amsfonts\umsa.fd"
File: umsa.fd 2013/01/14 v3.01 AMS symbols A
)
LaTeX Font Info:    Try loading font information for U+msb on input line 2.
 ("C:\Users\lenovo\AppData\Local\Programs\MiKTeX 2.9\tex\latex\amsfonts\umsb.fd
"
File: umsb.fd 2013/01/14 v3.01 AMS symbols B
))
\tf@toc=\write3
\openout3 = `main.toc'.

 [1



]
\openout2 = `section/chapter1.aux'.

 (section/chapter1.tex
BAB 1.

Overfull \hbox (22.37111pt too wide) in paragraph at lines 4--5
\OT1/cmr/m/n/12 Langkah per-tama yang harus di-lakukan adalah mem-buka web-site
 https://apex.oracle.com,
 []

<figures/14.png, id=19, 1371.1225pt x 770.88pt>
File: figures/14.png Graphic file (type png)
 <use figures/14.png>
Package pdftex.def Info: figures/14.png used on input line 10.
(pdftex.def)             Requested size: 274.21964pt x 154.17326pt.

<figures/tahap1.png, id=20, 1565.85pt x 792.9625pt>
File: figures/tahap1.png Graphic file (type png)
 <use figures/tahap1.png>
Package pdftex.def Info: figures/tahap1.png used on input line 18.
(pdftex.def)             Requested size: 313.16446pt x 158.58969pt.

<figures/tahap2.png, id=21, 1565.85pt x 792.9625pt>
File: figures/tahap2.png Graphic file (type png)
 <use figures/tahap2.png>
Package pdftex.def Info: figures/tahap2.png used on input line 26.
(pdftex.def)             Requested size: 313.16446pt x 158.58969pt.

<figures/tahap3.png, id=22, 1565.85pt x 792.9625pt>
File: figures/tahap3.png Graphic file (type png)
 <use figures/tahap3.png>
Package pdftex.def Info: figures/tahap3.png used on input line 34.
(pdftex.def)             Requested size: 313.16446pt x 158.58969pt.

<figures/tahap4.png, id=23, 1565.85pt x 792.9625pt>
File: figures/tahap4.png Graphic file (type png)
 <use figures/tahap4.png>
Package pdftex.def Info: figures/tahap4.png used on input line 42.
(pdftex.def)             Requested size: 313.16446pt x 158.58969pt.

<figures/tahap5.png, id=24, 1565.85pt x 792.9625pt>
File: figures/tahap5.png Graphic file (type png)
 <use figures/tahap5.png>
Package pdftex.def Info: figures/tahap5.png used on input line 50.
(pdftex.def)             Requested size: 313.16446pt x 158.58969pt.

<figures/tahap6.png, id=25, 1565.85pt x 792.9625pt>
File: figures/tahap6.png Graphic file (type png)
 <use figures/tahap6.png>
Package pdftex.def Info: figures/tahap6.png used on input line 58.
(pdftex.def)             Requested size: 313.16446pt x 158.58969pt.

<figures/tahap7.png, id=26, 1565.85pt x 792.9625pt>
File: figures/tahap7.png Graphic file (type png)
 <use figures/tahap7.png>
Package pdftex.def Info: figures/tahap7.png used on input line 66.
(pdftex.def)             Requested size: 313.16446pt x 158.58969pt.

<figures/tahap8.png, id=27, 1565.85pt x 792.9625pt>
File: figures/tahap8.png Graphic file (type png)
 <use figures/tahap8.png>
Package pdftex.def Info: figures/tahap8.png used on input line 74.
(pdftex.def)             Requested size: 313.16446pt x 158.58969pt.

<figures/tahap9.png, id=28, 1565.85pt x 792.9625pt>
File: figures/tahap9.png Graphic file (type png)
 <use figures/tahap9.png>
Package pdftex.def Info: figures/tahap9.png used on input line 82.
(pdftex.def)             Requested size: 313.16446pt x 158.58969pt.

<figures/tahap10.png, id=29, 1565.85pt x 792.9625pt>
File: figures/tahap10.png Graphic file (type png)
 <use figures/tahap10.png>
Package pdftex.def Info: figures/tahap10.png used on input line 90.
(pdftex.def)             Requested size: 313.16446pt x 158.58969pt.

<figures/tahap11a.png, id=30, 1606.0pt x 903.375pt>
File: figures/tahap11a.png Graphic file (type png)
 <use figures/tahap11a.png>
Package pdftex.def Info: figures/tahap11a.png used on input line 98.
(pdftex.def)             Requested size: 321.19432pt x 180.6718pt.

<figures/tahap11b.png, id=31, 1606.0pt x 903.375pt>
File: figures/tahap11b.png Graphic file (type png)
 <use figures/tahap11b.png>
Package pdftex.def Info: figures/tahap11b.png used on input line 106.
(pdftex.def)             Requested size: 321.19432pt x 180.6718pt.

<figures/tahap11c.png, id=32, 1203.7472pt x 676.77844pt>
File: figures/tahap11c.png Graphic file (type png)

<use figures/tahap11c.png>
Package pdftex.def Info: figures/tahap11c.png used on input line 114.
(pdftex.def)             Requested size: 240.74516pt x 135.35329pt.

<figures/tahap14.png, id=33, 1565.85pt x 792.9625pt>
File: figures/tahap14.png Graphic file (type png)
 <use figures/tahap14.png>
Package pdftex.def Info: figures/tahap14.png used on input line 122.
(pdftex.def)             Requested size: 313.16446pt x 158.58969pt.

<figures/tahap18.png, id=34, 1565.85pt x 792.9625pt>
File: figures/tahap18.png Graphic file (type png)
 <use figures/tahap18.png>
Package pdftex.def Info: figures/tahap18.png used on input line 130.
(pdftex.def)             Requested size: 313.16446pt x 158.58969pt.

<figures/tahap19.png, id=35, 1565.85pt x 792.9625pt>
File: figures/tahap19.png Graphic file (type png)
 <use figures/tahap19.png>
Package pdftex.def Info: figures/tahap19.png used on input line 138.
(pdftex.def)             Requested size: 313.16446pt x 158.58969pt.

<figures/tahap20.png, id=36, 1565.85pt x 792.9625pt>
File: figures/tahap20.png Graphic file (type png)
 <use figures/tahap20.png>
Package pdftex.def Info: figures/tahap20.png used on input line 146.
(pdftex.def)             Requested size: 313.16446pt x 158.58969pt.

<figures/tahap21.png, id=37, 1565.85pt x 792.9625pt>
File: figures/tahap21.png Graphic file (type png)
 <use figures/tahap21.png>
Package pdftex.def Info: figures/tahap21.png used on input line 154.
(pdftex.def)             Requested size: 313.16446pt x 158.58969pt.

<figures/tahap22.png, id=38, 1565.85pt x 792.9625pt>
File: figures/tahap22.png Graphic file (type png)
 <use figures/tahap22.png>
Package pdftex.def Info: figures/tahap22.png used on input line 162.
(pdftex.def)             Requested size: 313.16446pt x 158.58969pt.

<figures/tahap23.png, id=39, 1565.85pt x 792.9625pt>
File: figures/tahap23.png Graphic file (type png)
 <use figures/tahap23.png>
Package pdftex.def Info: figures/tahap23.png used on input line 170.
(pdftex.def)             Requested size: 313.16446pt x 158.58969pt.

<figures/tahap25.png, id=40, 1565.85pt x 792.9625pt>
File: figures/tahap25.png Graphic file (type png)
 <use figures/tahap25.png>
Package pdftex.def Info: figures/tahap25.png used on input line 178.
(pdftex.def)             Requested size: 313.16446pt x 158.58969pt.

<figures/tahap26a.png, id=41, 1565.85pt x 792.9625pt>
File: figures/tahap26a.png Graphic file (type png)

<use figures/tahap26a.png>
Package pdftex.def Info: figures/tahap26a.png used on input line 186.
(pdftex.def)             Requested size: 313.16446pt x 158.58969pt.

<figures/tahap27.png, id=42, 1565.85pt x 792.9625pt>
File: figures/tahap27.png Graphic file (type png)
 <use figures/tahap27.png>
Package pdftex.def Info: figures/tahap27.png used on input line 194.
(pdftex.def)             Requested size: 313.16446pt x 158.58969pt.

<figures/tahap28.png, id=43, 1565.85pt x 792.9625pt>
File: figures/tahap28.png Graphic file (type png)
 <use figures/tahap28.png>
Package pdftex.def Info: figures/tahap28.png used on input line 202.
(pdftex.def)             Requested size: 313.16446pt x 158.58969pt.

Underfull \hbox (badness 10000) in paragraph at lines 208--209

 []

<figures/tahap24.png, id=44, 740.7675pt x 98.61844pt>
File: figures/tahap24.png Graphic file (type png)

<use figures/tahap24.png>
Package pdftex.def Info: figures/tahap24.png used on input line 210.
(pdftex.def)             Requested size: 148.15086pt x 19.72333pt.
) [1



 <./figures/14.png>] [2 <./figures/tahap1.png> <./figures/tahap2.png>] [3 <./fi
gures/tahap3.png> <./figures/tahap4.png>] [4 <./figures/tahap5.png> <./figures/
tahap6.png>] [5 <./figures/tahap7.png> <./figures/tahap8.png>] [6 <./figures/ta
hap9.png> <./figures/tahap10.png>] [7 <./figures/tahap11a.png> <./figures/tahap
11b.png>] [8 <./figures/tahap11c.png> <./figures/tahap14.png>] [9 <./figures/ta
hap18.png> <./figures/tahap19.png>] [10 <./figures/tahap20.png> <./figures/taha
p21.png>] [11 <./figures/tahap22.png> <./figures/tahap23.png>] [12 <./figures/t
ahap25.png> <./figures/tahap26a.png>] [13 <./figures/tahap27.png> <./figures/ta
hap28.png> <./figures/tahap24.png>]
No file main.bbl.
("D:\Kuliah\Database\Aditya Rahman (1184021)\build\main.aux"
("D:\Kuliah\Database\Aditya Rahman (1184021)\build\section/acknowlegements.aux"
) ("D:\Kuliah\Database\Aditya Rahman (1184021)\build\section/chapter1.aux")) ) 
Here is how much of TeX's memory you used:
 2101 strings out of 493323
 31691 string characters out of 3129580
 95727 words of memory out of 3000000
 5572 multiletter control sequences out of 15000+200000
 11462 words of font info for 42 fonts, out of 3000000 for 9000
 1141 hyphenation exceptions out of 8191
 39i,7n,26p,435b,330s stack positions out of 5000i,500n,10000p,200000b,50000s
<
C:/Users/lenovo/AppData/Local/Programs/MiKTeX 2.9/fonts/type1/public/amsfonts/c
m/cmbx12.pfb><C:/Users/lenovo/AppData/Local/Programs/MiKTeX 2.9/fonts/type1/pub
lic/amsfonts/cm/cmbxti10.pfb><C:/Users/lenovo/AppData/Local/Programs/MiKTeX 2.9
/fonts/type1/public/amsfonts/cm/cmr12.pfb><C:/Users/lenovo/AppData/Local/Progra
ms/MiKTeX 2.9/fonts/type1/public/amsfonts/cm/cmr17.pfb><C:/Users/lenovo/AppData
/Local/Programs/MiKTeX 2.9/fonts/type1/public/amsfonts/cm/cmti12.pfb>
Output written on "D:\Kuliah\Database\Aditya Rahman (1184021)\build\main.pdf" (
16 pages, 1542236 bytes).
PDF statistics:
 127 PDF objects out of 1000 (max. 8388607)
 0 named destinations out of 1000 (max. 500000)
 136 words of extra memory for PDF output out of 10000 (max. 10000000)

