This is pdfTeX, Version 3.14159265-2.6-1.40.20 (MiKTeX 2.9.7200 64-bit) (preloaded format=pdflatex 2019.10.13)  1 NOV 2019 20:56
entering extended mode
**./(Excle)AriqRafiKusumah_1184076.tex
((Excle)AriqRafiKusumah_1184076.tex
LaTeX2e <2019-10-01>
("C:\Users\Asus\AppData\Local\Programs\MiKTeX 2.9\tex/latex/base\article.cls"
Document Class: article 2019/08/27 v1.4j Standard LaTeX document class
("C:\Users\Asus\AppData\Local\Programs\MiKTeX 2.9\tex/latex/base\size12.clo"
File: size12.clo 2019/08/27 v1.4j Standard LaTeX file (size option)
)
\c@part=\count80
\c@section=\count81
\c@subsection=\count82
\c@subsubsection=\count83
\c@paragraph=\count84
\c@subparagraph=\count85
\c@figure=\count86
\c@table=\count87
\abovecaptionskip=\skip41
\belowcaptionskip=\skip42
\bibindent=\dimen102
)
("C:\Users\Asus\AppData\Local\Programs\MiKTeX 2.9\tex/latex/base\inputenc.sty"
Package: inputenc 2018/08/11 v1.3c Input encoding file
\inpenc@prehook=\toks14
\inpenc@posthook=\toks15
)
("C:\Users\Asus\AppData\Local\Programs\MiKTeX 2.9\tex/latex/graphics\graphicx.s
ty"
Package: graphicx 2017/06/01 v1.1a Enhanced LaTeX Graphics (DPC,SPQR)

("C:\Users\Asus\AppData\Local\Programs\MiKTeX 2.9\tex/latex/graphics\keyval.sty
"
Package: keyval 2014/10/28 v1.15 key=value parser (DPC)
\KV@toks@=\toks16
)
("C:\Users\Asus\AppData\Local\Programs\MiKTeX 2.9\tex/latex/graphics\graphics.s
ty"
Package: graphics 2019/07/20 v1.3b Standard LaTeX Graphics (DPC,SPQR)

("C:\Users\Asus\AppData\Local\Programs\MiKTeX 2.9\tex/latex/graphics\trig.sty"
Package: trig 2016/01/03 v1.10 sin cos tan (DPC)
)
("C:\Users\Asus\AppData\Local\Programs\MiKTeX 2.9\tex/latex/graphics-cfg\graphi
cs.cfg"
File: graphics.cfg 2016/06/04 v1.11 sample graphics configuration
)
Package graphics Info: Driver file: pdftex.def on input line 105.

("C:\Users\Asus\AppData\Local\Programs\MiKTeX 2.9\tex/latex/graphics-def\pdftex
.def"
File: pdftex.def 2018/01/08 v1.0l Graphics/color driver for pdftex
))
\Gin@req@height=\dimen103
\Gin@req@width=\dimen104
)

LaTeX Warning: Unused global option(s):
    [timesnewroman].

((Excle)AriqRafiKusumah_1184076.aux)
\openout1 = `(Excle)AriqRafiKusumah_1184076.aux'.

LaTeX Font Info:    Checking defaults for OML/cmm/m/it on input line 9.
LaTeX Font Info:    ... okay on input line 9.
LaTeX Font Info:    Checking defaults for T1/cmr/m/n on input line 9.
LaTeX Font Info:    ... okay on input line 9.
LaTeX Font Info:    Checking defaults for OT1/cmr/m/n on input line 9.
LaTeX Font Info:    ... okay on input line 9.
LaTeX Font Info:    Checking defaults for OMS/cmsy/m/n on input line 9.
LaTeX Font Info:    ... okay on input line 9.
LaTeX Font Info:    Checking defaults for OMX/cmex/m/n on input line 9.
LaTeX Font Info:    ... okay on input line 9.
LaTeX Font Info:    Checking defaults for U/cmr/m/n on input line 9.
LaTeX Font Info:    ... okay on input line 9.

("C:\Users\Asus\AppData\Local\Programs\MiKTeX 2.9\tex/context/base/mkii\supp-pd
f.mkii"
[Loading MPS to PDF converter (version 2006.09.02).]
\scratchcounter=\count88
\scratchdimen=\dimen105
\scratchbox=\box27
\nofMPsegments=\count89
\nofMParguments=\count90
\everyMPshowfont=\toks17
\MPscratchCnt=\count91
\MPscratchDim=\dimen106
\MPnumerator=\count92
\makeMPintoPDFobject=\count93
\everyMPtoPDFconversion=\toks18
)
("C:\Users\Asus\AppData\Local\Programs\MiKTeX 2.9\tex/latex/oberdiek\epstopdf-b
ase.sty"
Package: epstopdf-base 2016/05/15 v2.6 Base part for package epstopdf

("C:\Users\Asus\AppData\Local\Programs\MiKTeX 2.9\tex/generic/oberdiek\infwarer
r.sty"
Package: infwarerr 2016/05/16 v1.4 Providing info/warning/error messages (HO)
)
("C:\Users\Asus\AppData\Local\Programs\MiKTeX 2.9\tex/latex/oberdiek\grfext.sty
"
Package: grfext 2016/05/16 v1.2 Manage graphics extensions (HO)

("C:\Users\Asus\AppData\Local\Programs\MiKTeX 2.9\tex/generic/oberdiek\kvdefine
keys.sty"
Package: kvdefinekeys 2016/05/16 v1.4 Define keys (HO)

("C:\Users\Asus\AppData\Local\Programs\MiKTeX 2.9\tex/generic/oberdiek\ltxcmds.
sty"
Package: ltxcmds 2016/05/16 v1.23 LaTeX kernel commands for general use (HO)
)))
("C:\Users\Asus\AppData\Local\Programs\MiKTeX 2.9\tex/latex/oberdiek\kvoptions.
sty"
Package: kvoptions 2016/05/16 v3.12 Key value format for package options (HO)

("C:\Users\Asus\AppData\Local\Programs\MiKTeX 2.9\tex/generic/oberdiek\kvsetkey
s.sty"
Package: kvsetkeys 2016/05/16 v1.17 Key value parser (HO)

("C:\Users\Asus\AppData\Local\Programs\MiKTeX 2.9\tex/generic/oberdiek\etexcmds
.sty"
Package: etexcmds 2016/05/16 v1.6 Avoid name clashes with e-TeX commands (HO)

("C:\Users\Asus\AppData\Local\Programs\MiKTeX 2.9\tex/generic/oberdiek\ifluatex
.sty"
Package: ifluatex 2016/05/16 v1.4 Provides the ifluatex switch (HO)
Package ifluatex Info: LuaTeX not detected.
))))
("C:\Users\Asus\AppData\Local\Programs\MiKTeX 2.9\tex/generic/oberdiek\pdftexcm
ds.sty"
Package: pdftexcmds 2019/07/25 v0.30 Utility functions of pdfTeX for LuaTeX (HO
)

("C:\Users\Asus\AppData\Local\Programs\MiKTeX 2.9\tex/generic/oberdiek\ifpdf.st
y"
Package: ifpdf 2018/09/07 v3.3 Provides the ifpdf switch
)
Package pdftexcmds Info: LuaTeX not detected.
Package pdftexcmds Info: \pdf@primitive is available.
Package pdftexcmds Info: \pdf@ifprimitive is available.
Package pdftexcmds Info: \pdfdraftmode found.
)
Package epstopdf-base Info: Redefining graphics rule for `.eps' on input line 4
38.
Package grfext Info: Graphics extension search list:
(grfext)             [.pdf,.png,.jpg,.mps,.jpeg,.jbig2,.jb2,.PDF,.PNG,.JPG,.JPE
G,.JBIG2,.JB2,.eps]
(grfext)             \AppendGraphicsExtensions on input line 456.
)
LaTeX Font Info:    External font `cmex10' loaded for size
(Font)              <14.4> on input line 11.
LaTeX Font Info:    External font `cmex10' loaded for size
(Font)              <7> on input line 11.
<Gambar/Capture1.png, id=1, 1156.32pt x 650.43pt>
File: Gambar/Capture1.png Graphic file (type png)
<use Gambar/Capture1.png>
Package pdftex.def Info: Gambar/Capture1.png  used on input line 18.
(pdftex.def)             Requested size: 231.2599pt x 130.0837pt.
LaTeX Font Info:    Trying to load font information for OMS+cmr on input line 1
9.
 ("C:\Users\Asus\AppData\Local\Programs\MiKTeX 2.9\tex/latex/base\omscmr.fd"
File: omscmr.fd 2014/09/29 v2.5h Standard LaTeX font definitions
)
LaTeX Font Info:    Font shape `OMS/cmr/m/n' in size <12> not available
(Font)              Font shape `OMS/cmsy/m/n' tried instead on input line 19.
<Gambar/Capture2.png, id=3, 1156.32pt x 650.43pt>
File: Gambar/Capture2.png Graphic file (type png)
<use Gambar/Capture2.png>
Package pdftex.def Info: Gambar/Capture2.png  used on input line 24.
(pdftex.def)             Requested size: 231.2599pt x 130.0837pt.

Underfull \hbox (badness 10000) in paragraph at lines 21--29

 []


Underfull \hbox (badness 10000) in paragraph at lines 21--29

 []

[1

{C:/Users/Asus/AppData/Local/MiKTeX/2.9/pdftex/config/pdftex.map} <./Gambar/Cap
ture1.png> <./Gambar/Capture2.png>]
<Gambar/Capture3.png, id=14, 1156.32pt x 650.43pt>
File: Gambar/Capture3.png Graphic file (type png)
<use Gambar/Capture3.png>
Package pdftex.def Info: Gambar/Capture3.png  used on input line 32.
(pdftex.def)             Requested size: 231.2599pt x 130.0837pt.
<Gambar/Capture4.png, id=15, 1156.32pt x 650.43pt>
File: Gambar/Capture4.png Graphic file (type png)
<use Gambar/Capture4.png>
Package pdftex.def Info: Gambar/Capture4.png  used on input line 38.
(pdftex.def)             Requested size: 231.2599pt x 130.0837pt.

Underfull \hbox (badness 10000) in paragraph at lines 35--52

 []


Underfull \hbox (badness 10000) in paragraph at lines 35--52

 []


Underfull \hbox (badness 10000) in paragraph at lines 35--52

 []


Underfull \hbox (badness 10000) in paragraph at lines 35--52

 []


Underfull \hbox (badness 10000) in paragraph at lines 35--52

 []


Underfull \hbox (badness 10000) in paragraph at lines 35--52

 []


Underfull \hbox (badness 10000) in paragraph at lines 35--52

 []


Underfull \hbox (badness 10000) in paragraph at lines 35--52

 []


Underfull \hbox (badness 10000) in paragraph at lines 35--52

 []


Underfull \hbox (badness 10000) in paragraph at lines 35--52

 []


Underfull \hbox (badness 10000) in paragraph at lines 35--52

 []

<Gambar/Capture5.png, id=16, 1156.32pt x 650.43pt>
File: Gambar/Capture5.png Graphic file (type png)
<use Gambar/Capture5.png>
Package pdftex.def Info: Gambar/Capture5.png  used on input line 55.
(pdftex.def)             Requested size: 231.2599pt x 130.0837pt.
[2 <./Gambar/Capture3.png> <./Gambar/Capture4.png>]
<Gambar/Capture6.png, id=22, 1156.32pt x 650.43pt>
File: Gambar/Capture6.png Graphic file (type png)
<use Gambar/Capture6.png>
Package pdftex.def Info: Gambar/Capture6.png  used on input line 61.
(pdftex.def)             Requested size: 231.2599pt x 130.0837pt.

Underfull \hbox (badness 10000) in paragraph at lines 58--77

 []


Underfull \hbox (badness 10000) in paragraph at lines 58--77

 []


Underfull \hbox (badness 10000) in paragraph at lines 58--77

 []


Underfull \hbox (badness 10000) in paragraph at lines 58--77

 []


Underfull \hbox (badness 10000) in paragraph at lines 58--77

 []


Underfull \hbox (badness 10000) in paragraph at lines 58--77

 []


Underfull \hbox (badness 10000) in paragraph at lines 58--77

 []


Underfull \hbox (badness 10000) in paragraph at lines 58--77

 []


Underfull \hbox (badness 10000) in paragraph at lines 58--77

 []


Underfull \hbox (badness 10000) in paragraph at lines 58--77

 []


Underfull \hbox (badness 10000) in paragraph at lines 58--77

 []


Underfull \hbox (badness 10000) in paragraph at lines 58--77

 []


Underfull \hbox (badness 10000) in paragraph at lines 58--77

 []

<Gambar/Capture7.png, id=23, 1156.32pt x 650.43pt>
File: Gambar/Capture7.png Graphic file (type png)
<use Gambar/Capture7.png>
Package pdftex.def Info: Gambar/Capture7.png  used on input line 80.
(pdftex.def)             Requested size: 231.2599pt x 130.0837pt.
[3 <./Gambar/Capture5.png> <./Gambar/Capture6.png>]
<Gambar/Capture8.png, id=29, 1156.32pt x 650.43pt>
File: Gambar/Capture8.png Graphic file (type png)
<use Gambar/Capture8.png>
Package pdftex.def Info: Gambar/Capture8.png  used on input line 86.
(pdftex.def)             Requested size: 231.2599pt x 130.0837pt.

Underfull \hbox (badness 10000) in paragraph at lines 83--102

 []


Underfull \hbox (badness 10000) in paragraph at lines 83--102

 []


Underfull \hbox (badness 10000) in paragraph at lines 83--102

 []


Underfull \hbox (badness 10000) in paragraph at lines 83--102

 []


Underfull \hbox (badness 10000) in paragraph at lines 83--102

 []


Underfull \hbox (badness 10000) in paragraph at lines 83--102

 []


Underfull \hbox (badness 10000) in paragraph at lines 83--102

 []


Underfull \hbox (badness 10000) in paragraph at lines 83--102

 []


Underfull \hbox (badness 10000) in paragraph at lines 83--102

 []


Underfull \hbox (badness 10000) in paragraph at lines 83--102

 []


Underfull \hbox (badness 10000) in paragraph at lines 83--102

 []


Underfull \hbox (badness 10000) in paragraph at lines 83--102

 []


Underfull \hbox (badness 10000) in paragraph at lines 83--102

 []

<Gambar/Capture9.png, id=30, 1156.32pt x 650.43pt>
File: Gambar/Capture9.png Graphic file (type png)
<use Gambar/Capture9.png>
Package pdftex.def Info: Gambar/Capture9.png  used on input line 105.
(pdftex.def)             Requested size: 231.2599pt x 130.0837pt.
[4 <./Gambar/Capture7.png> <./Gambar/Capture8.png>]
<Gambar/Capture10.png, id=36, 1156.32pt x 650.43pt>
File: Gambar/Capture10.png Graphic file (type png)
<use Gambar/Capture10.png>
Package pdftex.def Info: Gambar/Capture10.png  used on input line 111.
(pdftex.def)             Requested size: 231.2599pt x 130.0837pt.

Underfull \hbox (badness 10000) in paragraph at lines 108--126

 []


Underfull \hbox (badness 10000) in paragraph at lines 108--126

 []


Underfull \hbox (badness 10000) in paragraph at lines 108--126

 []


Underfull \hbox (badness 10000) in paragraph at lines 108--126

 []


Underfull \hbox (badness 10000) in paragraph at lines 108--126

 []


Underfull \hbox (badness 10000) in paragraph at lines 108--126

 []


Underfull \hbox (badness 10000) in paragraph at lines 108--126

 []


Underfull \hbox (badness 10000) in paragraph at lines 108--126

 []


Underfull \hbox (badness 10000) in paragraph at lines 108--126

 []


Underfull \hbox (badness 10000) in paragraph at lines 108--126

 []


Underfull \hbox (badness 10000) in paragraph at lines 108--126

 []


Underfull \hbox (badness 10000) in paragraph at lines 108--126

 []

<Gambar/Capture11.png, id=37, 1156.32pt x 650.43pt>
File: Gambar/Capture11.png Graphic file (type png)
<use Gambar/Capture11.png>
Package pdftex.def Info: Gambar/Capture11.png  used on input line 129.
(pdftex.def)             Requested size: 231.2599pt x 130.0837pt.
[5 <./Gambar/Capture9.png> <./Gambar/Capture10.png>]
<Gambar/Capture12.png, id=43, 1156.32pt x 650.43pt>
File: Gambar/Capture12.png Graphic file (type png)
<use Gambar/Capture12.png>
Package pdftex.def Info: Gambar/Capture12.png  used on input line 135.
(pdftex.def)             Requested size: 231.2599pt x 130.0837pt.

Underfull \hbox (badness 10000) in paragraph at lines 132--151

 []


Underfull \hbox (badness 10000) in paragraph at lines 132--151

 []


Underfull \hbox (badness 10000) in paragraph at lines 132--151

 []


Underfull \hbox (badness 10000) in paragraph at lines 132--151

 []


Underfull \hbox (badness 10000) in paragraph at lines 132--151

 []


Underfull \hbox (badness 10000) in paragraph at lines 132--151

 []


Underfull \hbox (badness 10000) in paragraph at lines 132--151

 []


Underfull \hbox (badness 10000) in paragraph at lines 132--151

 []


Underfull \hbox (badness 10000) in paragraph at lines 132--151

 []


Underfull \hbox (badness 10000) in paragraph at lines 132--151

 []


Underfull \hbox (badness 10000) in paragraph at lines 132--151

 []


Underfull \hbox (badness 10000) in paragraph at lines 132--151

 []


Underfull \hbox (badness 10000) in paragraph at lines 132--151

 []

<Gambar/Capture13.png, id=44, 1156.32pt x 650.43pt>
File: Gambar/Capture13.png Graphic file (type png)
<use Gambar/Capture13.png>
Package pdftex.def Info: Gambar/Capture13.png  used on input line 154.
(pdftex.def)             Requested size: 231.2599pt x 130.0837pt.
[6 <./Gambar/Capture11.png> <./Gambar/Capture12.png>]
<Gambar/Capture14.png, id=50, 1156.32pt x 650.43pt>
File: Gambar/Capture14.png Graphic file (type png)
<use Gambar/Capture14.png>
Package pdftex.def Info: Gambar/Capture14.png  used on input line 160.
(pdftex.def)             Requested size: 231.2599pt x 130.0837pt.

Underfull \hbox (badness 10000) in paragraph at lines 157--176

 []


Underfull \hbox (badness 10000) in paragraph at lines 157--176

 []


Underfull \hbox (badness 10000) in paragraph at lines 157--176

 []


Underfull \hbox (badness 10000) in paragraph at lines 157--176

 []


Underfull \hbox (badness 10000) in paragraph at lines 157--176

 []


Underfull \hbox (badness 10000) in paragraph at lines 157--176

 []


Underfull \hbox (badness 10000) in paragraph at lines 157--176

 []


Underfull \hbox (badness 10000) in paragraph at lines 157--176

 []


Underfull \hbox (badness 10000) in paragraph at lines 157--176

 []


Underfull \hbox (badness 10000) in paragraph at lines 157--176

 []


Underfull \hbox (badness 10000) in paragraph at lines 157--176

 []


Underfull \hbox (badness 10000) in paragraph at lines 157--176

 []


Underfull \hbox (badness 10000) in paragraph at lines 157--176

 []

<Gambar/Capture15.png, id=51, 1156.32pt x 650.43pt>
File: Gambar/Capture15.png Graphic file (type png)
<use Gambar/Capture15.png>
Package pdftex.def Info: Gambar/Capture15.png  used on input line 179.
(pdftex.def)             Requested size: 231.2599pt x 130.0837pt.
[7 <./Gambar/Capture13.png> <./Gambar/Capture14.png>]
<Gambar/Capture16.png, id=58, 1156.32pt x 650.43pt>
File: Gambar/Capture16.png Graphic file (type png)
<use Gambar/Capture16.png>
Package pdftex.def Info: Gambar/Capture16.png  used on input line 185.
(pdftex.def)             Requested size: 231.2599pt x 130.0837pt.

Underfull \hbox (badness 10000) in paragraph at lines 182--201

 []


Underfull \hbox (badness 10000) in paragraph at lines 182--201

 []


Underfull \hbox (badness 10000) in paragraph at lines 182--201

 []


Underfull \hbox (badness 10000) in paragraph at lines 182--201

 []


Underfull \hbox (badness 10000) in paragraph at lines 182--201

 []


Underfull \hbox (badness 10000) in paragraph at lines 182--201

 []


Underfull \hbox (badness 10000) in paragraph at lines 182--201

 []


Underfull \hbox (badness 10000) in paragraph at lines 182--201

 []


Underfull \hbox (badness 10000) in paragraph at lines 182--201

 []


Underfull \hbox (badness 10000) in paragraph at lines 182--201

 []


Underfull \hbox (badness 10000) in paragraph at lines 182--201

 []


Underfull \hbox (badness 10000) in paragraph at lines 182--201

 []


Underfull \hbox (badness 10000) in paragraph at lines 182--201

 []

<Gambar/Capture17.png, id=59, 1156.32pt x 650.43pt>
File: Gambar/Capture17.png Graphic file (type png)
<use Gambar/Capture17.png>
Package pdftex.def Info: Gambar/Capture17.png  used on input line 204.
(pdftex.def)             Requested size: 231.2599pt x 130.0837pt.
[8 <./Gambar/Capture15.png> <./Gambar/Capture16.png>] [9 <./Gambar/Capture17.pn
g>] ((Excle)AriqRafiKusumah_1184076.aux) ) 
Here is how much of TeX's memory you used:
 1624 strings out of 492452
 25498 string characters out of 3120530
 85597 words of memory out of 3000000
 5977 multiletter control sequences out of 15000+200000
 6320 words of font info for 23 fonts, out of 3000000 for 9000
 1141 hyphenation exceptions out of 8191
 46i,7n,30p,299b,311s stack positions out of 5000i,500n,10000p,200000b,50000s
<C:/Users/Asus/AppData/Local/Programs
/MiKTeX 2.9/fonts/type1/public/amsfonts/cm/cmbx12.pfb><C:/Users/Asus/AppData/Lo
cal/Programs/MiKTeX 2.9/fonts/type1/public/amsfonts/cm/cmr12.pfb><C:/Users/Asus
/AppData/Local/Programs/MiKTeX 2.9/fonts/type1/public/amsfonts/cm/cmr17.pfb><C:
/Users/Asus/AppData/Local/Programs/MiKTeX 2.9/fonts/type1/public/amsfonts/cm/cm
sy10.pfb>
Output written on (Excle)AriqRafiKusumah_1184076.pdf (9 pages, 3084214 bytes).
PDF statistics:
 83 PDF objects out of 1000 (max. 8388607)
 0 named destinations out of 1000 (max. 500000)
 86 words of extra memory for PDF output out of 10000 (max. 10000000)

