This is pdfTeX, Version 3.14159265-2.6-1.40.20 (MiKTeX 2.9.7200 64-bit) (preloaded format=pdflatex 2019.10.11)  1 NOV 2019 20:01
entering extended mode
**./Tugas.tex
(Tugas.tex
LaTeX2e <2019-10-01>
("C:\Program Files\MiKTeX 2.9\tex/latex\base\article.cls"
Document Class: article 2019/08/27 v1.4j Standard LaTeX document class
("C:\Program Files\MiKTeX 2.9\tex/latex\base\size12.clo"
File: size12.clo 2019/08/27 v1.4j Standard LaTeX file (size option)
)
\c@part=\count80
\c@section=\count81
\c@subsection=\count82
\c@subsubsection=\count83
\c@paragraph=\count84
\c@subparagraph=\count85
\c@figure=\count86
\c@table=\count87
\abovecaptionskip=\skip41
\belowcaptionskip=\skip42
\bibindent=\dimen102
)
("C:\Program Files\MiKTeX 2.9\tex/latex\graphics\graphicx.sty"
Package: graphicx 2017/06/01 v1.1a Enhanced LaTeX Graphics (DPC,SPQR)

("C:\Program Files\MiKTeX 2.9\tex/latex\graphics\keyval.sty"
Package: keyval 2014/10/28 v1.15 key=value parser (DPC)
\KV@toks@=\toks14
)
("C:\Program Files\MiKTeX 2.9\tex/latex\graphics\graphics.sty"
Package: graphics 2019/07/20 v1.3b Standard LaTeX Graphics (DPC,SPQR)

("C:\Program Files\MiKTeX 2.9\tex/latex\graphics\trig.sty"
Package: trig 2016/01/03 v1.10 sin cos tan (DPC)
)
("C:\Program Files\MiKTeX 2.9\tex/latex\graphics-cfg\graphics.cfg"
File: graphics.cfg 2016/06/04 v1.11 sample graphics configuration
)
Package graphics Info: Driver file: pdftex.def on input line 105.

("C:\Program Files\MiKTeX 2.9\tex/latex\graphics-def\pdftex.def"
File: pdftex.def 2018/01/08 v1.0l Graphics/color driver for pdftex
))
\Gin@req@height=\dimen103
\Gin@req@width=\dimen104
)
("D:\APK\\MiKTeX 2.9\tex/latex/caption\caption.sty"
Package: caption 2019/09/01 v3.3d Customizing captions (AR)

("D:\APK\\MiKTeX 2.9\tex/latex/caption\caption3.sty"
Package: caption3 2019/09/01 v1.8d caption3 kernel (AR)
Package caption3 Info: TeX engine: e-TeX on input line 64.
\captionmargin=\dimen105
\captionmargin@=\dimen106
\captionwidth=\dimen107
\caption@tempdima=\dimen108
\caption@indent=\dimen109
\caption@parindent=\dimen110
\caption@hangindent=\dimen111
)
\c@caption@flags=\count88
\c@ContinuedFloat=\count89
)

LaTeX Warning: Unused global option(s):
    [timesnewsroman].

(Tugas.aux)
\openout1 = `Tugas.aux'.

LaTeX Font Info:    Checking defaults for OML/cmm/m/it on input line 5.
LaTeX Font Info:    ... okay on input line 5.
LaTeX Font Info:    Checking defaults for T1/cmr/m/n on input line 5.
LaTeX Font Info:    ... okay on input line 5.
LaTeX Font Info:    Checking defaults for OT1/cmr/m/n on input line 5.
LaTeX Font Info:    ... okay on input line 5.
LaTeX Font Info:    Checking defaults for OMS/cmsy/m/n on input line 5.
LaTeX Font Info:    ... okay on input line 5.
LaTeX Font Info:    Checking defaults for OMX/cmex/m/n on input line 5.
LaTeX Font Info:    ... okay on input line 5.
LaTeX Font Info:    Checking defaults for U/cmr/m/n on input line 5.
LaTeX Font Info:    ... okay on input line 5.
 ("D:\APK\\MiKTeX 2.9\tex/context/base/mkii\supp-pdf.mkii"
[Loading MPS to PDF converter (version 2006.09.02).]
\scratchcounter=\count90
\scratchdimen=\dimen112
\scratchbox=\box27
\nofMPsegments=\count91
\nofMParguments=\count92
\everyMPshowfont=\toks15
\MPscratchCnt=\count93
\MPscratchDim=\dimen113
\MPnumerator=\count94
\makeMPintoPDFobject=\count95
\everyMPtoPDFconversion=\toks16
) ("C:\Program Files\MiKTeX 2.9\tex/latex\oberdiek\epstopdf-base.sty"
Package: epstopdf-base 2016/05/15 v2.6 Base part for package epstopdf

("C:\Program Files\MiKTeX 2.9\tex/generic\oberdiek\infwarerr.sty"
Package: infwarerr 2016/05/16 v1.4 Providing info/warning/error messages (HO)
)
("C:\Program Files\MiKTeX 2.9\tex/latex\oberdiek\grfext.sty"
Package: grfext 2016/05/16 v1.2 Manage graphics extensions (HO)

("C:\Program Files\MiKTeX 2.9\tex/generic\oberdiek\kvdefinekeys.sty"
Package: kvdefinekeys 2016/05/16 v1.4 Define keys (HO)

("C:\Program Files\MiKTeX 2.9\tex/generic\oberdiek\ltxcmds.sty"
Package: ltxcmds 2016/05/16 v1.23 LaTeX kernel commands for general use (HO)
)))
("C:\Program Files\MiKTeX 2.9\tex/latex\oberdiek\kvoptions.sty"
Package: kvoptions 2016/05/16 v3.12 Key value format for package options (HO)

("C:\Program Files\MiKTeX 2.9\tex/generic\oberdiek\kvsetkeys.sty"
Package: kvsetkeys 2016/05/16 v1.17 Key value parser (HO)

("C:\Program Files\MiKTeX 2.9\tex/generic\oberdiek\etexcmds.sty"
Package: etexcmds 2016/05/16 v1.6 Avoid name clashes with e-TeX commands (HO)

("C:\Program Files\MiKTeX 2.9\tex/generic\oberdiek\ifluatex.sty"
Package: ifluatex 2016/05/16 v1.4 Provides the ifluatex switch (HO)
Package ifluatex Info: LuaTeX not detected.
))))
("C:\Program Files\MiKTeX 2.9\tex/generic\oberdiek\pdftexcmds.sty"
Package: pdftexcmds 2019/07/25 v0.30 Utility functions of pdfTeX for LuaTeX (HO
)

("C:\Program Files\MiKTeX 2.9\tex/generic\oberdiek\ifpdf.sty"
Package: ifpdf 2018/09/07 v3.3 Provides the ifpdf switch
)
Package pdftexcmds Info: LuaTeX not detected.
Package pdftexcmds Info: \pdf@primitive is available.
Package pdftexcmds Info: \pdf@ifprimitive is available.
Package pdftexcmds Info: \pdfdraftmode found.
)
Package epstopdf-base Info: Redefining graphics rule for `.eps' on input line 4
38.
Package grfext Info: Graphics extension search list:
(grfext)             [.pdf,.png,.jpg,.mps,.jpeg,.jbig2,.jb2,.PDF,.PNG,.JPG,.JPE
G,.JBIG2,.JB2,.eps]
(grfext)             \AppendGraphicsExtensions on input line 456.
)
Package caption Info: Begin \AtBeginDocument code.
Package caption Info: End \AtBeginDocument code.
<Gambar.png, id=1, 1028.34187pt x 578.16pt>
File: Gambar.png Graphic file (type png)
<use Gambar.png>
Package pdftex.def Info: Gambar.png  used on input line 23.
(pdftex.def)             Requested size: 341.43306pt x 191.9667pt.
LaTeX Font Info:    External font `cmex10' loaded for size
(Font)              <12> on input line 25.
LaTeX Font Info:    External font `cmex10' loaded for size
(Font)              <8> on input line 25.
LaTeX Font Info:    External font `cmex10' loaded for size
(Font)              <6> on input line 25.

Overfull \hbox (17.62482pt too wide) in paragraph at lines 21--26
[]$[]$ 
 []

<Gambar2.png, id=3, 1028.34187pt x 578.16pt>
File: Gambar2.png Graphic file (type png)
<use Gambar2.png>
Package pdftex.def Info: Gambar2.png  used on input line 29.
(pdftex.def)             Requested size: 341.43306pt x 191.9667pt.

Overfull \hbox (17.62482pt too wide) in paragraph at lines 27--32
[]$[]$ 
 []

[1

{C:/Users/ASUS/AppData/Local/MiKTeX/2.9/pdftex/config/pdftex.map} <./Gambar.png
>]
<Gambar3.png, id=12, 1028.34187pt x 555.57562pt>
File: Gambar3.png Graphic file (type png)
<use Gambar3.png>
Package pdftex.def Info: Gambar3.png  used on input line 35.
(pdftex.def)             Requested size: 341.43306pt x 184.468pt.

Overfull \hbox (17.62482pt too wide) in paragraph at lines 33--38
[]$[]$ 
 []

<Gambar4.png, id=13, 1023.825pt x 576.65437pt>
File: Gambar4.png Graphic file (type png)
<use Gambar4.png>
Package pdftex.def Info: Gambar4.png  used on input line 41.
(pdftex.def)             Requested size: 341.43306pt x 192.3027pt.

Overfull \hbox (17.62482pt too wide) in paragraph at lines 39--44
[]$[]$ 
 []

[2 <./Gambar2.png> <./Gambar3.png>]
<Gambar5.png, id=19, 1028.34187pt x 555.57562pt>
File: Gambar5.png Graphic file (type png)
<use Gambar5.png>
Package pdftex.def Info: Gambar5.png  used on input line 47.
(pdftex.def)             Requested size: 341.43306pt x 184.468pt.

Overfull \hbox (17.62482pt too wide) in paragraph at lines 45--50
[]$[]$ 
 []

<Gambar6.png, id=20, 1028.34187pt x 578.16pt>
File: Gambar6.png Graphic file (type png)
<use Gambar6.png>
Package pdftex.def Info: Gambar6.png  used on input line 53.
(pdftex.def)             Requested size: 341.43306pt x 191.9667pt.

Overfull \hbox (17.62482pt too wide) in paragraph at lines 51--56
[]$[]$ 
 []

[3 <./Gambar4.png> <./Gambar5.png>]
<Gambar7.png, id=26, 1028.34187pt x 578.16pt>
File: Gambar7.png Graphic file (type png)
<use Gambar7.png>
Package pdftex.def Info: Gambar7.png  used on input line 59.
(pdftex.def)             Requested size: 341.43306pt x 191.9667pt.

Overfull \hbox (17.62482pt too wide) in paragraph at lines 57--62
[]$[]$ 
 []

<Gambar8.png, id=27, 1028.34187pt x 578.16pt>
File: Gambar8.png Graphic file (type png)
<use Gambar8.png>
Package pdftex.def Info: Gambar8.png  used on input line 65.
(pdftex.def)             Requested size: 341.43306pt x 191.9667pt.

Overfull \hbox (17.62482pt too wide) in paragraph at lines 63--68
[]$[]$ 
 []

[4 <./Gambar6.png> <./Gambar7.png>]
<Gambar9.png, id=33, 1028.34187pt x 578.16pt>
File: Gambar9.png Graphic file (type png)
<use Gambar9.png>
Package pdftex.def Info: Gambar9.png  used on input line 71.
(pdftex.def)             Requested size: 341.43306pt x 191.9667pt.

Overfull \hbox (17.62482pt too wide) in paragraph at lines 69--74
[]$[]$ 
 []

<Gambar10.png, id=34, 1028.34187pt x 578.16pt>
File: Gambar10.png Graphic file (type png)
<use Gambar10.png>
Package pdftex.def Info: Gambar10.png  used on input line 77.
(pdftex.def)             Requested size: 341.43306pt x 191.9667pt.

Overfull \hbox (17.62482pt too wide) in paragraph at lines 75--80
[]$[]$ 
 []

[5 <./Gambar8.png> <./Gambar9.png>]
<Gambar11.png, id=40, 1028.34187pt x 578.16pt>
File: Gambar11.png Graphic file (type png)
<use Gambar11.png>
Package pdftex.def Info: Gambar11.png  used on input line 83.
(pdftex.def)             Requested size: 341.43306pt x 191.9667pt.

Overfull \hbox (17.62482pt too wide) in paragraph at lines 81--86
[]$[]$ 
 []

<Gambar12.png, id=41, 1028.34187pt x 578.16pt>
File: Gambar12.png Graphic file (type png)
<use Gambar12.png>
Package pdftex.def Info: Gambar12.png  used on input line 89.
(pdftex.def)             Requested size: 341.43306pt x 191.9667pt.

Overfull \hbox (17.62482pt too wide) in paragraph at lines 87--92
[]$[]$ 
 []

[6 <./Gambar10.png> <./Gambar11.png>] [7 <./Gambar12.png>] (Tugas.aux) ) 
Here is how much of TeX's memory you used:
 2663 strings out of 492452
 41918 string characters out of 3129810
 105740 words of memory out of 3000000
 7016 multiletter control sequences out of 15000+200000
 7281 words of font info for 26 fonts, out of 3000000 for 9000
 1141 hyphenation exceptions out of 8191
 46i,6n,42p,276b,226s stack positions out of 5000i,500n,10000p,200000b,50000s
<C:/Pro
gram Files/MiKTeX 2.9/fonts/type1/public/amsfonts/cm/cmbx12.pfb><C:/Program Fil
es/MiKTeX 2.9/fonts/type1/public/amsfonts/cm/cmr12.pfb><C:/Program Files/MiKTeX
 2.9/fonts/type1/public/amsfonts/cm/cmr17.pfb>
Output written on Tugas.pdf (7 pages, 693694 bytes).
PDF statistics:
 63 PDF objects out of 1000 (max. 8388607)
 0 named destinations out of 1000 (max. 500000)
 61 words of extra memory for PDF output out of 10000 (max. 10000000)

